[0.165s] DEBUG:colcon:Command line arguments: ['/usr/bin/colcon', 'build']
[0.166s] DEBUG:colcon:Parsed command line arguments: Namespace(log_base=None, log_level=None, verb_name='build', build_base='build', install_base='install', merge_install=False, symlink_install=False, test_result_base=None, continue_on_error=False, executor='parallel', parallel_workers=4, event_handlers=None, ignore_user_meta=False, metas=['./colcon.meta'], base_paths=['.'], packages_ignore=None, packages_ignore_regex=None, paths=None, packages_up_to=None, packages_up_to_regex=None, packages_above=None, packages_above_and_dependencies=None, packages_above_depth=None, packages_select_by_dep=None, packages_skip_by_dep=None, packages_skip_up_to=None, packages_select_build_failed=False, packages_skip_build_finished=False, packages_select_test_failures=False, packages_skip_test_passed=False, packages_select=None, packages_skip=None, packages_select_regex=None, packages_skip_regex=None, packages_start=None, packages_end=None, allow_overriding=[], cmake_args=None, cmake_target=None, cmake_target_skip_unavailable=False, cmake_clean_cache=False, cmake_clean_first=False, cmake_force_configure=False, ament_cmake_args=None, catkin_cmake_args=None, catkin_skip_building_tests=False, mixin_files=None, mixin=None, verb_parser=<colcon_mixin.mixin.mixin_argument.MixinArgumentDecorator object at 0xffff8b125d00>, verb_extension=<colcon_core.verb.build.BuildVerb object at 0xffff8b2db470>, main=<bound method BuildVerb.main of <colcon_core.verb.build.BuildVerb object at 0xffff8b2db470>>, mixin_verb=('build',))
[0.224s] Level 1:colcon.colcon_core.package_discovery:discover_packages(colcon_meta) check parameters
[0.225s] Level 1:colcon.colcon_core.package_discovery:discover_packages(recursive) check parameters
[0.225s] Level 1:colcon.colcon_core.package_discovery:discover_packages(ignore) check parameters
[0.225s] Level 1:colcon.colcon_core.package_discovery:discover_packages(path) check parameters
[0.225s] Level 1:colcon.colcon_core.package_discovery:discover_packages(colcon_meta) discover
[0.225s] Level 1:colcon.colcon_core.package_discovery:discover_packages(recursive) discover
[0.225s] INFO:colcon.colcon_core.package_discovery:Crawling recursively for packages in '/home/cam/ros2_ws/src'
[0.225s] Level 1:colcon.colcon_core.package_identification:_identify(.) by extensions ['ignore', 'ignore_ament_install']
[0.225s] Level 1:colcon.colcon_core.package_identification:_identify(.) by extension 'ignore'
[0.225s] Level 1:colcon.colcon_core.package_identification:_identify(.) by extension 'ignore_ament_install'
[0.225s] Level 1:colcon.colcon_core.package_identification:_identify(.) by extensions ['colcon_pkg']
[0.225s] Level 1:colcon.colcon_core.package_identification:_identify(.) by extension 'colcon_pkg'
[0.225s] Level 1:colcon.colcon_core.package_identification:_identify(.) by extensions ['colcon_meta']
[0.225s] Level 1:colcon.colcon_core.package_identification:_identify(.) by extension 'colcon_meta'
[0.225s] Level 1:colcon.colcon_core.package_identification:_identify(.) by extensions ['ros']
[0.225s] Level 1:colcon.colcon_core.package_identification:_identify(.) by extension 'ros'
[0.263s] Level 1:colcon.colcon_core.package_identification:_identify(.) by extensions ['cmake', 'python']
[0.263s] Level 1:colcon.colcon_core.package_identification:_identify(.) by extension 'cmake'
[0.264s] Level 1:colcon.colcon_core.package_identification:_identify(.) by extension 'python'
[0.264s] Level 1:colcon.colcon_core.package_identification:_identify(.) by extensions ['python_setup_py']
[0.264s] Level 1:colcon.colcon_core.package_identification:_identify(.) by extension 'python_setup_py'
[0.264s] Level 1:colcon.colcon_core.package_identification:_identify(build) by extensions ['ignore', 'ignore_ament_install']
[0.264s] Level 1:colcon.colcon_core.package_identification:_identify(build) by extension 'ignore'
[0.264s] Level 1:colcon.colcon_core.package_identification:_identify(build) ignored
[0.264s] Level 1:colcon.colcon_core.package_identification:_identify(install) by extensions ['ignore', 'ignore_ament_install']
[0.264s] Level 1:colcon.colcon_core.package_identification:_identify(install) by extension 'ignore'
[0.264s] Level 1:colcon.colcon_core.package_identification:_identify(install) ignored
[0.264s] Level 1:colcon.colcon_core.package_identification:_identify(log) by extensions ['ignore', 'ignore_ament_install']
[0.265s] Level 1:colcon.colcon_core.package_identification:_identify(log) by extension 'ignore'
[0.265s] Level 1:colcon.colcon_core.package_identification:_identify(log) ignored
[0.265s] Level 1:colcon.colcon_core.package_identification:_identify(micro-ROS-Agent) by extensions ['ignore', 'ignore_ament_install']
[0.265s] Level 1:colcon.colcon_core.package_identification:_identify(micro-ROS-Agent) by extension 'ignore'
[0.265s] Level 1:colcon.colcon_core.package_identification:_identify(micro-ROS-Agent) by extension 'ignore_ament_install'
[0.265s] Level 1:colcon.colcon_core.package_identification:_identify(micro-ROS-Agent) by extensions ['colcon_pkg']
[0.265s] Level 1:colcon.colcon_core.package_identification:_identify(micro-ROS-Agent) by extension 'colcon_pkg'
[0.265s] Level 1:colcon.colcon_core.package_identification:_identify(micro-ROS-Agent) by extensions ['colcon_meta']
[0.265s] Level 1:colcon.colcon_core.package_identification:_identify(micro-ROS-Agent) by extension 'colcon_meta'
[0.265s] Level 1:colcon.colcon_core.package_identification:_identify(micro-ROS-Agent) by extensions ['ros']
[0.265s] Level 1:colcon.colcon_core.package_identification:_identify(micro-ROS-Agent) by extension 'ros'
[0.265s] Level 1:colcon.colcon_core.package_identification:_identify(micro-ROS-Agent) by extensions ['cmake', 'python']
[0.265s] Level 1:colcon.colcon_core.package_identification:_identify(micro-ROS-Agent) by extension 'cmake'
[0.265s] Level 1:colcon.colcon_core.package_identification:_identify(micro-ROS-Agent) by extension 'python'
[0.265s] Level 1:colcon.colcon_core.package_identification:_identify(micro-ROS-Agent) by extensions ['python_setup_py']
[0.265s] Level 1:colcon.colcon_core.package_identification:_identify(micro-ROS-Agent) by extension 'python_setup_py'
[0.265s] Level 1:colcon.colcon_core.package_identification:_identify(micro-ROS-Agent/micro_ros_agent) by extensions ['ignore', 'ignore_ament_install']
[0.265s] Level 1:colcon.colcon_core.package_identification:_identify(micro-ROS-Agent/micro_ros_agent) by extension 'ignore'
[0.266s] Level 1:colcon.colcon_core.package_identification:_identify(micro-ROS-Agent/micro_ros_agent) by extension 'ignore_ament_install'
[0.266s] Level 1:colcon.colcon_core.package_identification:_identify(micro-ROS-Agent/micro_ros_agent) by extensions ['colcon_pkg']
[0.266s] Level 1:colcon.colcon_core.package_identification:_identify(micro-ROS-Agent/micro_ros_agent) by extension 'colcon_pkg'
[0.266s] Level 1:colcon.colcon_core.package_identification:_identify(micro-ROS-Agent/micro_ros_agent) by extensions ['colcon_meta']
[0.266s] Level 1:colcon.colcon_core.package_identification:_identify(micro-ROS-Agent/micro_ros_agent) by extension 'colcon_meta'
[0.266s] Level 1:colcon.colcon_core.package_identification:_identify(micro-ROS-Agent/micro_ros_agent) by extensions ['ros']
[0.266s] Level 1:colcon.colcon_core.package_identification:_identify(micro-ROS-Agent/micro_ros_agent) by extension 'ros'
[0.269s] DEBUG:colcon.colcon_core.package_identification:Package 'micro-ROS-Agent/micro_ros_agent' with type 'ros.ament_cmake' and name 'micro_ros_agent'
[0.269s] Level 1:colcon.colcon_core.package_identification:_identify(micro-ROS-Agent/snap) by extensions ['ignore', 'ignore_ament_install']
[0.269s] Level 1:colcon.colcon_core.package_identification:_identify(micro-ROS-Agent/snap) by extension 'ignore'
[0.270s] Level 1:colcon.colcon_core.package_identification:_identify(micro-ROS-Agent/snap) by extension 'ignore_ament_install'
[0.270s] Level 1:colcon.colcon_core.package_identification:_identify(micro-ROS-Agent/snap) by extensions ['colcon_pkg']
[0.270s] Level 1:colcon.colcon_core.package_identification:_identify(micro-ROS-Agent/snap) by extension 'colcon_pkg'
[0.270s] Level 1:colcon.colcon_core.package_identification:_identify(micro-ROS-Agent/snap) by extensions ['colcon_meta']
[0.270s] Level 1:colcon.colcon_core.package_identification:_identify(micro-ROS-Agent/snap) by extension 'colcon_meta'
[0.270s] Level 1:colcon.colcon_core.package_identification:_identify(micro-ROS-Agent/snap) by extensions ['ros']
[0.270s] Level 1:colcon.colcon_core.package_identification:_identify(micro-ROS-Agent/snap) by extension 'ros'
[0.270s] Level 1:colcon.colcon_core.package_identification:_identify(micro-ROS-Agent/snap) by extensions ['cmake', 'python']
[0.270s] Level 1:colcon.colcon_core.package_identification:_identify(micro-ROS-Agent/snap) by extension 'cmake'
[0.270s] Level 1:colcon.colcon_core.package_identification:_identify(micro-ROS-Agent/snap) by extension 'python'
[0.270s] Level 1:colcon.colcon_core.package_identification:_identify(micro-ROS-Agent/snap) by extensions ['python_setup_py']
[0.270s] Level 1:colcon.colcon_core.package_identification:_identify(micro-ROS-Agent/snap) by extension 'python_setup_py'
[0.270s] Level 1:colcon.colcon_core.package_identification:_identify(micro-ROS-Agent/snap/hooks) by extensions ['ignore', 'ignore_ament_install']
[0.270s] Level 1:colcon.colcon_core.package_identification:_identify(micro-ROS-Agent/snap/hooks) by extension 'ignore'
[0.270s] Level 1:colcon.colcon_core.package_identification:_identify(micro-ROS-Agent/snap/hooks) by extension 'ignore_ament_install'
[0.270s] Level 1:colcon.colcon_core.package_identification:_identify(micro-ROS-Agent/snap/hooks) by extensions ['colcon_pkg']
[0.270s] Level 1:colcon.colcon_core.package_identification:_identify(micro-ROS-Agent/snap/hooks) by extension 'colcon_pkg'
[0.270s] Level 1:colcon.colcon_core.package_identification:_identify(micro-ROS-Agent/snap/hooks) by extensions ['colcon_meta']
[0.271s] Level 1:colcon.colcon_core.package_identification:_identify(micro-ROS-Agent/snap/hooks) by extension 'colcon_meta'
[0.271s] Level 1:colcon.colcon_core.package_identification:_identify(micro-ROS-Agent/snap/hooks) by extensions ['ros']
[0.271s] Level 1:colcon.colcon_core.package_identification:_identify(micro-ROS-Agent/snap/hooks) by extension 'ros'
[0.271s] Level 1:colcon.colcon_core.package_identification:_identify(micro-ROS-Agent/snap/hooks) by extensions ['cmake', 'python']
[0.271s] Level 1:colcon.colcon_core.package_identification:_identify(micro-ROS-Agent/snap/hooks) by extension 'cmake'
[0.271s] Level 1:colcon.colcon_core.package_identification:_identify(micro-ROS-Agent/snap/hooks) by extension 'python'
[0.271s] Level 1:colcon.colcon_core.package_identification:_identify(micro-ROS-Agent/snap/hooks) by extensions ['python_setup_py']
[0.271s] Level 1:colcon.colcon_core.package_identification:_identify(micro-ROS-Agent/snap/hooks) by extension 'python_setup_py'
[0.271s] Level 1:colcon.colcon_core.package_identification:_identify(micro-ROS-Agent/snap/local) by extensions ['ignore', 'ignore_ament_install']
[0.271s] Level 1:colcon.colcon_core.package_identification:_identify(micro-ROS-Agent/snap/local) by extension 'ignore'
[0.271s] Level 1:colcon.colcon_core.package_identification:_identify(micro-ROS-Agent/snap/local) by extension 'ignore_ament_install'
[0.271s] Level 1:colcon.colcon_core.package_identification:_identify(micro-ROS-Agent/snap/local) by extensions ['colcon_pkg']
[0.271s] Level 1:colcon.colcon_core.package_identification:_identify(micro-ROS-Agent/snap/local) by extension 'colcon_pkg'
[0.271s] Level 1:colcon.colcon_core.package_identification:_identify(micro-ROS-Agent/snap/local) by extensions ['colcon_meta']
[0.271s] Level 1:colcon.colcon_core.package_identification:_identify(micro-ROS-Agent/snap/local) by extension 'colcon_meta'
[0.271s] Level 1:colcon.colcon_core.package_identification:_identify(micro-ROS-Agent/snap/local) by extensions ['ros']
[0.271s] Level 1:colcon.colcon_core.package_identification:_identify(micro-ROS-Agent/snap/local) by extension 'ros'
[0.271s] Level 1:colcon.colcon_core.package_identification:_identify(micro-ROS-Agent/snap/local) by extensions ['cmake', 'python']
[0.271s] Level 1:colcon.colcon_core.package_identification:_identify(micro-ROS-Agent/snap/local) by extension 'cmake'
[0.271s] Level 1:colcon.colcon_core.package_identification:_identify(micro-ROS-Agent/snap/local) by extension 'python'
[0.272s] Level 1:colcon.colcon_core.package_identification:_identify(micro-ROS-Agent/snap/local) by extensions ['python_setup_py']
[0.272s] Level 1:colcon.colcon_core.package_identification:_identify(micro-ROS-Agent/snap/local) by extension 'python_setup_py'
[0.272s] Level 1:colcon.colcon_core.package_identification:_identify(realsense-ros) by extensions ['ignore', 'ignore_ament_install']
[0.272s] Level 1:colcon.colcon_core.package_identification:_identify(realsense-ros) by extension 'ignore'
[0.272s] Level 1:colcon.colcon_core.package_identification:_identify(realsense-ros) by extension 'ignore_ament_install'
[0.272s] Level 1:colcon.colcon_core.package_identification:_identify(realsense-ros) by extensions ['colcon_pkg']
[0.272s] Level 1:colcon.colcon_core.package_identification:_identify(realsense-ros) by extension 'colcon_pkg'
[0.272s] Level 1:colcon.colcon_core.package_identification:_identify(realsense-ros) by extensions ['colcon_meta']
[0.272s] Level 1:colcon.colcon_core.package_identification:_identify(realsense-ros) by extension 'colcon_meta'
[0.272s] Level 1:colcon.colcon_core.package_identification:_identify(realsense-ros) by extensions ['ros']
[0.272s] Level 1:colcon.colcon_core.package_identification:_identify(realsense-ros) by extension 'ros'
[0.272s] Level 1:colcon.colcon_core.package_identification:_identify(realsense-ros) by extensions ['cmake', 'python']
[0.272s] Level 1:colcon.colcon_core.package_identification:_identify(realsense-ros) by extension 'cmake'
[0.272s] Level 1:colcon.colcon_core.package_identification:_identify(realsense-ros) by extension 'python'
[0.272s] Level 1:colcon.colcon_core.package_identification:_identify(realsense-ros) by extensions ['python_setup_py']
[0.272s] Level 1:colcon.colcon_core.package_identification:_identify(realsense-ros) by extension 'python_setup_py'
[0.272s] Level 1:colcon.colcon_core.package_identification:_identify(realsense-ros/realsense2_camera) by extensions ['ignore', 'ignore_ament_install']
[0.272s] Level 1:colcon.colcon_core.package_identification:_identify(realsense-ros/realsense2_camera) by extension 'ignore'
[0.272s] Level 1:colcon.colcon_core.package_identification:_identify(realsense-ros/realsense2_camera) by extension 'ignore_ament_install'
[0.273s] Level 1:colcon.colcon_core.package_identification:_identify(realsense-ros/realsense2_camera) by extensions ['colcon_pkg']
[0.273s] Level 1:colcon.colcon_core.package_identification:_identify(realsense-ros/realsense2_camera) by extension 'colcon_pkg'
[0.273s] Level 1:colcon.colcon_core.package_identification:_identify(realsense-ros/realsense2_camera) by extensions ['colcon_meta']
[0.273s] Level 1:colcon.colcon_core.package_identification:_identify(realsense-ros/realsense2_camera) by extension 'colcon_meta'
[0.273s] Level 1:colcon.colcon_core.package_identification:_identify(realsense-ros/realsense2_camera) by extensions ['ros']
[0.273s] Level 1:colcon.colcon_core.package_identification:_identify(realsense-ros/realsense2_camera) by extension 'ros'
[0.280s] DEBUG:colcon.colcon_core.package_identification:Package 'realsense-ros/realsense2_camera' with type 'ros.ament_cmake' and name 'realsense2_camera'
[0.280s] Level 1:colcon.colcon_core.package_identification:_identify(realsense-ros/realsense2_camera_msgs) by extensions ['ignore', 'ignore_ament_install']
[0.280s] Level 1:colcon.colcon_core.package_identification:_identify(realsense-ros/realsense2_camera_msgs) by extension 'ignore'
[0.280s] Level 1:colcon.colcon_core.package_identification:_identify(realsense-ros/realsense2_camera_msgs) by extension 'ignore_ament_install'
[0.280s] Level 1:colcon.colcon_core.package_identification:_identify(realsense-ros/realsense2_camera_msgs) by extensions ['colcon_pkg']
[0.280s] Level 1:colcon.colcon_core.package_identification:_identify(realsense-ros/realsense2_camera_msgs) by extension 'colcon_pkg'
[0.280s] Level 1:colcon.colcon_core.package_identification:_identify(realsense-ros/realsense2_camera_msgs) by extensions ['colcon_meta']
[0.280s] Level 1:colcon.colcon_core.package_identification:_identify(realsense-ros/realsense2_camera_msgs) by extension 'colcon_meta'
[0.280s] Level 1:colcon.colcon_core.package_identification:_identify(realsense-ros/realsense2_camera_msgs) by extensions ['ros']
[0.281s] Level 1:colcon.colcon_core.package_identification:_identify(realsense-ros/realsense2_camera_msgs) by extension 'ros'
[0.281s] DEBUG:colcon.colcon_core.package_identification:Package 'realsense-ros/realsense2_camera_msgs' with type 'ros.ament_cmake' and name 'realsense2_camera_msgs'
[0.281s] Level 1:colcon.colcon_core.package_identification:_identify(realsense-ros/realsense2_description) by extensions ['ignore', 'ignore_ament_install']
[0.281s] Level 1:colcon.colcon_core.package_identification:_identify(realsense-ros/realsense2_description) by extension 'ignore'
[0.282s] Level 1:colcon.colcon_core.package_identification:_identify(realsense-ros/realsense2_description) by extension 'ignore_ament_install'
[0.282s] Level 1:colcon.colcon_core.package_identification:_identify(realsense-ros/realsense2_description) by extensions ['colcon_pkg']
[0.282s] Level 1:colcon.colcon_core.package_identification:_identify(realsense-ros/realsense2_description) by extension 'colcon_pkg'
[0.282s] Level 1:colcon.colcon_core.package_identification:_identify(realsense-ros/realsense2_description) by extensions ['colcon_meta']
[0.282s] Level 1:colcon.colcon_core.package_identification:_identify(realsense-ros/realsense2_description) by extension 'colcon_meta'
[0.282s] Level 1:colcon.colcon_core.package_identification:_identify(realsense-ros/realsense2_description) by extensions ['ros']
[0.282s] Level 1:colcon.colcon_core.package_identification:_identify(realsense-ros/realsense2_description) by extension 'ros'
[0.283s] DEBUG:colcon.colcon_core.package_identification:Package 'realsense-ros/realsense2_description' with type 'ros.ament_cmake' and name 'realsense2_description'
[0.283s] Level 1:colcon.colcon_core.package_identification:_identify(realsense-ros/scripts) by extensions ['ignore', 'ignore_ament_install']
[0.283s] Level 1:colcon.colcon_core.package_identification:_identify(realsense-ros/scripts) by extension 'ignore'
[0.283s] Level 1:colcon.colcon_core.package_identification:_identify(realsense-ros/scripts) by extension 'ignore_ament_install'
[0.283s] Level 1:colcon.colcon_core.package_identification:_identify(realsense-ros/scripts) by extensions ['colcon_pkg']
[0.283s] Level 1:colcon.colcon_core.package_identification:_identify(realsense-ros/scripts) by extension 'colcon_pkg'
[0.283s] Level 1:colcon.colcon_core.package_identification:_identify(realsense-ros/scripts) by extensions ['colcon_meta']
[0.283s] Level 1:colcon.colcon_core.package_identification:_identify(realsense-ros/scripts) by extension 'colcon_meta'
[0.283s] Level 1:colcon.colcon_core.package_identification:_identify(realsense-ros/scripts) by extensions ['ros']
[0.283s] Level 1:colcon.colcon_core.package_identification:_identify(realsense-ros/scripts) by extension 'ros'
[0.283s] Level 1:colcon.colcon_core.package_identification:_identify(realsense-ros/scripts) by extensions ['cmake', 'python']
[0.283s] Level 1:colcon.colcon_core.package_identification:_identify(realsense-ros/scripts) by extension 'cmake'
[0.283s] Level 1:colcon.colcon_core.package_identification:_identify(realsense-ros/scripts) by extension 'python'
[0.283s] Level 1:colcon.colcon_core.package_identification:_identify(realsense-ros/scripts) by extensions ['python_setup_py']
[0.283s] Level 1:colcon.colcon_core.package_identification:_identify(realsense-ros/scripts) by extension 'python_setup_py'
[0.283s] Level 1:colcon.colcon_core.package_identification:_identify(robot_testing) by extensions ['ignore', 'ignore_ament_install']
[0.283s] Level 1:colcon.colcon_core.package_identification:_identify(robot_testing) by extension 'ignore'
[0.284s] Level 1:colcon.colcon_core.package_identification:_identify(robot_testing) by extension 'ignore_ament_install'
[0.284s] Level 1:colcon.colcon_core.package_identification:_identify(robot_testing) by extensions ['colcon_pkg']
[0.284s] Level 1:colcon.colcon_core.package_identification:_identify(robot_testing) by extension 'colcon_pkg'
[0.284s] Level 1:colcon.colcon_core.package_identification:_identify(robot_testing) by extensions ['colcon_meta']
[0.284s] Level 1:colcon.colcon_core.package_identification:_identify(robot_testing) by extension 'colcon_meta'
[0.284s] Level 1:colcon.colcon_core.package_identification:_identify(robot_testing) by extensions ['ros']
[0.284s] Level 1:colcon.colcon_core.package_identification:_identify(robot_testing) by extension 'ros'
[0.284s] DEBUG:colcon.colcon_core.package_identification:Package 'robot_testing' with type 'ros.ament_python' and name 'robot_testing'
[0.284s] Level 1:colcon.colcon_core.package_discovery:discover_packages(recursive) using defaults
[0.284s] Level 1:colcon.colcon_core.package_discovery:discover_packages(ignore) discover
[0.284s] Level 1:colcon.colcon_core.package_discovery:discover_packages(ignore) using defaults
[0.284s] Level 1:colcon.colcon_core.package_discovery:discover_packages(path) discover
[0.284s] Level 1:colcon.colcon_core.package_discovery:discover_packages(path) using defaults
[0.311s] Level 1:colcon.colcon_core.package_discovery:discover_packages(prefix_path) check parameters
[0.311s] Level 1:colcon.colcon_core.package_discovery:discover_packages(prefix_path) discover
[0.314s] DEBUG:colcon.colcon_installed_package_information.package_discovery:Found 5 installed packages in /home/cam/ros2_ws/install
[0.317s] DEBUG:colcon.colcon_installed_package_information.package_discovery:Found 429 installed packages in /opt/ros/jazzy
[0.318s] Level 1:colcon.colcon_core.package_discovery:discover_packages(prefix_path) using defaults
[0.402s] Level 5:colcon.colcon_core.verb:set package 'micro_ros_agent' build argument 'cmake_args' from command line to 'None'
[0.402s] Level 5:colcon.colcon_core.verb:set package 'micro_ros_agent' build argument 'cmake_target' from command line to 'None'
[0.402s] Level 5:colcon.colcon_core.verb:set package 'micro_ros_agent' build argument 'cmake_target_skip_unavailable' from command line to 'False'
[0.402s] Level 5:colcon.colcon_core.verb:set package 'micro_ros_agent' build argument 'cmake_clean_cache' from command line to 'False'
[0.402s] Level 5:colcon.colcon_core.verb:set package 'micro_ros_agent' build argument 'cmake_clean_first' from command line to 'False'
[0.402s] Level 5:colcon.colcon_core.verb:set package 'micro_ros_agent' build argument 'cmake_force_configure' from command line to 'False'
[0.402s] Level 5:colcon.colcon_core.verb:set package 'micro_ros_agent' build argument 'ament_cmake_args' from command line to 'None'
[0.402s] Level 5:colcon.colcon_core.verb:set package 'micro_ros_agent' build argument 'catkin_cmake_args' from command line to 'None'
[0.402s] Level 5:colcon.colcon_core.verb:set package 'micro_ros_agent' build argument 'catkin_skip_building_tests' from command line to 'False'
[0.402s] DEBUG:colcon.colcon_core.verb:Building package 'micro_ros_agent' with the following arguments: {'ament_cmake_args': None, 'build_base': '/home/cam/ros2_ws/src/build/micro_ros_agent', 'catkin_cmake_args': None, 'catkin_skip_building_tests': False, 'cmake_args': None, 'cmake_clean_cache': False, 'cmake_clean_first': False, 'cmake_force_configure': False, 'cmake_target': None, 'cmake_target_skip_unavailable': False, 'install_base': '/home/cam/ros2_ws/src/install/micro_ros_agent', 'merge_install': False, 'path': '/home/cam/ros2_ws/src/micro-ROS-Agent/micro_ros_agent', 'symlink_install': False, 'test_result_base': None}
[0.402s] Level 5:colcon.colcon_core.verb:set package 'realsense2_camera_msgs' build argument 'cmake_args' from command line to 'None'
[0.402s] Level 5:colcon.colcon_core.verb:set package 'realsense2_camera_msgs' build argument 'cmake_target' from command line to 'None'
[0.403s] Level 5:colcon.colcon_core.verb:set package 'realsense2_camera_msgs' build argument 'cmake_target_skip_unavailable' from command line to 'False'
[0.403s] Level 5:colcon.colcon_core.verb:set package 'realsense2_camera_msgs' build argument 'cmake_clean_cache' from command line to 'False'
[0.403s] Level 5:colcon.colcon_core.verb:set package 'realsense2_camera_msgs' build argument 'cmake_clean_first' from command line to 'False'
[0.403s] Level 5:colcon.colcon_core.verb:set package 'realsense2_camera_msgs' build argument 'cmake_force_configure' from command line to 'False'
[0.403s] Level 5:colcon.colcon_core.verb:set package 'realsense2_camera_msgs' build argument 'ament_cmake_args' from command line to 'None'
[0.403s] Level 5:colcon.colcon_core.verb:set package 'realsense2_camera_msgs' build argument 'catkin_cmake_args' from command line to 'None'
[0.403s] Level 5:colcon.colcon_core.verb:set package 'realsense2_camera_msgs' build argument 'catkin_skip_building_tests' from command line to 'False'
[0.403s] DEBUG:colcon.colcon_core.verb:Building package 'realsense2_camera_msgs' with the following arguments: {'ament_cmake_args': None, 'build_base': '/home/cam/ros2_ws/src/build/realsense2_camera_msgs', 'catkin_cmake_args': None, 'catkin_skip_building_tests': False, 'cmake_args': None, 'cmake_clean_cache': False, 'cmake_clean_first': False, 'cmake_force_configure': False, 'cmake_target': None, 'cmake_target_skip_unavailable': False, 'install_base': '/home/cam/ros2_ws/src/install/realsense2_camera_msgs', 'merge_install': False, 'path': '/home/cam/ros2_ws/src/realsense-ros/realsense2_camera_msgs', 'symlink_install': False, 'test_result_base': None}
[0.403s] Level 5:colcon.colcon_core.verb:set package 'robot_testing' build argument 'cmake_args' from command line to 'None'
[0.403s] Level 5:colcon.colcon_core.verb:set package 'robot_testing' build argument 'cmake_target' from command line to 'None'
[0.403s] Level 5:colcon.colcon_core.verb:set package 'robot_testing' build argument 'cmake_target_skip_unavailable' from command line to 'False'
[0.403s] Level 5:colcon.colcon_core.verb:set package 'robot_testing' build argument 'cmake_clean_cache' from command line to 'False'
[0.403s] Level 5:colcon.colcon_core.verb:set package 'robot_testing' build argument 'cmake_clean_first' from command line to 'False'
[0.403s] Level 5:colcon.colcon_core.verb:set package 'robot_testing' build argument 'cmake_force_configure' from command line to 'False'
[0.403s] Level 5:colcon.colcon_core.verb:set package 'robot_testing' build argument 'ament_cmake_args' from command line to 'None'
[0.403s] Level 5:colcon.colcon_core.verb:set package 'robot_testing' build argument 'catkin_cmake_args' from command line to 'None'
[0.403s] Level 5:colcon.colcon_core.verb:set package 'robot_testing' build argument 'catkin_skip_building_tests' from command line to 'False'
[0.403s] DEBUG:colcon.colcon_core.verb:Building package 'robot_testing' with the following arguments: {'ament_cmake_args': None, 'build_base': '/home/cam/ros2_ws/src/build/robot_testing', 'catkin_cmake_args': None, 'catkin_skip_building_tests': False, 'cmake_args': None, 'cmake_clean_cache': False, 'cmake_clean_first': False, 'cmake_force_configure': False, 'cmake_target': None, 'cmake_target_skip_unavailable': False, 'install_base': '/home/cam/ros2_ws/src/install/robot_testing', 'merge_install': False, 'path': '/home/cam/ros2_ws/src/robot_testing', 'symlink_install': False, 'test_result_base': None}
[0.404s] Level 5:colcon.colcon_core.verb:set package 'realsense2_camera' build argument 'cmake_args' from command line to 'None'
[0.404s] Level 5:colcon.colcon_core.verb:set package 'realsense2_camera' build argument 'cmake_target' from command line to 'None'
[0.404s] Level 5:colcon.colcon_core.verb:set package 'realsense2_camera' build argument 'cmake_target_skip_unavailable' from command line to 'False'
[0.404s] Level 5:colcon.colcon_core.verb:set package 'realsense2_camera' build argument 'cmake_clean_cache' from command line to 'False'
[0.404s] Level 5:colcon.colcon_core.verb:set package 'realsense2_camera' build argument 'cmake_clean_first' from command line to 'False'
[0.404s] Level 5:colcon.colcon_core.verb:set package 'realsense2_camera' build argument 'cmake_force_configure' from command line to 'False'
[0.404s] Level 5:colcon.colcon_core.verb:set package 'realsense2_camera' build argument 'ament_cmake_args' from command line to 'None'
[0.404s] Level 5:colcon.colcon_core.verb:set package 'realsense2_camera' build argument 'catkin_cmake_args' from command line to 'None'
[0.404s] Level 5:colcon.colcon_core.verb:set package 'realsense2_camera' build argument 'catkin_skip_building_tests' from command line to 'False'
[0.404s] DEBUG:colcon.colcon_core.verb:Building package 'realsense2_camera' with the following arguments: {'ament_cmake_args': None, 'build_base': '/home/cam/ros2_ws/src/build/realsense2_camera', 'catkin_cmake_args': None, 'catkin_skip_building_tests': False, 'cmake_args': None, 'cmake_clean_cache': False, 'cmake_clean_first': False, 'cmake_force_configure': False, 'cmake_target': None, 'cmake_target_skip_unavailable': False, 'install_base': '/home/cam/ros2_ws/src/install/realsense2_camera', 'merge_install': False, 'path': '/home/cam/ros2_ws/src/realsense-ros/realsense2_camera', 'symlink_install': False, 'test_result_base': None}
[0.404s] Level 5:colcon.colcon_core.verb:set package 'realsense2_description' build argument 'cmake_args' from command line to 'None'
[0.404s] Level 5:colcon.colcon_core.verb:set package 'realsense2_description' build argument 'cmake_target' from command line to 'None'
[0.404s] Level 5:colcon.colcon_core.verb:set package 'realsense2_description' build argument 'cmake_target_skip_unavailable' from command line to 'False'
[0.404s] Level 5:colcon.colcon_core.verb:set package 'realsense2_description' build argument 'cmake_clean_cache' from command line to 'False'
[0.404s] Level 5:colcon.colcon_core.verb:set package 'realsense2_description' build argument 'cmake_clean_first' from command line to 'False'
[0.404s] Level 5:colcon.colcon_core.verb:set package 'realsense2_description' build argument 'cmake_force_configure' from command line to 'False'
[0.404s] Level 5:colcon.colcon_core.verb:set package 'realsense2_description' build argument 'ament_cmake_args' from command line to 'None'
[0.404s] Level 5:colcon.colcon_core.verb:set package 'realsense2_description' build argument 'catkin_cmake_args' from command line to 'None'
[0.404s] Level 5:colcon.colcon_core.verb:set package 'realsense2_description' build argument 'catkin_skip_building_tests' from command line to 'False'
[0.404s] DEBUG:colcon.colcon_core.verb:Building package 'realsense2_description' with the following arguments: {'ament_cmake_args': None, 'build_base': '/home/cam/ros2_ws/src/build/realsense2_description', 'catkin_cmake_args': None, 'catkin_skip_building_tests': False, 'cmake_args': None, 'cmake_clean_cache': False, 'cmake_clean_first': False, 'cmake_force_configure': False, 'cmake_target': None, 'cmake_target_skip_unavailable': False, 'install_base': '/home/cam/ros2_ws/src/install/realsense2_description', 'merge_install': False, 'path': '/home/cam/ros2_ws/src/realsense-ros/realsense2_description', 'symlink_install': False, 'test_result_base': None}
[0.404s] INFO:colcon.colcon_core.executor:Executing jobs using 'parallel' executor
[0.406s] DEBUG:colcon.colcon_parallel_executor.executor.parallel:run_until_complete
[0.406s] INFO:colcon.colcon_ros.task.ament_cmake.build:Building ROS package in '/home/cam/ros2_ws/src/realsense-ros/realsense2_camera_msgs' with build type 'ament_cmake'
[0.407s] INFO:colcon.colcon_cmake.task.cmake.build:Building CMake package in '/home/cam/ros2_ws/src/realsense-ros/realsense2_camera_msgs'
[0.422s] INFO:colcon.colcon_core.plugin_system:Skipping extension 'colcon_core.shell.bat': Not used on non-Windows systems
[0.422s] INFO:colcon.colcon_core.shell:Skip shell extension 'powershell' for command environment: Not usable outside of PowerShell
[0.422s] DEBUG:colcon.colcon_core.shell:Skip shell extension 'dsv' for command environment
[0.433s] INFO:colcon.colcon_ros.task.ament_cmake.build:Building ROS package in '/home/cam/ros2_ws/src/micro-ROS-Agent/micro_ros_agent' with build type 'ament_cmake'
[0.434s] INFO:colcon.colcon_cmake.task.cmake.build:Building CMake package in '/home/cam/ros2_ws/src/micro-ROS-Agent/micro_ros_agent'
[0.435s] INFO:colcon.colcon_core.shell:Skip shell extension 'powershell' for command environment: Not usable outside of PowerShell
[0.436s] DEBUG:colcon.colcon_core.shell:Skip shell extension 'dsv' for command environment
[0.453s] INFO:colcon.colcon_ros.task.ament_python.build:Building ROS package in '/home/cam/ros2_ws/src/robot_testing' with build type 'ament_python'
[0.453s] Level 1:colcon.colcon_core.shell:create_environment_hook('robot_testing', 'ament_prefix_path')
[0.454s] INFO:colcon.colcon_core.shell:Creating environment hook '/home/cam/ros2_ws/src/install/robot_testing/share/robot_testing/hook/ament_prefix_path.ps1'
[0.456s] INFO:colcon.colcon_core.shell:Creating environment descriptor '/home/cam/ros2_ws/src/install/robot_testing/share/robot_testing/hook/ament_prefix_path.dsv'
[0.457s] INFO:colcon.colcon_core.shell:Creating environment hook '/home/cam/ros2_ws/src/install/robot_testing/share/robot_testing/hook/ament_prefix_path.sh'
[0.459s] INFO:colcon.colcon_core.shell:Skip shell extension 'powershell' for command environment: Not usable outside of PowerShell
[0.459s] DEBUG:colcon.colcon_core.shell:Skip shell extension 'dsv' for command environment
[0.516s] DEBUG:colcon.colcon_core.event_handler.log_command:Invoking command in '/home/cam/ros2_ws/src/build/realsense2_camera_msgs': CMAKE_PREFIX_PATH=${CMAKE_PREFIX_PATH}:/opt/ros/jazzy DEBUGINFOD_URLS=https://debuginfod.ubuntu.com /usr/bin/cmake --build /home/cam/ros2_ws/src/build/realsense2_camera_msgs -- -j4 -l4
[0.537s] DEBUG:colcon.colcon_core.event_handler.log_command:Invoking command in '/home/cam/ros2_ws/src/build/micro_ros_agent': CMAKE_PREFIX_PATH=${CMAKE_PREFIX_PATH}:/opt/ros/jazzy DEBUGINFOD_URLS=https://debuginfod.ubuntu.com /usr/bin/cmake --build /home/cam/ros2_ws/src/build/micro_ros_agent -- -j4 -l4
[1.182s] INFO:colcon.colcon_core.task.python.build:Building Python package in '/home/cam/ros2_ws/src/robot_testing'
[1.182s] INFO:colcon.colcon_core.shell:Skip shell extension 'powershell' for command environment: Not usable outside of PowerShell
[1.182s] DEBUG:colcon.colcon_core.shell:Skip shell extension 'dsv' for command environment
[1.201s] DEBUG:colcon.colcon_core.event_handler.log_command:Invoked command in '/home/cam/ros2_ws/src/build/micro_ros_agent' returned '0': CMAKE_PREFIX_PATH=${CMAKE_PREFIX_PATH}:/opt/ros/jazzy DEBUGINFOD_URLS=https://debuginfod.ubuntu.com /usr/bin/cmake --build /home/cam/ros2_ws/src/build/micro_ros_agent -- -j4 -l4
[1.247s] DEBUG:colcon.colcon_core.event_handler.log_command:Invoking command in '/home/cam/ros2_ws/src/build/micro_ros_agent': CMAKE_PREFIX_PATH=${CMAKE_PREFIX_PATH}:/opt/ros/jazzy DEBUGINFOD_URLS=https://debuginfod.ubuntu.com /usr/bin/cmake --install /home/cam/ros2_ws/src/build/micro_ros_agent
[1.284s] Level 1:colcon.colcon_core.environment:create_environment_scripts_only(micro_ros_agent)
[1.285s] DEBUG:colcon.colcon_core.event_handler.log_command:Invoked command in '/home/cam/ros2_ws/src/build/micro_ros_agent' returned '0': CMAKE_PREFIX_PATH=${CMAKE_PREFIX_PATH}:/opt/ros/jazzy DEBUGINFOD_URLS=https://debuginfod.ubuntu.com /usr/bin/cmake --install /home/cam/ros2_ws/src/build/micro_ros_agent
[1.289s] Level 1:colcon.colcon_core.environment:checking '/home/cam/ros2_ws/src/install/micro_ros_agent' for CMake module files
[1.290s] Level 1:colcon.colcon_core.environment:checking '/home/cam/ros2_ws/src/install/micro_ros_agent' for CMake config files
[1.290s] Level 1:colcon.colcon_core.shell:create_environment_hook('micro_ros_agent', 'cmake_prefix_path')
[1.291s] INFO:colcon.colcon_core.shell:Creating environment hook '/home/cam/ros2_ws/src/install/micro_ros_agent/share/micro_ros_agent/hook/cmake_prefix_path.ps1'
[1.292s] INFO:colcon.colcon_core.shell:Creating environment descriptor '/home/cam/ros2_ws/src/install/micro_ros_agent/share/micro_ros_agent/hook/cmake_prefix_path.dsv'
[1.292s] INFO:colcon.colcon_core.shell:Creating environment hook '/home/cam/ros2_ws/src/install/micro_ros_agent/share/micro_ros_agent/hook/cmake_prefix_path.sh'
[1.294s] Level 1:colcon.colcon_core.environment:checking '/home/cam/ros2_ws/src/install/micro_ros_agent/lib'
[1.295s] Level 1:colcon.colcon_core.shell:create_environment_hook('micro_ros_agent', 'ld_library_path_lib')
[1.295s] INFO:colcon.colcon_core.shell:Creating environment hook '/home/cam/ros2_ws/src/install/micro_ros_agent/share/micro_ros_agent/hook/ld_library_path_lib.ps1'
[1.296s] INFO:colcon.colcon_core.shell:Creating environment descriptor '/home/cam/ros2_ws/src/install/micro_ros_agent/share/micro_ros_agent/hook/ld_library_path_lib.dsv'
[1.297s] INFO:colcon.colcon_core.shell:Creating environment hook '/home/cam/ros2_ws/src/install/micro_ros_agent/share/micro_ros_agent/hook/ld_library_path_lib.sh'
[1.298s] Level 1:colcon.colcon_core.environment:checking '/home/cam/ros2_ws/src/install/micro_ros_agent/bin'
[1.298s] Level 1:colcon.colcon_core.environment:checking '/home/cam/ros2_ws/src/install/micro_ros_agent/lib/pkgconfig/micro_ros_agent.pc'
[1.298s] Level 1:colcon.colcon_core.environment:checking '/home/cam/ros2_ws/src/install/micro_ros_agent/lib/python3.12/site-packages'
[1.299s] Level 1:colcon.colcon_core.environment:checking '/home/cam/ros2_ws/src/install/micro_ros_agent/bin'
[1.299s] INFO:colcon.colcon_core.shell:Creating package script '/home/cam/ros2_ws/src/install/micro_ros_agent/share/micro_ros_agent/package.ps1'
[1.300s] INFO:colcon.colcon_core.shell:Creating package descriptor '/home/cam/ros2_ws/src/install/micro_ros_agent/share/micro_ros_agent/package.dsv'
[1.301s] INFO:colcon.colcon_core.shell:Creating package script '/home/cam/ros2_ws/src/install/micro_ros_agent/share/micro_ros_agent/package.sh'
[1.304s] INFO:colcon.colcon_core.shell:Creating package script '/home/cam/ros2_ws/src/install/micro_ros_agent/share/micro_ros_agent/package.bash'
[1.306s] INFO:colcon.colcon_core.shell:Creating package script '/home/cam/ros2_ws/src/install/micro_ros_agent/share/micro_ros_agent/package.zsh'
[1.307s] Level 1:colcon.colcon_core.environment:create_file_with_runtime_dependencies(/home/cam/ros2_ws/src/install/micro_ros_agent/share/colcon-core/packages/micro_ros_agent)
[1.308s] Level 1:colcon.colcon_core.environment:create_environment_scripts_only(micro_ros_agent)
[1.308s] Level 1:colcon.colcon_core.environment:checking '/home/cam/ros2_ws/src/install/micro_ros_agent' for CMake module files
[1.309s] Level 1:colcon.colcon_core.environment:checking '/home/cam/ros2_ws/src/install/micro_ros_agent' for CMake config files
[1.309s] Level 1:colcon.colcon_core.shell:create_environment_hook('micro_ros_agent', 'cmake_prefix_path')
[1.310s] INFO:colcon.colcon_core.shell:Creating environment hook '/home/cam/ros2_ws/src/install/micro_ros_agent/share/micro_ros_agent/hook/cmake_prefix_path.ps1'
[1.310s] INFO:colcon.colcon_core.shell:Creating environment descriptor '/home/cam/ros2_ws/src/install/micro_ros_agent/share/micro_ros_agent/hook/cmake_prefix_path.dsv'
[1.311s] INFO:colcon.colcon_core.shell:Creating environment hook '/home/cam/ros2_ws/src/install/micro_ros_agent/share/micro_ros_agent/hook/cmake_prefix_path.sh'
[1.312s] Level 1:colcon.colcon_core.environment:checking '/home/cam/ros2_ws/src/install/micro_ros_agent/lib'
[1.313s] Level 1:colcon.colcon_core.shell:create_environment_hook('micro_ros_agent', 'ld_library_path_lib')
[1.313s] INFO:colcon.colcon_core.shell:Creating environment hook '/home/cam/ros2_ws/src/install/micro_ros_agent/share/micro_ros_agent/hook/ld_library_path_lib.ps1'
[1.314s] INFO:colcon.colcon_core.shell:Creating environment descriptor '/home/cam/ros2_ws/src/install/micro_ros_agent/share/micro_ros_agent/hook/ld_library_path_lib.dsv'
[1.315s] INFO:colcon.colcon_core.shell:Creating environment hook '/home/cam/ros2_ws/src/install/micro_ros_agent/share/micro_ros_agent/hook/ld_library_path_lib.sh'
[1.317s] Level 1:colcon.colcon_core.environment:checking '/home/cam/ros2_ws/src/install/micro_ros_agent/bin'
[1.318s] Level 1:colcon.colcon_core.environment:checking '/home/cam/ros2_ws/src/install/micro_ros_agent/lib/pkgconfig/micro_ros_agent.pc'
[1.319s] Level 1:colcon.colcon_core.environment:checking '/home/cam/ros2_ws/src/install/micro_ros_agent/lib/python3.12/site-packages'
[1.319s] Level 1:colcon.colcon_core.environment:checking '/home/cam/ros2_ws/src/install/micro_ros_agent/bin'
[1.320s] INFO:colcon.colcon_core.shell:Creating package script '/home/cam/ros2_ws/src/install/micro_ros_agent/share/micro_ros_agent/package.ps1'
[1.321s] INFO:colcon.colcon_core.shell:Creating package descriptor '/home/cam/ros2_ws/src/install/micro_ros_agent/share/micro_ros_agent/package.dsv'
[1.322s] INFO:colcon.colcon_core.shell:Creating package script '/home/cam/ros2_ws/src/install/micro_ros_agent/share/micro_ros_agent/package.sh'
[1.324s] INFO:colcon.colcon_core.shell:Creating package script '/home/cam/ros2_ws/src/install/micro_ros_agent/share/micro_ros_agent/package.bash'
[1.326s] INFO:colcon.colcon_core.shell:Creating package script '/home/cam/ros2_ws/src/install/micro_ros_agent/share/micro_ros_agent/package.zsh'
[1.327s] Level 1:colcon.colcon_core.environment:create_file_with_runtime_dependencies(/home/cam/ros2_ws/src/install/micro_ros_agent/share/colcon-core/packages/micro_ros_agent)
[1.730s] DEBUG:colcon.colcon_core.event_handler.log_command:Invoked command in '/home/cam/ros2_ws/src/build/realsense2_camera_msgs' returned '0': CMAKE_PREFIX_PATH=${CMAKE_PREFIX_PATH}:/opt/ros/jazzy DEBUGINFOD_URLS=https://debuginfod.ubuntu.com /usr/bin/cmake --build /home/cam/ros2_ws/src/build/realsense2_camera_msgs -- -j4 -l4
[1.777s] DEBUG:colcon.colcon_core.event_handler.log_command:Invoking command in '/home/cam/ros2_ws/src/build/realsense2_camera_msgs': CMAKE_PREFIX_PATH=${CMAKE_PREFIX_PATH}:/opt/ros/jazzy DEBUGINFOD_URLS=https://debuginfod.ubuntu.com /usr/bin/cmake --install /home/cam/ros2_ws/src/build/realsense2_camera_msgs
[1.951s] Level 1:colcon.colcon_core.environment:create_environment_scripts_only(realsense2_camera_msgs)
[1.952s] Level 1:colcon.colcon_core.environment:checking '/home/cam/ros2_ws/src/install/realsense2_camera_msgs' for CMake module files
[1.952s] DEBUG:colcon.colcon_core.event_handler.log_command:Invoked command in '/home/cam/ros2_ws/src/build/realsense2_camera_msgs' returned '0': CMAKE_PREFIX_PATH=${CMAKE_PREFIX_PATH}:/opt/ros/jazzy DEBUGINFOD_URLS=https://debuginfod.ubuntu.com /usr/bin/cmake --install /home/cam/ros2_ws/src/build/realsense2_camera_msgs
[1.953s] Level 1:colcon.colcon_core.environment:checking '/home/cam/ros2_ws/src/install/realsense2_camera_msgs' for CMake config files
[1.954s] Level 1:colcon.colcon_core.shell:create_environment_hook('realsense2_camera_msgs', 'cmake_prefix_path')
[1.954s] INFO:colcon.colcon_core.shell:Creating environment hook '/home/cam/ros2_ws/src/install/realsense2_camera_msgs/share/realsense2_camera_msgs/hook/cmake_prefix_path.ps1'
[1.955s] INFO:colcon.colcon_core.shell:Creating environment descriptor '/home/cam/ros2_ws/src/install/realsense2_camera_msgs/share/realsense2_camera_msgs/hook/cmake_prefix_path.dsv'
[1.955s] INFO:colcon.colcon_core.shell:Creating environment hook '/home/cam/ros2_ws/src/install/realsense2_camera_msgs/share/realsense2_camera_msgs/hook/cmake_prefix_path.sh'
[1.956s] Level 1:colcon.colcon_core.environment:checking '/home/cam/ros2_ws/src/install/realsense2_camera_msgs/lib'
[1.956s] Level 1:colcon.colcon_core.shell:create_environment_hook('realsense2_camera_msgs', 'ld_library_path_lib')
[1.957s] INFO:colcon.colcon_core.shell:Creating environment hook '/home/cam/ros2_ws/src/install/realsense2_camera_msgs/share/realsense2_camera_msgs/hook/ld_library_path_lib.ps1'
[1.957s] INFO:colcon.colcon_core.shell:Creating environment descriptor '/home/cam/ros2_ws/src/install/realsense2_camera_msgs/share/realsense2_camera_msgs/hook/ld_library_path_lib.dsv'
[1.958s] INFO:colcon.colcon_core.shell:Creating environment hook '/home/cam/ros2_ws/src/install/realsense2_camera_msgs/share/realsense2_camera_msgs/hook/ld_library_path_lib.sh'
[1.959s] Level 1:colcon.colcon_core.environment:checking '/home/cam/ros2_ws/src/install/realsense2_camera_msgs/bin'
[1.959s] Level 1:colcon.colcon_core.environment:checking '/home/cam/ros2_ws/src/install/realsense2_camera_msgs/lib/pkgconfig/realsense2_camera_msgs.pc'
[1.959s] Level 1:colcon.colcon_core.environment:checking '/home/cam/ros2_ws/src/install/realsense2_camera_msgs/lib/python3.12/site-packages'
[1.959s] Level 1:colcon.colcon_core.shell:create_environment_hook('realsense2_camera_msgs', 'pythonpath')
[1.960s] INFO:colcon.colcon_core.shell:Creating environment hook '/home/cam/ros2_ws/src/install/realsense2_camera_msgs/share/realsense2_camera_msgs/hook/pythonpath.ps1'
[1.960s] INFO:colcon.colcon_core.shell:Creating environment descriptor '/home/cam/ros2_ws/src/install/realsense2_camera_msgs/share/realsense2_camera_msgs/hook/pythonpath.dsv'
[1.961s] INFO:colcon.colcon_core.shell:Creating environment hook '/home/cam/ros2_ws/src/install/realsense2_camera_msgs/share/realsense2_camera_msgs/hook/pythonpath.sh'
[1.963s] Level 1:colcon.colcon_core.environment:checking '/home/cam/ros2_ws/src/install/realsense2_camera_msgs/bin'
[1.963s] INFO:colcon.colcon_core.shell:Creating package script '/home/cam/ros2_ws/src/install/realsense2_camera_msgs/share/realsense2_camera_msgs/package.ps1'
[1.964s] INFO:colcon.colcon_core.shell:Creating package descriptor '/home/cam/ros2_ws/src/install/realsense2_camera_msgs/share/realsense2_camera_msgs/package.dsv'
[1.965s] INFO:colcon.colcon_core.shell:Creating package script '/home/cam/ros2_ws/src/install/realsense2_camera_msgs/share/realsense2_camera_msgs/package.sh'
[1.966s] INFO:colcon.colcon_core.shell:Creating package script '/home/cam/ros2_ws/src/install/realsense2_camera_msgs/share/realsense2_camera_msgs/package.bash'
[1.967s] INFO:colcon.colcon_core.shell:Creating package script '/home/cam/ros2_ws/src/install/realsense2_camera_msgs/share/realsense2_camera_msgs/package.zsh'
[1.968s] Level 1:colcon.colcon_core.environment:create_file_with_runtime_dependencies(/home/cam/ros2_ws/src/install/realsense2_camera_msgs/share/colcon-core/packages/realsense2_camera_msgs)
[1.970s] Level 1:colcon.colcon_core.environment:create_environment_scripts_only(realsense2_camera_msgs)
[1.970s] Level 1:colcon.colcon_core.environment:checking '/home/cam/ros2_ws/src/install/realsense2_camera_msgs' for CMake module files
[1.971s] Level 1:colcon.colcon_core.environment:checking '/home/cam/ros2_ws/src/install/realsense2_camera_msgs' for CMake config files
[1.971s] Level 1:colcon.colcon_core.shell:create_environment_hook('realsense2_camera_msgs', 'cmake_prefix_path')
[1.972s] INFO:colcon.colcon_core.shell:Creating environment hook '/home/cam/ros2_ws/src/install/realsense2_camera_msgs/share/realsense2_camera_msgs/hook/cmake_prefix_path.ps1'
[1.972s] INFO:colcon.colcon_core.shell:Creating environment descriptor '/home/cam/ros2_ws/src/install/realsense2_camera_msgs/share/realsense2_camera_msgs/hook/cmake_prefix_path.dsv'
[1.974s] INFO:colcon.colcon_core.shell:Creating environment hook '/home/cam/ros2_ws/src/install/realsense2_camera_msgs/share/realsense2_camera_msgs/hook/cmake_prefix_path.sh'
[1.975s] Level 1:colcon.colcon_core.environment:checking '/home/cam/ros2_ws/src/install/realsense2_camera_msgs/lib'
[1.975s] Level 1:colcon.colcon_core.shell:create_environment_hook('realsense2_camera_msgs', 'ld_library_path_lib')
[1.975s] INFO:colcon.colcon_core.shell:Creating environment hook '/home/cam/ros2_ws/src/install/realsense2_camera_msgs/share/realsense2_camera_msgs/hook/ld_library_path_lib.ps1'
[1.976s] INFO:colcon.colcon_core.shell:Creating environment descriptor '/home/cam/ros2_ws/src/install/realsense2_camera_msgs/share/realsense2_camera_msgs/hook/ld_library_path_lib.dsv'
[1.977s] INFO:colcon.colcon_core.shell:Creating environment hook '/home/cam/ros2_ws/src/install/realsense2_camera_msgs/share/realsense2_camera_msgs/hook/ld_library_path_lib.sh'
[1.979s] Level 1:colcon.colcon_core.environment:checking '/home/cam/ros2_ws/src/install/realsense2_camera_msgs/bin'
[1.979s] Level 1:colcon.colcon_core.environment:checking '/home/cam/ros2_ws/src/install/realsense2_camera_msgs/lib/pkgconfig/realsense2_camera_msgs.pc'
[1.979s] Level 1:colcon.colcon_core.environment:checking '/home/cam/ros2_ws/src/install/realsense2_camera_msgs/lib/python3.12/site-packages'
[1.979s] Level 1:colcon.colcon_core.shell:create_environment_hook('realsense2_camera_msgs', 'pythonpath')
[1.980s] INFO:colcon.colcon_core.shell:Creating environment hook '/home/cam/ros2_ws/src/install/realsense2_camera_msgs/share/realsense2_camera_msgs/hook/pythonpath.ps1'
[1.982s] INFO:colcon.colcon_core.shell:Creating environment descriptor '/home/cam/ros2_ws/src/install/realsense2_camera_msgs/share/realsense2_camera_msgs/hook/pythonpath.dsv'
[1.982s] INFO:colcon.colcon_core.shell:Creating environment hook '/home/cam/ros2_ws/src/install/realsense2_camera_msgs/share/realsense2_camera_msgs/hook/pythonpath.sh'
[1.983s] Level 1:colcon.colcon_core.environment:checking '/home/cam/ros2_ws/src/install/realsense2_camera_msgs/bin'
[1.984s] INFO:colcon.colcon_core.shell:Creating package script '/home/cam/ros2_ws/src/install/realsense2_camera_msgs/share/realsense2_camera_msgs/package.ps1'
[1.985s] INFO:colcon.colcon_core.shell:Creating package descriptor '/home/cam/ros2_ws/src/install/realsense2_camera_msgs/share/realsense2_camera_msgs/package.dsv'
[1.985s] INFO:colcon.colcon_core.shell:Creating package script '/home/cam/ros2_ws/src/install/realsense2_camera_msgs/share/realsense2_camera_msgs/package.sh'
[1.986s] INFO:colcon.colcon_core.shell:Creating package script '/home/cam/ros2_ws/src/install/realsense2_camera_msgs/share/realsense2_camera_msgs/package.bash'
[1.987s] INFO:colcon.colcon_core.shell:Creating package script '/home/cam/ros2_ws/src/install/realsense2_camera_msgs/share/realsense2_camera_msgs/package.zsh'
[1.987s] Level 1:colcon.colcon_core.environment:create_file_with_runtime_dependencies(/home/cam/ros2_ws/src/install/realsense2_camera_msgs/share/colcon-core/packages/realsense2_camera_msgs)
[1.988s] INFO:colcon.colcon_ros.task.ament_cmake.build:Building ROS package in '/home/cam/ros2_ws/src/realsense-ros/realsense2_camera' with build type 'ament_cmake'
[1.988s] INFO:colcon.colcon_cmake.task.cmake.build:Building CMake package in '/home/cam/ros2_ws/src/realsense-ros/realsense2_camera'
[1.989s] INFO:colcon.colcon_core.shell:Skip shell extension 'powershell' for command environment: Not usable outside of PowerShell
[1.989s] DEBUG:colcon.colcon_core.shell:Skip shell extension 'dsv' for command environment
[1.998s] INFO:colcon.colcon_ros.task.ament_cmake.build:Building ROS package in '/home/cam/ros2_ws/src/realsense-ros/realsense2_description' with build type 'ament_cmake'
[1.998s] INFO:colcon.colcon_cmake.task.cmake.build:Building CMake package in '/home/cam/ros2_ws/src/realsense-ros/realsense2_description'
[1.999s] INFO:colcon.colcon_core.shell:Skip shell extension 'powershell' for command environment: Not usable outside of PowerShell
[1.999s] DEBUG:colcon.colcon_core.shell:Skip shell extension 'dsv' for command environment
[2.041s] DEBUG:colcon.colcon_core.event_handler.log_command:Invoking command in '/home/cam/ros2_ws/src/build/realsense2_camera': AMENT_PREFIX_PATH=/home/cam/ros2_ws/src/install/realsense2_camera_msgs:${AMENT_PREFIX_PATH} CMAKE_PREFIX_PATH=/home/cam/ros2_ws/src/install/realsense2_camera_msgs:/home/cam/ros2_ws/install/robot_testing:/home/cam/ros2_ws/install/realsense2_description:/home/cam/ros2_ws/install/realsense2_camera:/home/cam/ros2_ws/install/realsense2_camera_msgs:/home/cam/ros2_ws/install/micro_ros_agent:/opt/ros/jazzy/opt/gz_sim_vendor:/opt/ros/jazzy/opt/gz_sensors_vendor:/opt/ros/jazzy/opt/gz_physics_vendor:/opt/ros/jazzy/opt/sdformat_vendor:/opt/ros/jazzy/opt/gz_gui_vendor:/opt/ros/jazzy/opt/gz_transport_vendor:/opt/ros/jazzy/opt/gz_rendering_vendor:/opt/ros/jazzy/opt/gz_plugin_vendor:/opt/ros/jazzy/opt/gz_fuel_tools_vendor:/opt/ros/jazzy/opt/gz_msgs_vendor:/opt/ros/jazzy/opt/gz_common_vendor:/opt/ros/jazzy/opt/gz_math_vendor:/opt/ros/jazzy/opt/gz_utils_vendor:/opt/ros/jazzy/opt/gz_tools_vendor:/opt/ros/jazzy/opt/gz_ogre_next_vendor:/opt/ros/jazzy/opt/gz_dartsim_vendor:/opt/ros/jazzy/opt/gz_cmake_vendor:/opt/ros/jazzy DEBUGINFOD_URLS=https://debuginfod.ubuntu.com LD_LIBRARY_PATH=/home/cam/ros2_ws/src/install/realsense2_camera_msgs/lib:${LD_LIBRARY_PATH} PYTHONPATH=/home/cam/ros2_ws/src/install/realsense2_camera_msgs/lib/python3.12/site-packages:${PYTHONPATH} /usr/bin/cmake --build /home/cam/ros2_ws/src/build/realsense2_camera -- -j4 -l4
[2.067s] DEBUG:colcon.colcon_core.event_handler.log_command:Invoking command in '/home/cam/ros2_ws/src/build/realsense2_description': AMENT_PREFIX_PATH=/home/cam/ros2_ws/src/install/realsense2_camera_msgs:${AMENT_PREFIX_PATH} CMAKE_PREFIX_PATH=/home/cam/ros2_ws/src/install/realsense2_camera_msgs:/home/cam/ros2_ws/install/robot_testing:/home/cam/ros2_ws/install/realsense2_description:/home/cam/ros2_ws/install/realsense2_camera:/home/cam/ros2_ws/install/realsense2_camera_msgs:/home/cam/ros2_ws/install/micro_ros_agent:/opt/ros/jazzy/opt/gz_sim_vendor:/opt/ros/jazzy/opt/gz_sensors_vendor:/opt/ros/jazzy/opt/gz_physics_vendor:/opt/ros/jazzy/opt/sdformat_vendor:/opt/ros/jazzy/opt/gz_gui_vendor:/opt/ros/jazzy/opt/gz_transport_vendor:/opt/ros/jazzy/opt/gz_rendering_vendor:/opt/ros/jazzy/opt/gz_plugin_vendor:/opt/ros/jazzy/opt/gz_fuel_tools_vendor:/opt/ros/jazzy/opt/gz_msgs_vendor:/opt/ros/jazzy/opt/gz_common_vendor:/opt/ros/jazzy/opt/gz_math_vendor:/opt/ros/jazzy/opt/gz_utils_vendor:/opt/ros/jazzy/opt/gz_tools_vendor:/opt/ros/jazzy/opt/gz_ogre_next_vendor:/opt/ros/jazzy/opt/gz_dartsim_vendor:/opt/ros/jazzy/opt/gz_cmake_vendor:/opt/ros/jazzy DEBUGINFOD_URLS=https://debuginfod.ubuntu.com LD_LIBRARY_PATH=/home/cam/ros2_ws/src/install/realsense2_camera_msgs/lib:${LD_LIBRARY_PATH} PYTHONPATH=/home/cam/ros2_ws/src/install/realsense2_camera_msgs/lib/python3.12/site-packages:${PYTHONPATH} /usr/bin/cmake --build /home/cam/ros2_ws/src/build/realsense2_description -- -j4 -l4
[2.200s] DEBUG:colcon.colcon_core.event_handler.log_command:Invoked command in '/home/cam/ros2_ws/src/build/realsense2_description' returned '0': AMENT_PREFIX_PATH=/home/cam/ros2_ws/src/install/realsense2_camera_msgs:${AMENT_PREFIX_PATH} CMAKE_PREFIX_PATH=/home/cam/ros2_ws/src/install/realsense2_camera_msgs:/home/cam/ros2_ws/install/robot_testing:/home/cam/ros2_ws/install/realsense2_description:/home/cam/ros2_ws/install/realsense2_camera:/home/cam/ros2_ws/install/realsense2_camera_msgs:/home/cam/ros2_ws/install/micro_ros_agent:/opt/ros/jazzy/opt/gz_sim_vendor:/opt/ros/jazzy/opt/gz_sensors_vendor:/opt/ros/jazzy/opt/gz_physics_vendor:/opt/ros/jazzy/opt/sdformat_vendor:/opt/ros/jazzy/opt/gz_gui_vendor:/opt/ros/jazzy/opt/gz_transport_vendor:/opt/ros/jazzy/opt/gz_rendering_vendor:/opt/ros/jazzy/opt/gz_plugin_vendor:/opt/ros/jazzy/opt/gz_fuel_tools_vendor:/opt/ros/jazzy/opt/gz_msgs_vendor:/opt/ros/jazzy/opt/gz_common_vendor:/opt/ros/jazzy/opt/gz_math_vendor:/opt/ros/jazzy/opt/gz_utils_vendor:/opt/ros/jazzy/opt/gz_tools_vendor:/opt/ros/jazzy/opt/gz_ogre_next_vendor:/opt/ros/jazzy/opt/gz_dartsim_vendor:/opt/ros/jazzy/opt/gz_cmake_vendor:/opt/ros/jazzy DEBUGINFOD_URLS=https://debuginfod.ubuntu.com LD_LIBRARY_PATH=/home/cam/ros2_ws/src/install/realsense2_camera_msgs/lib:${LD_LIBRARY_PATH} PYTHONPATH=/home/cam/ros2_ws/src/install/realsense2_camera_msgs/lib/python3.12/site-packages:${PYTHONPATH} /usr/bin/cmake --build /home/cam/ros2_ws/src/build/realsense2_description -- -j4 -l4
[2.204s] DEBUG:colcon.colcon_core.event_handler.log_command:Invoking command in '/home/cam/ros2_ws/src/build/realsense2_description': AMENT_PREFIX_PATH=/home/cam/ros2_ws/src/install/realsense2_camera_msgs:${AMENT_PREFIX_PATH} CMAKE_PREFIX_PATH=/home/cam/ros2_ws/src/install/realsense2_camera_msgs:/home/cam/ros2_ws/install/robot_testing:/home/cam/ros2_ws/install/realsense2_description:/home/cam/ros2_ws/install/realsense2_camera:/home/cam/ros2_ws/install/realsense2_camera_msgs:/home/cam/ros2_ws/install/micro_ros_agent:/opt/ros/jazzy/opt/gz_sim_vendor:/opt/ros/jazzy/opt/gz_sensors_vendor:/opt/ros/jazzy/opt/gz_physics_vendor:/opt/ros/jazzy/opt/sdformat_vendor:/opt/ros/jazzy/opt/gz_gui_vendor:/opt/ros/jazzy/opt/gz_transport_vendor:/opt/ros/jazzy/opt/gz_rendering_vendor:/opt/ros/jazzy/opt/gz_plugin_vendor:/opt/ros/jazzy/opt/gz_fuel_tools_vendor:/opt/ros/jazzy/opt/gz_msgs_vendor:/opt/ros/jazzy/opt/gz_common_vendor:/opt/ros/jazzy/opt/gz_math_vendor:/opt/ros/jazzy/opt/gz_utils_vendor:/opt/ros/jazzy/opt/gz_tools_vendor:/opt/ros/jazzy/opt/gz_ogre_next_vendor:/opt/ros/jazzy/opt/gz_dartsim_vendor:/opt/ros/jazzy/opt/gz_cmake_vendor:/opt/ros/jazzy DEBUGINFOD_URLS=https://debuginfod.ubuntu.com LD_LIBRARY_PATH=/home/cam/ros2_ws/src/install/realsense2_camera_msgs/lib:${LD_LIBRARY_PATH} PYTHONPATH=/home/cam/ros2_ws/src/install/realsense2_camera_msgs/lib/python3.12/site-packages:${PYTHONPATH} /usr/bin/cmake --install /home/cam/ros2_ws/src/build/realsense2_description
[2.237s] Level 1:colcon.colcon_core.environment:create_environment_scripts_only(realsense2_description)
[2.237s] Level 1:colcon.colcon_core.environment:checking '/home/cam/ros2_ws/src/install/realsense2_description' for CMake module files
[2.238s] Level 1:colcon.colcon_core.environment:checking '/home/cam/ros2_ws/src/install/realsense2_description' for CMake config files
[2.238s] Level 1:colcon.colcon_core.shell:create_environment_hook('realsense2_description', 'cmake_prefix_path')
[2.239s] INFO:colcon.colcon_core.shell:Creating environment hook '/home/cam/ros2_ws/src/install/realsense2_description/share/realsense2_description/hook/cmake_prefix_path.ps1'
[2.247s] DEBUG:colcon.colcon_core.event_handler.log_command:Invoked command in '/home/cam/ros2_ws/src/build/realsense2_description' returned '0': AMENT_PREFIX_PATH=/home/cam/ros2_ws/src/install/realsense2_camera_msgs:${AMENT_PREFIX_PATH} CMAKE_PREFIX_PATH=/home/cam/ros2_ws/src/install/realsense2_camera_msgs:/home/cam/ros2_ws/install/robot_testing:/home/cam/ros2_ws/install/realsense2_description:/home/cam/ros2_ws/install/realsense2_camera:/home/cam/ros2_ws/install/realsense2_camera_msgs:/home/cam/ros2_ws/install/micro_ros_agent:/opt/ros/jazzy/opt/gz_sim_vendor:/opt/ros/jazzy/opt/gz_sensors_vendor:/opt/ros/jazzy/opt/gz_physics_vendor:/opt/ros/jazzy/opt/sdformat_vendor:/opt/ros/jazzy/opt/gz_gui_vendor:/opt/ros/jazzy/opt/gz_transport_vendor:/opt/ros/jazzy/opt/gz_rendering_vendor:/opt/ros/jazzy/opt/gz_plugin_vendor:/opt/ros/jazzy/opt/gz_fuel_tools_vendor:/opt/ros/jazzy/opt/gz_msgs_vendor:/opt/ros/jazzy/opt/gz_common_vendor:/opt/ros/jazzy/opt/gz_math_vendor:/opt/ros/jazzy/opt/gz_utils_vendor:/opt/ros/jazzy/opt/gz_tools_vendor:/opt/ros/jazzy/opt/gz_ogre_next_vendor:/opt/ros/jazzy/opt/gz_dartsim_vendor:/opt/ros/jazzy/opt/gz_cmake_vendor:/opt/ros/jazzy DEBUGINFOD_URLS=https://debuginfod.ubuntu.com LD_LIBRARY_PATH=/home/cam/ros2_ws/src/install/realsense2_camera_msgs/lib:${LD_LIBRARY_PATH} PYTHONPATH=/home/cam/ros2_ws/src/install/realsense2_camera_msgs/lib/python3.12/site-packages:${PYTHONPATH} /usr/bin/cmake --install /home/cam/ros2_ws/src/build/realsense2_description
[2.247s] INFO:colcon.colcon_core.shell:Creating environment descriptor '/home/cam/ros2_ws/src/install/realsense2_description/share/realsense2_description/hook/cmake_prefix_path.dsv'
[2.247s] INFO:colcon.colcon_core.shell:Creating environment hook '/home/cam/ros2_ws/src/install/realsense2_description/share/realsense2_description/hook/cmake_prefix_path.sh'
[2.256s] Level 1:colcon.colcon_core.environment:checking '/home/cam/ros2_ws/src/install/realsense2_description/bin'
[2.256s] Level 1:colcon.colcon_core.environment:checking '/home/cam/ros2_ws/src/install/realsense2_description/lib/pkgconfig/realsense2_description.pc'
[2.259s] Level 1:colcon.colcon_core.environment:checking '/home/cam/ros2_ws/src/install/realsense2_description/lib/python3.12/site-packages'
[2.260s] Level 1:colcon.colcon_core.environment:checking '/home/cam/ros2_ws/src/install/realsense2_description/bin'
[2.264s] INFO:colcon.colcon_core.shell:Creating package script '/home/cam/ros2_ws/src/install/realsense2_description/share/realsense2_description/package.ps1'
[2.269s] INFO:colcon.colcon_core.shell:Creating package descriptor '/home/cam/ros2_ws/src/install/realsense2_description/share/realsense2_description/package.dsv'
[2.272s] INFO:colcon.colcon_core.shell:Creating package script '/home/cam/ros2_ws/src/install/realsense2_description/share/realsense2_description/package.sh'
[2.274s] INFO:colcon.colcon_core.shell:Creating package script '/home/cam/ros2_ws/src/install/realsense2_description/share/realsense2_description/package.bash'
[2.275s] INFO:colcon.colcon_core.shell:Creating package script '/home/cam/ros2_ws/src/install/realsense2_description/share/realsense2_description/package.zsh'
[2.276s] Level 1:colcon.colcon_core.environment:create_file_with_runtime_dependencies(/home/cam/ros2_ws/src/install/realsense2_description/share/colcon-core/packages/realsense2_description)
[2.277s] Level 1:colcon.colcon_core.environment:create_environment_scripts_only(realsense2_description)
[2.278s] Level 1:colcon.colcon_core.environment:checking '/home/cam/ros2_ws/src/install/realsense2_description' for CMake module files
[2.279s] Level 1:colcon.colcon_core.environment:checking '/home/cam/ros2_ws/src/install/realsense2_description' for CMake config files
[2.280s] Level 1:colcon.colcon_core.shell:create_environment_hook('realsense2_description', 'cmake_prefix_path')
[2.281s] INFO:colcon.colcon_core.shell:Creating environment hook '/home/cam/ros2_ws/src/install/realsense2_description/share/realsense2_description/hook/cmake_prefix_path.ps1'
[2.281s] INFO:colcon.colcon_core.shell:Creating environment descriptor '/home/cam/ros2_ws/src/install/realsense2_description/share/realsense2_description/hook/cmake_prefix_path.dsv'
[2.282s] INFO:colcon.colcon_core.shell:Creating environment hook '/home/cam/ros2_ws/src/install/realsense2_description/share/realsense2_description/hook/cmake_prefix_path.sh'
[2.284s] Level 1:colcon.colcon_core.environment:checking '/home/cam/ros2_ws/src/install/realsense2_description/bin'
[2.284s] Level 1:colcon.colcon_core.environment:checking '/home/cam/ros2_ws/src/install/realsense2_description/lib/pkgconfig/realsense2_description.pc'
[2.285s] Level 1:colcon.colcon_core.environment:checking '/home/cam/ros2_ws/src/install/realsense2_description/lib/python3.12/site-packages'
[2.285s] Level 1:colcon.colcon_core.environment:checking '/home/cam/ros2_ws/src/install/realsense2_description/bin'
[2.286s] INFO:colcon.colcon_core.shell:Creating package script '/home/cam/ros2_ws/src/install/realsense2_description/share/realsense2_description/package.ps1'
[2.287s] INFO:colcon.colcon_core.shell:Creating package descriptor '/home/cam/ros2_ws/src/install/realsense2_description/share/realsense2_description/package.dsv'
[2.288s] INFO:colcon.colcon_core.shell:Creating package script '/home/cam/ros2_ws/src/install/realsense2_description/share/realsense2_description/package.sh'
[2.289s] INFO:colcon.colcon_core.shell:Creating package script '/home/cam/ros2_ws/src/install/realsense2_description/share/realsense2_description/package.bash'
[2.290s] INFO:colcon.colcon_core.shell:Creating package script '/home/cam/ros2_ws/src/install/realsense2_description/share/realsense2_description/package.zsh'
[2.291s] Level 1:colcon.colcon_core.environment:create_file_with_runtime_dependencies(/home/cam/ros2_ws/src/install/realsense2_description/share/colcon-core/packages/realsense2_description)
[2.432s] DEBUG:colcon.colcon_core.event_handler.log_command:Invoked command in '/home/cam/ros2_ws/src/build/realsense2_camera' returned '0': AMENT_PREFIX_PATH=/home/cam/ros2_ws/src/install/realsense2_camera_msgs:${AMENT_PREFIX_PATH} CMAKE_PREFIX_PATH=/home/cam/ros2_ws/src/install/realsense2_camera_msgs:/home/cam/ros2_ws/install/robot_testing:/home/cam/ros2_ws/install/realsense2_description:/home/cam/ros2_ws/install/realsense2_camera:/home/cam/ros2_ws/install/realsense2_camera_msgs:/home/cam/ros2_ws/install/micro_ros_agent:/opt/ros/jazzy/opt/gz_sim_vendor:/opt/ros/jazzy/opt/gz_sensors_vendor:/opt/ros/jazzy/opt/gz_physics_vendor:/opt/ros/jazzy/opt/sdformat_vendor:/opt/ros/jazzy/opt/gz_gui_vendor:/opt/ros/jazzy/opt/gz_transport_vendor:/opt/ros/jazzy/opt/gz_rendering_vendor:/opt/ros/jazzy/opt/gz_plugin_vendor:/opt/ros/jazzy/opt/gz_fuel_tools_vendor:/opt/ros/jazzy/opt/gz_msgs_vendor:/opt/ros/jazzy/opt/gz_common_vendor:/opt/ros/jazzy/opt/gz_math_vendor:/opt/ros/jazzy/opt/gz_utils_vendor:/opt/ros/jazzy/opt/gz_tools_vendor:/opt/ros/jazzy/opt/gz_ogre_next_vendor:/opt/ros/jazzy/opt/gz_dartsim_vendor:/opt/ros/jazzy/opt/gz_cmake_vendor:/opt/ros/jazzy DEBUGINFOD_URLS=https://debuginfod.ubuntu.com LD_LIBRARY_PATH=/home/cam/ros2_ws/src/install/realsense2_camera_msgs/lib:${LD_LIBRARY_PATH} PYTHONPATH=/home/cam/ros2_ws/src/install/realsense2_camera_msgs/lib/python3.12/site-packages:${PYTHONPATH} /usr/bin/cmake --build /home/cam/ros2_ws/src/build/realsense2_camera -- -j4 -l4
[2.439s] DEBUG:colcon.colcon_core.event_handler.log_command:Invoking command in '/home/cam/ros2_ws/src/build/realsense2_camera': AMENT_PREFIX_PATH=/home/cam/ros2_ws/src/install/realsense2_camera_msgs:${AMENT_PREFIX_PATH} CMAKE_PREFIX_PATH=/home/cam/ros2_ws/src/install/realsense2_camera_msgs:/home/cam/ros2_ws/install/robot_testing:/home/cam/ros2_ws/install/realsense2_description:/home/cam/ros2_ws/install/realsense2_camera:/home/cam/ros2_ws/install/realsense2_camera_msgs:/home/cam/ros2_ws/install/micro_ros_agent:/opt/ros/jazzy/opt/gz_sim_vendor:/opt/ros/jazzy/opt/gz_sensors_vendor:/opt/ros/jazzy/opt/gz_physics_vendor:/opt/ros/jazzy/opt/sdformat_vendor:/opt/ros/jazzy/opt/gz_gui_vendor:/opt/ros/jazzy/opt/gz_transport_vendor:/opt/ros/jazzy/opt/gz_rendering_vendor:/opt/ros/jazzy/opt/gz_plugin_vendor:/opt/ros/jazzy/opt/gz_fuel_tools_vendor:/opt/ros/jazzy/opt/gz_msgs_vendor:/opt/ros/jazzy/opt/gz_common_vendor:/opt/ros/jazzy/opt/gz_math_vendor:/opt/ros/jazzy/opt/gz_utils_vendor:/opt/ros/jazzy/opt/gz_tools_vendor:/opt/ros/jazzy/opt/gz_ogre_next_vendor:/opt/ros/jazzy/opt/gz_dartsim_vendor:/opt/ros/jazzy/opt/gz_cmake_vendor:/opt/ros/jazzy DEBUGINFOD_URLS=https://debuginfod.ubuntu.com LD_LIBRARY_PATH=/home/cam/ros2_ws/src/install/realsense2_camera_msgs/lib:${LD_LIBRARY_PATH} PYTHONPATH=/home/cam/ros2_ws/src/install/realsense2_camera_msgs/lib/python3.12/site-packages:${PYTHONPATH} /usr/bin/cmake --install /home/cam/ros2_ws/src/build/realsense2_camera
[2.476s] Level 1:colcon.colcon_core.environment:create_environment_scripts_only(realsense2_camera)
[2.477s] Level 1:colcon.colcon_core.environment:checking '/home/cam/ros2_ws/src/install/realsense2_camera' for CMake module files
[2.477s] DEBUG:colcon.colcon_core.event_handler.log_command:Invoked command in '/home/cam/ros2_ws/src/build/realsense2_camera' returned '0': AMENT_PREFIX_PATH=/home/cam/ros2_ws/src/install/realsense2_camera_msgs:${AMENT_PREFIX_PATH} CMAKE_PREFIX_PATH=/home/cam/ros2_ws/src/install/realsense2_camera_msgs:/home/cam/ros2_ws/install/robot_testing:/home/cam/ros2_ws/install/realsense2_description:/home/cam/ros2_ws/install/realsense2_camera:/home/cam/ros2_ws/install/realsense2_camera_msgs:/home/cam/ros2_ws/install/micro_ros_agent:/opt/ros/jazzy/opt/gz_sim_vendor:/opt/ros/jazzy/opt/gz_sensors_vendor:/opt/ros/jazzy/opt/gz_physics_vendor:/opt/ros/jazzy/opt/sdformat_vendor:/opt/ros/jazzy/opt/gz_gui_vendor:/opt/ros/jazzy/opt/gz_transport_vendor:/opt/ros/jazzy/opt/gz_rendering_vendor:/opt/ros/jazzy/opt/gz_plugin_vendor:/opt/ros/jazzy/opt/gz_fuel_tools_vendor:/opt/ros/jazzy/opt/gz_msgs_vendor:/opt/ros/jazzy/opt/gz_common_vendor:/opt/ros/jazzy/opt/gz_math_vendor:/opt/ros/jazzy/opt/gz_utils_vendor:/opt/ros/jazzy/opt/gz_tools_vendor:/opt/ros/jazzy/opt/gz_ogre_next_vendor:/opt/ros/jazzy/opt/gz_dartsim_vendor:/opt/ros/jazzy/opt/gz_cmake_vendor:/opt/ros/jazzy DEBUGINFOD_URLS=https://debuginfod.ubuntu.com LD_LIBRARY_PATH=/home/cam/ros2_ws/src/install/realsense2_camera_msgs/lib:${LD_LIBRARY_PATH} PYTHONPATH=/home/cam/ros2_ws/src/install/realsense2_camera_msgs/lib/python3.12/site-packages:${PYTHONPATH} /usr/bin/cmake --install /home/cam/ros2_ws/src/build/realsense2_camera
[2.478s] Level 1:colcon.colcon_core.environment:checking '/home/cam/ros2_ws/src/install/realsense2_camera' for CMake config files
[2.478s] Level 1:colcon.colcon_core.shell:create_environment_hook('realsense2_camera', 'cmake_prefix_path')
[2.479s] INFO:colcon.colcon_core.shell:Creating environment hook '/home/cam/ros2_ws/src/install/realsense2_camera/share/realsense2_camera/hook/cmake_prefix_path.ps1'
[2.479s] INFO:colcon.colcon_core.shell:Creating environment descriptor '/home/cam/ros2_ws/src/install/realsense2_camera/share/realsense2_camera/hook/cmake_prefix_path.dsv'
[2.480s] INFO:colcon.colcon_core.shell:Creating environment hook '/home/cam/ros2_ws/src/install/realsense2_camera/share/realsense2_camera/hook/cmake_prefix_path.sh'
[2.481s] Level 1:colcon.colcon_core.environment:checking '/home/cam/ros2_ws/src/install/realsense2_camera/lib'
[2.481s] Level 1:colcon.colcon_core.shell:create_environment_hook('realsense2_camera', 'ld_library_path_lib')
[2.482s] INFO:colcon.colcon_core.shell:Creating environment hook '/home/cam/ros2_ws/src/install/realsense2_camera/share/realsense2_camera/hook/ld_library_path_lib.ps1'
[2.482s] INFO:colcon.colcon_core.shell:Creating environment descriptor '/home/cam/ros2_ws/src/install/realsense2_camera/share/realsense2_camera/hook/ld_library_path_lib.dsv'
[2.483s] INFO:colcon.colcon_core.shell:Creating environment hook '/home/cam/ros2_ws/src/install/realsense2_camera/share/realsense2_camera/hook/ld_library_path_lib.sh'
[2.484s] Level 1:colcon.colcon_core.environment:checking '/home/cam/ros2_ws/src/install/realsense2_camera/bin'
[2.484s] Level 1:colcon.colcon_core.environment:checking '/home/cam/ros2_ws/src/install/realsense2_camera/lib/pkgconfig/realsense2_camera.pc'
[2.484s] Level 1:colcon.colcon_core.environment:checking '/home/cam/ros2_ws/src/install/realsense2_camera/lib/python3.12/site-packages'
[2.484s] Level 1:colcon.colcon_core.environment:checking '/home/cam/ros2_ws/src/install/realsense2_camera/bin'
[2.485s] INFO:colcon.colcon_core.shell:Creating package script '/home/cam/ros2_ws/src/install/realsense2_camera/share/realsense2_camera/package.ps1'
[2.485s] INFO:colcon.colcon_core.shell:Creating package descriptor '/home/cam/ros2_ws/src/install/realsense2_camera/share/realsense2_camera/package.dsv'
[2.487s] INFO:colcon.colcon_core.shell:Creating package script '/home/cam/ros2_ws/src/install/realsense2_camera/share/realsense2_camera/package.sh'
[2.488s] INFO:colcon.colcon_core.shell:Creating package script '/home/cam/ros2_ws/src/install/realsense2_camera/share/realsense2_camera/package.bash'
[2.489s] INFO:colcon.colcon_core.shell:Creating package script '/home/cam/ros2_ws/src/install/realsense2_camera/share/realsense2_camera/package.zsh'
[2.490s] Level 1:colcon.colcon_core.environment:create_file_with_runtime_dependencies(/home/cam/ros2_ws/src/install/realsense2_camera/share/colcon-core/packages/realsense2_camera)
[2.491s] Level 1:colcon.colcon_core.environment:create_environment_scripts_only(realsense2_camera)
[2.492s] Level 1:colcon.colcon_core.environment:checking '/home/cam/ros2_ws/src/install/realsense2_camera' for CMake module files
[2.492s] Level 1:colcon.colcon_core.environment:checking '/home/cam/ros2_ws/src/install/realsense2_camera' for CMake config files
[2.493s] Level 1:colcon.colcon_core.shell:create_environment_hook('realsense2_camera', 'cmake_prefix_path')
[2.493s] INFO:colcon.colcon_core.shell:Creating environment hook '/home/cam/ros2_ws/src/install/realsense2_camera/share/realsense2_camera/hook/cmake_prefix_path.ps1'
[2.493s] INFO:colcon.colcon_core.shell:Creating environment descriptor '/home/cam/ros2_ws/src/install/realsense2_camera/share/realsense2_camera/hook/cmake_prefix_path.dsv'
[2.495s] INFO:colcon.colcon_core.shell:Creating environment hook '/home/cam/ros2_ws/src/install/realsense2_camera/share/realsense2_camera/hook/cmake_prefix_path.sh'
[2.496s] Level 1:colcon.colcon_core.environment:checking '/home/cam/ros2_ws/src/install/realsense2_camera/lib'
[2.496s] Level 1:colcon.colcon_core.shell:create_environment_hook('realsense2_camera', 'ld_library_path_lib')
[2.496s] INFO:colcon.colcon_core.shell:Creating environment hook '/home/cam/ros2_ws/src/install/realsense2_camera/share/realsense2_camera/hook/ld_library_path_lib.ps1'
[2.497s] INFO:colcon.colcon_core.shell:Creating environment descriptor '/home/cam/ros2_ws/src/install/realsense2_camera/share/realsense2_camera/hook/ld_library_path_lib.dsv'
[2.498s] INFO:colcon.colcon_core.shell:Creating environment hook '/home/cam/ros2_ws/src/install/realsense2_camera/share/realsense2_camera/hook/ld_library_path_lib.sh'
[2.500s] Level 1:colcon.colcon_core.environment:checking '/home/cam/ros2_ws/src/install/realsense2_camera/bin'
[2.500s] Level 1:colcon.colcon_core.environment:checking '/home/cam/ros2_ws/src/install/realsense2_camera/lib/pkgconfig/realsense2_camera.pc'
[2.500s] Level 1:colcon.colcon_core.environment:checking '/home/cam/ros2_ws/src/install/realsense2_camera/lib/python3.12/site-packages'
[2.501s] Level 1:colcon.colcon_core.environment:checking '/home/cam/ros2_ws/src/install/realsense2_camera/bin'
[2.501s] INFO:colcon.colcon_core.shell:Creating package script '/home/cam/ros2_ws/src/install/realsense2_camera/share/realsense2_camera/package.ps1'
[2.502s] INFO:colcon.colcon_core.shell:Creating package descriptor '/home/cam/ros2_ws/src/install/realsense2_camera/share/realsense2_camera/package.dsv'
[2.503s] INFO:colcon.colcon_core.shell:Creating package script '/home/cam/ros2_ws/src/install/realsense2_camera/share/realsense2_camera/package.sh'
[2.505s] INFO:colcon.colcon_core.shell:Creating package script '/home/cam/ros2_ws/src/install/realsense2_camera/share/realsense2_camera/package.bash'
[2.507s] INFO:colcon.colcon_core.shell:Creating package script '/home/cam/ros2_ws/src/install/realsense2_camera/share/realsense2_camera/package.zsh'
[2.508s] Level 1:colcon.colcon_core.environment:create_file_with_runtime_dependencies(/home/cam/ros2_ws/src/install/realsense2_camera/share/colcon-core/packages/realsense2_camera)
[2.679s] DEBUG:colcon.colcon_core.event_handler.log_command:Invoking command in '/home/cam/ros2_ws/src/robot_testing': DEBUGINFOD_URLS=https://debuginfod.ubuntu.com PYTHONPATH=/home/cam/ros2_ws/src/build/robot_testing/prefix_override:/usr/lib/python3/dist-packages/colcon_core/task/python/colcon_distutils_commands:/home/cam/ros2_ws/src/install/robot_testing/lib/python3.12/site-packages:${PYTHONPATH} /usr/bin/python3 -W ignore:setup.py install is deprecated -W ignore:easy_install command is deprecated setup.py egg_info --egg-base ../build/robot_testing build --build-base /home/cam/ros2_ws/src/build/robot_testing/build install --record /home/cam/ros2_ws/src/build/robot_testing/install.log --single-version-externally-managed install_data
[3.709s] Level 1:colcon.colcon_core.environment:checking '/home/cam/ros2_ws/src/install/robot_testing' for CMake module files
[3.710s] DEBUG:colcon.colcon_core.event_handler.log_command:Invoked command in '/home/cam/ros2_ws/src/robot_testing' returned '0': DEBUGINFOD_URLS=https://debuginfod.ubuntu.com PYTHONPATH=/home/cam/ros2_ws/src/build/robot_testing/prefix_override:/usr/lib/python3/dist-packages/colcon_core/task/python/colcon_distutils_commands:/home/cam/ros2_ws/src/install/robot_testing/lib/python3.12/site-packages:${PYTHONPATH} /usr/bin/python3 -W ignore:setup.py install is deprecated -W ignore:easy_install command is deprecated setup.py egg_info --egg-base ../build/robot_testing build --build-base /home/cam/ros2_ws/src/build/robot_testing/build install --record /home/cam/ros2_ws/src/build/robot_testing/install.log --single-version-externally-managed install_data
[3.710s] Level 1:colcon.colcon_core.environment:checking '/home/cam/ros2_ws/src/install/robot_testing' for CMake config files
[3.710s] Level 1:colcon.colcon_core.shell:create_environment_hook('robot_testing', 'cmake_prefix_path')
[3.711s] INFO:colcon.colcon_core.shell:Creating environment hook '/home/cam/ros2_ws/src/install/robot_testing/share/robot_testing/hook/cmake_prefix_path.ps1'
[3.711s] INFO:colcon.colcon_core.shell:Creating environment descriptor '/home/cam/ros2_ws/src/install/robot_testing/share/robot_testing/hook/cmake_prefix_path.dsv'
[3.712s] INFO:colcon.colcon_core.shell:Creating environment hook '/home/cam/ros2_ws/src/install/robot_testing/share/robot_testing/hook/cmake_prefix_path.sh'
[3.713s] Level 1:colcon.colcon_core.environment:checking '/home/cam/ros2_ws/src/install/robot_testing/lib'
[3.713s] Level 1:colcon.colcon_core.environment:checking '/home/cam/ros2_ws/src/install/robot_testing/bin'
[3.713s] Level 1:colcon.colcon_core.environment:checking '/home/cam/ros2_ws/src/install/robot_testing/lib/pkgconfig/robot_testing.pc'
[3.714s] Level 1:colcon.colcon_core.environment:checking '/home/cam/ros2_ws/src/install/robot_testing/lib/python3.12/site-packages'
[3.714s] Level 1:colcon.colcon_core.shell:create_environment_hook('robot_testing', 'pythonpath')
[3.714s] INFO:colcon.colcon_core.shell:Creating environment hook '/home/cam/ros2_ws/src/install/robot_testing/share/robot_testing/hook/pythonpath.ps1'
[3.714s] INFO:colcon.colcon_core.shell:Creating environment descriptor '/home/cam/ros2_ws/src/install/robot_testing/share/robot_testing/hook/pythonpath.dsv'
[3.715s] INFO:colcon.colcon_core.shell:Creating environment hook '/home/cam/ros2_ws/src/install/robot_testing/share/robot_testing/hook/pythonpath.sh'
[3.716s] Level 1:colcon.colcon_core.environment:checking '/home/cam/ros2_ws/src/install/robot_testing/bin'
[3.716s] Level 1:colcon.colcon_core.environment:create_environment_scripts_only(robot_testing)
[3.716s] INFO:colcon.colcon_core.shell:Creating package script '/home/cam/ros2_ws/src/install/robot_testing/share/robot_testing/package.ps1'
[3.717s] INFO:colcon.colcon_core.shell:Creating package descriptor '/home/cam/ros2_ws/src/install/robot_testing/share/robot_testing/package.dsv'
[3.718s] INFO:colcon.colcon_core.shell:Creating package script '/home/cam/ros2_ws/src/install/robot_testing/share/robot_testing/package.sh'
[3.718s] INFO:colcon.colcon_core.shell:Creating package script '/home/cam/ros2_ws/src/install/robot_testing/share/robot_testing/package.bash'
[3.719s] INFO:colcon.colcon_core.shell:Creating package script '/home/cam/ros2_ws/src/install/robot_testing/share/robot_testing/package.zsh'
[3.720s] Level 1:colcon.colcon_core.environment:create_file_with_runtime_dependencies(/home/cam/ros2_ws/src/install/robot_testing/share/colcon-core/packages/robot_testing)
[3.721s] DEBUG:colcon.colcon_parallel_executor.executor.parallel:closing loop
[3.722s] DEBUG:colcon.colcon_parallel_executor.executor.parallel:loop closed
[3.722s] DEBUG:colcon.colcon_parallel_executor.executor.parallel:run_until_complete finished with '0'
[3.722s] DEBUG:colcon.colcon_core.event_reactor:joining thread
[3.750s] INFO:colcon.colcon_core.plugin_system:Skipping extension 'colcon_notification.desktop_notification.terminal_notifier': Not used on non-Darwin systems
[3.750s] INFO:colcon.colcon_core.plugin_system:Skipping extension 'colcon_notification.desktop_notification.win32': Not used on non-Windows systems
[3.750s] INFO:colcon.colcon_notification.desktop_notification:Sending desktop notification using 'notify2'
[3.790s] DEBUG:colcon.colcon_core.event_reactor:joined thread
[3.790s] INFO:colcon.colcon_core.shell:Creating prefix script '/home/cam/ros2_ws/src/install/local_setup.ps1'
[3.792s] INFO:colcon.colcon_core.shell:Creating prefix util module '/home/cam/ros2_ws/src/install/_local_setup_util_ps1.py'
[3.793s] INFO:colcon.colcon_core.shell:Creating prefix chain script '/home/cam/ros2_ws/src/install/setup.ps1'
[3.795s] INFO:colcon.colcon_core.shell:Creating prefix script '/home/cam/ros2_ws/src/install/local_setup.sh'
[3.796s] INFO:colcon.colcon_core.shell:Creating prefix util module '/home/cam/ros2_ws/src/install/_local_setup_util_sh.py'
[3.797s] INFO:colcon.colcon_core.shell:Creating prefix chain script '/home/cam/ros2_ws/src/install/setup.sh'
[3.799s] INFO:colcon.colcon_core.shell:Creating prefix script '/home/cam/ros2_ws/src/install/local_setup.bash'
[3.800s] INFO:colcon.colcon_core.shell:Creating prefix chain script '/home/cam/ros2_ws/src/install/setup.bash'
[3.802s] INFO:colcon.colcon_core.shell:Creating prefix script '/home/cam/ros2_ws/src/install/local_setup.zsh'
[3.803s] INFO:colcon.colcon_core.shell:Creating prefix chain script '/home/cam/ros2_ws/src/install/setup.zsh'
