[0.048s] Invoking command in '/home/cam/ros2_ws/src/build/realsense2_camera': AMENT_PREFIX_PATH=/home/cam/ros2_ws/src/install/realsense2_camera_msgs:${AMENT_PREFIX_PATH} CMAKE_PREFIX_PATH=/home/cam/ros2_ws/src/install/realsense2_camera_msgs:/home/cam/ros2_ws/install/robot_testing:/home/cam/ros2_ws/install/realsense2_description:/home/cam/ros2_ws/install/realsense2_camera:/home/cam/ros2_ws/install/realsense2_camera_msgs:/home/cam/ros2_ws/install/micro_ros_agent:/opt/ros/jazzy/opt/gz_sim_vendor:/opt/ros/jazzy/opt/gz_sensors_vendor:/opt/ros/jazzy/opt/gz_physics_vendor:/opt/ros/jazzy/opt/sdformat_vendor:/opt/ros/jazzy/opt/gz_gui_vendor:/opt/ros/jazzy/opt/gz_transport_vendor:/opt/ros/jazzy/opt/gz_rendering_vendor:/opt/ros/jazzy/opt/gz_plugin_vendor:/opt/ros/jazzy/opt/gz_fuel_tools_vendor:/opt/ros/jazzy/opt/gz_msgs_vendor:/opt/ros/jazzy/opt/gz_common_vendor:/opt/ros/jazzy/opt/gz_math_vendor:/opt/ros/jazzy/opt/gz_utils_vendor:/opt/ros/jazzy/opt/gz_tools_vendor:/opt/ros/jazzy/opt/gz_ogre_next_vendor:/opt/ros/jazzy/opt/gz_dartsim_vendor:/opt/ros/jazzy/opt/gz_cmake_vendor:/opt/ros/jazzy DEBUGINFOD_URLS=https://debuginfod.ubuntu.com LD_LIBRARY_PATH=/home/cam/ros2_ws/src/install/realsense2_camera_msgs/lib:${LD_LIBRARY_PATH} PYTHONPATH=/home/cam/ros2_ws/src/install/realsense2_camera_msgs/lib/python3.12/site-packages:${PYTHONPATH} /usr/bin/cmake --build /home/cam/ros2_ws/src/build/realsense2_camera -- -j4 -l4
[0.283s] [  9%] Built target realsense2_camera_node
[0.290s] [ 18%] Built target gtest
[0.296s] [ 27%] Built target gtest_main
[0.397s] [ 36%] Built target gtest_template
[0.410s] [100%] Built target realsense2_camera
[0.442s] Invoked command in '/home/cam/ros2_ws/src/build/realsense2_camera' returned '0': AMENT_PREFIX_PATH=/home/cam/ros2_ws/src/install/realsense2_camera_msgs:${AMENT_PREFIX_PATH} CMAKE_PREFIX_PATH=/home/cam/ros2_ws/src/install/realsense2_camera_msgs:/home/cam/ros2_ws/install/robot_testing:/home/cam/ros2_ws/install/realsense2_description:/home/cam/ros2_ws/install/realsense2_camera:/home/cam/ros2_ws/install/realsense2_camera_msgs:/home/cam/ros2_ws/install/micro_ros_agent:/opt/ros/jazzy/opt/gz_sim_vendor:/opt/ros/jazzy/opt/gz_sensors_vendor:/opt/ros/jazzy/opt/gz_physics_vendor:/opt/ros/jazzy/opt/sdformat_vendor:/opt/ros/jazzy/opt/gz_gui_vendor:/opt/ros/jazzy/opt/gz_transport_vendor:/opt/ros/jazzy/opt/gz_rendering_vendor:/opt/ros/jazzy/opt/gz_plugin_vendor:/opt/ros/jazzy/opt/gz_fuel_tools_vendor:/opt/ros/jazzy/opt/gz_msgs_vendor:/opt/ros/jazzy/opt/gz_common_vendor:/opt/ros/jazzy/opt/gz_math_vendor:/opt/ros/jazzy/opt/gz_utils_vendor:/opt/ros/jazzy/opt/gz_tools_vendor:/opt/ros/jazzy/opt/gz_ogre_next_vendor:/opt/ros/jazzy/opt/gz_dartsim_vendor:/opt/ros/jazzy/opt/gz_cmake_vendor:/opt/ros/jazzy DEBUGINFOD_URLS=https://debuginfod.ubuntu.com LD_LIBRARY_PATH=/home/cam/ros2_ws/src/install/realsense2_camera_msgs/lib:${LD_LIBRARY_PATH} PYTHONPATH=/home/cam/ros2_ws/src/install/realsense2_camera_msgs/lib/python3.12/site-packages:${PYTHONPATH} /usr/bin/cmake --build /home/cam/ros2_ws/src/build/realsense2_camera -- -j4 -l4
[0.449s] Invoking command in '/home/cam/ros2_ws/src/build/realsense2_camera': AMENT_PREFIX_PATH=/home/cam/ros2_ws/src/install/realsense2_camera_msgs:${AMENT_PREFIX_PATH} CMAKE_PREFIX_PATH=/home/cam/ros2_ws/src/install/realsense2_camera_msgs:/home/cam/ros2_ws/install/robot_testing:/home/cam/ros2_ws/install/realsense2_description:/home/cam/ros2_ws/install/realsense2_camera:/home/cam/ros2_ws/install/realsense2_camera_msgs:/home/cam/ros2_ws/install/micro_ros_agent:/opt/ros/jazzy/opt/gz_sim_vendor:/opt/ros/jazzy/opt/gz_sensors_vendor:/opt/ros/jazzy/opt/gz_physics_vendor:/opt/ros/jazzy/opt/sdformat_vendor:/opt/ros/jazzy/opt/gz_gui_vendor:/opt/ros/jazzy/opt/gz_transport_vendor:/opt/ros/jazzy/opt/gz_rendering_vendor:/opt/ros/jazzy/opt/gz_plugin_vendor:/opt/ros/jazzy/opt/gz_fuel_tools_vendor:/opt/ros/jazzy/opt/gz_msgs_vendor:/opt/ros/jazzy/opt/gz_common_vendor:/opt/ros/jazzy/opt/gz_math_vendor:/opt/ros/jazzy/opt/gz_utils_vendor:/opt/ros/jazzy/opt/gz_tools_vendor:/opt/ros/jazzy/opt/gz_ogre_next_vendor:/opt/ros/jazzy/opt/gz_dartsim_vendor:/opt/ros/jazzy/opt/gz_cmake_vendor:/opt/ros/jazzy DEBUGINFOD_URLS=https://debuginfod.ubuntu.com LD_LIBRARY_PATH=/home/cam/ros2_ws/src/install/realsense2_camera_msgs/lib:${LD_LIBRARY_PATH} PYTHONPATH=/home/cam/ros2_ws/src/install/realsense2_camera_msgs/lib/python3.12/site-packages:${PYTHONPATH} /usr/bin/cmake --install /home/cam/ros2_ws/src/build/realsense2_camera
[0.475s] -- Install configuration: "Release"
[0.476s] -- Up-to-date: /home/cam/ros2_ws/src/install/realsense2_camera/lib/realsense2_camera/realsense2_camera_node
[0.478s] -- Up-to-date: /home/cam/ros2_ws/src/install/realsense2_camera/lib/librealsense2_camera.so
[0.478s] -- Up-to-date: /home/cam/ros2_ws/src/install/realsense2_camera/include
[0.478s] -- Up-to-date: /home/cam/ros2_ws/src/install/realsense2_camera/include/ros_sensor.h
[0.481s] -- Up-to-date: /home/cam/ros2_ws/src/install/realsense2_camera/include/dynamic_params.h
[0.481s] -- Up-to-date: /home/cam/ros2_ws/src/install/realsense2_camera/include/profile_manager.h
[0.481s] -- Up-to-date: /home/cam/ros2_ws/src/install/realsense2_camera/include/base_realsense_node.h
[0.481s] -- Up-to-date: /home/cam/ros2_ws/src/install/realsense2_camera/include/image_publisher.h
[0.481s] -- Up-to-date: /home/cam/ros2_ws/src/install/realsense2_camera/include/ros_param_backend.h
[0.481s] -- Up-to-date: /home/cam/ros2_ws/src/install/realsense2_camera/include/sensor_params.h
[0.481s] -- Up-to-date: /home/cam/ros2_ws/src/install/realsense2_camera/include/ros_utils.h
[0.481s] -- Up-to-date: /home/cam/ros2_ws/src/install/realsense2_camera/include/named_filter.h
[0.481s] -- Up-to-date: /home/cam/ros2_ws/src/install/realsense2_camera/include/realsense_node_factory.h
[0.481s] -- Up-to-date: /home/cam/ros2_ws/src/install/realsense2_camera/include/gl_window.h
[0.482s] -- Up-to-date: /home/cam/ros2_ws/src/install/realsense2_camera/include/constants.h
[0.482s] -- Up-to-date: /home/cam/ros2_ws/src/install/realsense2_camera/share/realsense2_camera/launch
[0.482s] -- Up-to-date: /home/cam/ros2_ws/src/install/realsense2_camera/share/realsense2_camera/launch/rs_multi_camera_launch.py
[0.482s] -- Up-to-date: /home/cam/ros2_ws/src/install/realsense2_camera/share/realsense2_camera/launch/default.rviz
[0.482s] -- Up-to-date: /home/cam/ros2_ws/src/install/realsense2_camera/share/realsense2_camera/launch/rs_intra_process_demo_launch.py
[0.482s] -- Up-to-date: /home/cam/ros2_ws/src/install/realsense2_camera/share/realsense2_camera/launch/rs_launch.py
[0.482s] -- Up-to-date: /home/cam/ros2_ws/src/install/realsense2_camera/share/realsense2_camera/examples
[0.482s] -- Up-to-date: /home/cam/ros2_ws/src/install/realsense2_camera/share/realsense2_camera/examples/align_depth
[0.482s] -- Up-to-date: /home/cam/ros2_ws/src/install/realsense2_camera/share/realsense2_camera/examples/align_depth/README.md
[0.482s] -- Up-to-date: /home/cam/ros2_ws/src/install/realsense2_camera/share/realsense2_camera/examples/align_depth/rs_align_depth_launch.py
[0.483s] -- Up-to-date: /home/cam/ros2_ws/src/install/realsense2_camera/share/realsense2_camera/examples/pointcloud
[0.483s] -- Up-to-date: /home/cam/ros2_ws/src/install/realsense2_camera/share/realsense2_camera/examples/pointcloud/rviz
[0.483s] -- Up-to-date: /home/cam/ros2_ws/src/install/realsense2_camera/share/realsense2_camera/examples/pointcloud/rviz/pointcloud.rviz
[0.483s] -- Up-to-date: /home/cam/ros2_ws/src/install/realsense2_camera/share/realsense2_camera/examples/pointcloud/rviz/urdf_pointcloud.rviz
[0.483s] -- Up-to-date: /home/cam/ros2_ws/src/install/realsense2_camera/share/realsense2_camera/examples/pointcloud/README.md
[0.483s] -- Up-to-date: /home/cam/ros2_ws/src/install/realsense2_camera/share/realsense2_camera/examples/pointcloud/rs_pointcloud_launch.py
[0.483s] -- Up-to-date: /home/cam/ros2_ws/src/install/realsense2_camera/share/realsense2_camera/examples/pointcloud/rs_d405_pointcloud_launch.py
[0.483s] -- Up-to-date: /home/cam/ros2_ws/src/install/realsense2_camera/share/realsense2_camera/examples/pointcloud/rs_d455_pointcloud_launch.py
[0.483s] -- Up-to-date: /home/cam/ros2_ws/src/install/realsense2_camera/share/realsense2_camera/examples/launch_params_from_file
[0.483s] -- Up-to-date: /home/cam/ros2_ws/src/install/realsense2_camera/share/realsense2_camera/examples/launch_params_from_file/README.md
[0.483s] -- Up-to-date: /home/cam/ros2_ws/src/install/realsense2_camera/share/realsense2_camera/examples/launch_params_from_file/config
[0.483s] -- Up-to-date: /home/cam/ros2_ws/src/install/realsense2_camera/share/realsense2_camera/examples/launch_params_from_file/config/config.yaml
[0.484s] -- Up-to-date: /home/cam/ros2_ws/src/install/realsense2_camera/share/realsense2_camera/examples/launch_params_from_file/rs_launch_get_params_from_yaml.py
[0.484s] -- Up-to-date: /home/cam/ros2_ws/src/install/realsense2_camera/share/realsense2_camera/examples/launch_from_rosbag
[0.484s] -- Up-to-date: /home/cam/ros2_ws/src/install/realsense2_camera/share/realsense2_camera/examples/launch_from_rosbag/rs_launch_from_rosbag.py
[0.484s] -- Up-to-date: /home/cam/ros2_ws/src/install/realsense2_camera/share/realsense2_camera/examples/launch_from_rosbag/README.md
[0.484s] -- Up-to-date: /home/cam/ros2_ws/src/install/realsense2_camera/share/realsense2_camera/examples/dual_camera
[0.484s] -- Up-to-date: /home/cam/ros2_ws/src/install/realsense2_camera/share/realsense2_camera/examples/dual_camera/rviz
[0.484s] -- Up-to-date: /home/cam/ros2_ws/src/install/realsense2_camera/share/realsense2_camera/examples/dual_camera/rviz/dual_camera_pointcloud.rviz
[0.484s] -- Up-to-date: /home/cam/ros2_ws/src/install/realsense2_camera/share/realsense2_camera/examples/dual_camera/README.md
[0.484s] -- Up-to-date: /home/cam/ros2_ws/src/install/realsense2_camera/share/realsense2_camera/examples/dual_camera/rs_dual_camera_launch.py
[0.484s] -- Up-to-date: /home/cam/ros2_ws/src/install/realsense2_camera/share/realsense2_camera/environment/library_path.sh
[0.484s] -- Up-to-date: /home/cam/ros2_ws/src/install/realsense2_camera/share/realsense2_camera/environment/library_path.dsv
[0.485s] -- Up-to-date: /home/cam/ros2_ws/src/install/realsense2_camera/share/ament_index/resource_index/package_run_dependencies/realsense2_camera
[0.485s] -- Up-to-date: /home/cam/ros2_ws/src/install/realsense2_camera/share/ament_index/resource_index/parent_prefix_path/realsense2_camera
[0.485s] -- Up-to-date: /home/cam/ros2_ws/src/install/realsense2_camera/share/realsense2_camera/environment/ament_prefix_path.sh
[0.485s] -- Up-to-date: /home/cam/ros2_ws/src/install/realsense2_camera/share/realsense2_camera/environment/ament_prefix_path.dsv
[0.485s] -- Up-to-date: /home/cam/ros2_ws/src/install/realsense2_camera/share/realsense2_camera/environment/path.sh
[0.485s] -- Up-to-date: /home/cam/ros2_ws/src/install/realsense2_camera/share/realsense2_camera/environment/path.dsv
[0.485s] -- Up-to-date: /home/cam/ros2_ws/src/install/realsense2_camera/share/realsense2_camera/local_setup.bash
[0.485s] -- Up-to-date: /home/cam/ros2_ws/src/install/realsense2_camera/share/realsense2_camera/local_setup.sh
[0.485s] -- Up-to-date: /home/cam/ros2_ws/src/install/realsense2_camera/share/realsense2_camera/local_setup.zsh
[0.485s] -- Up-to-date: /home/cam/ros2_ws/src/install/realsense2_camera/share/realsense2_camera/local_setup.dsv
[0.485s] -- Installing: /home/cam/ros2_ws/src/install/realsense2_camera/share/realsense2_camera/package.dsv
[0.486s] -- Up-to-date: /home/cam/ros2_ws/src/install/realsense2_camera/share/ament_index/resource_index/packages/realsense2_camera
[0.486s] -- Up-to-date: /home/cam/ros2_ws/src/install/realsense2_camera/share/ament_index/resource_index/rclcpp_components/realsense2_camera
[0.486s] -- Up-to-date: /home/cam/ros2_ws/src/install/realsense2_camera/share/realsense2_camera/cmake/ament_cmake_export_include_directories-extras.cmake
[0.486s] -- Up-to-date: /home/cam/ros2_ws/src/install/realsense2_camera/share/realsense2_camera/cmake/ament_cmake_export_libraries-extras.cmake
[0.486s] -- Up-to-date: /home/cam/ros2_ws/src/install/realsense2_camera/share/realsense2_camera/cmake/ament_cmake_export_dependencies-extras.cmake
[0.486s] -- Up-to-date: /home/cam/ros2_ws/src/install/realsense2_camera/share/realsense2_camera/cmake/realsense2_cameraConfig.cmake
[0.486s] -- Up-to-date: /home/cam/ros2_ws/src/install/realsense2_camera/share/realsense2_camera/cmake/realsense2_cameraConfig-version.cmake
[0.486s] -- Up-to-date: /home/cam/ros2_ws/src/install/realsense2_camera/share/realsense2_camera/package.xml
[0.487s] Invoked command in '/home/cam/ros2_ws/src/build/realsense2_camera' returned '0': AMENT_PREFIX_PATH=/home/cam/ros2_ws/src/install/realsense2_camera_msgs:${AMENT_PREFIX_PATH} CMAKE_PREFIX_PATH=/home/cam/ros2_ws/src/install/realsense2_camera_msgs:/home/cam/ros2_ws/install/robot_testing:/home/cam/ros2_ws/install/realsense2_description:/home/cam/ros2_ws/install/realsense2_camera:/home/cam/ros2_ws/install/realsense2_camera_msgs:/home/cam/ros2_ws/install/micro_ros_agent:/opt/ros/jazzy/opt/gz_sim_vendor:/opt/ros/jazzy/opt/gz_sensors_vendor:/opt/ros/jazzy/opt/gz_physics_vendor:/opt/ros/jazzy/opt/sdformat_vendor:/opt/ros/jazzy/opt/gz_gui_vendor:/opt/ros/jazzy/opt/gz_transport_vendor:/opt/ros/jazzy/opt/gz_rendering_vendor:/opt/ros/jazzy/opt/gz_plugin_vendor:/opt/ros/jazzy/opt/gz_fuel_tools_vendor:/opt/ros/jazzy/opt/gz_msgs_vendor:/opt/ros/jazzy/opt/gz_common_vendor:/opt/ros/jazzy/opt/gz_math_vendor:/opt/ros/jazzy/opt/gz_utils_vendor:/opt/ros/jazzy/opt/gz_tools_vendor:/opt/ros/jazzy/opt/gz_ogre_next_vendor:/opt/ros/jazzy/opt/gz_dartsim_vendor:/opt/ros/jazzy/opt/gz_cmake_vendor:/opt/ros/jazzy DEBUGINFOD_URLS=https://debuginfod.ubuntu.com LD_LIBRARY_PATH=/home/cam/ros2_ws/src/install/realsense2_camera_msgs/lib:${LD_LIBRARY_PATH} PYTHONPATH=/home/cam/ros2_ws/src/install/realsense2_camera_msgs/lib/python3.12/site-packages:${PYTHONPATH} /usr/bin/cmake --install /home/cam/ros2_ws/src/build/realsense2_camera
