[0.049s] Invoking command in '/home/cam/ros2_ws/src/build/realsense2_description': AMENT_PREFIX_PATH=/home/cam/ros2_ws/src/install/realsense2_camera_msgs:${AMENT_PREFIX_PATH} CMAKE_PREFIX_PATH=/home/cam/ros2_ws/src/install/realsense2_camera_msgs:/home/cam/ros2_ws/install/robot_testing:/home/cam/ros2_ws/install/realsense2_description:/home/cam/ros2_ws/install/realsense2_camera:/home/cam/ros2_ws/install/realsense2_camera_msgs:/home/cam/ros2_ws/install/micro_ros_agent:/opt/ros/jazzy/opt/gz_sim_vendor:/opt/ros/jazzy/opt/gz_sensors_vendor:/opt/ros/jazzy/opt/gz_physics_vendor:/opt/ros/jazzy/opt/sdformat_vendor:/opt/ros/jazzy/opt/gz_gui_vendor:/opt/ros/jazzy/opt/gz_transport_vendor:/opt/ros/jazzy/opt/gz_rendering_vendor:/opt/ros/jazzy/opt/gz_plugin_vendor:/opt/ros/jazzy/opt/gz_fuel_tools_vendor:/opt/ros/jazzy/opt/gz_msgs_vendor:/opt/ros/jazzy/opt/gz_common_vendor:/opt/ros/jazzy/opt/gz_math_vendor:/opt/ros/jazzy/opt/gz_utils_vendor:/opt/ros/jazzy/opt/gz_tools_vendor:/opt/ros/jazzy/opt/gz_ogre_next_vendor:/opt/ros/jazzy/opt/gz_dartsim_vendor:/opt/ros/jazzy/opt/gz_cmake_vendor:/opt/ros/jazzy DEBUGINFOD_URLS=https://debuginfod.ubuntu.com LD_LIBRARY_PATH=/home/cam/ros2_ws/src/install/realsense2_camera_msgs/lib:${LD_LIBRARY_PATH} PYTHONPATH=/home/cam/ros2_ws/src/install/realsense2_camera_msgs/lib/python3.12/site-packages:${PYTHONPATH} /usr/bin/cmake /home/cam/ros2_ws/src/realsense-ros/realsense2_description -DCMAKE_INSTALL_PREFIX=/home/cam/ros2_ws/src/install/realsense2_description
[0.267s] -- The C compiler identification is GNU 13.3.0
[0.435s] -- The CXX compiler identification is GNU 13.3.0
[0.510s] -- Detecting C compiler ABI info
[0.838s] -- Detecting C compiler ABI info - done
[0.890s] -- Check for working C compiler: /usr/bin/cc - skipped
[0.891s] -- Detecting C compile features
[0.893s] -- Detecting C compile features - done
[0.918s] -- Detecting CXX compiler ABI info
[1.244s] -- Detecting CXX compiler ABI info - done
[1.287s] -- Check for working CXX compiler: /usr/bin/c++ - skipped
[1.289s] -- Detecting CXX compile features
[1.292s] -- Detecting CXX compile features - done
[1.309s] -- Found ament_cmake: 2.5.5 (/opt/ros/jazzy/share/ament_cmake/cmake)
[1.841s] -- Found Python3: /usr/bin/python3 (found version "3.12.3") found components: Interpreter 
[2.442s] -- Configuring done (2.4s)
[2.446s] -- Generating done (0.0s)
[2.449s] -- Build files have been written to: /home/cam/ros2_ws/src/build/realsense2_description
[2.461s] Invoked command in '/home/cam/ros2_ws/src/build/realsense2_description' returned '0': AMENT_PREFIX_PATH=/home/cam/ros2_ws/src/install/realsense2_camera_msgs:${AMENT_PREFIX_PATH} CMAKE_PREFIX_PATH=/home/cam/ros2_ws/src/install/realsense2_camera_msgs:/home/cam/ros2_ws/install/robot_testing:/home/cam/ros2_ws/install/realsense2_description:/home/cam/ros2_ws/install/realsense2_camera:/home/cam/ros2_ws/install/realsense2_camera_msgs:/home/cam/ros2_ws/install/micro_ros_agent:/opt/ros/jazzy/opt/gz_sim_vendor:/opt/ros/jazzy/opt/gz_sensors_vendor:/opt/ros/jazzy/opt/gz_physics_vendor:/opt/ros/jazzy/opt/sdformat_vendor:/opt/ros/jazzy/opt/gz_gui_vendor:/opt/ros/jazzy/opt/gz_transport_vendor:/opt/ros/jazzy/opt/gz_rendering_vendor:/opt/ros/jazzy/opt/gz_plugin_vendor:/opt/ros/jazzy/opt/gz_fuel_tools_vendor:/opt/ros/jazzy/opt/gz_msgs_vendor:/opt/ros/jazzy/opt/gz_common_vendor:/opt/ros/jazzy/opt/gz_math_vendor:/opt/ros/jazzy/opt/gz_utils_vendor:/opt/ros/jazzy/opt/gz_tools_vendor:/opt/ros/jazzy/opt/gz_ogre_next_vendor:/opt/ros/jazzy/opt/gz_dartsim_vendor:/opt/ros/jazzy/opt/gz_cmake_vendor:/opt/ros/jazzy DEBUGINFOD_URLS=https://debuginfod.ubuntu.com LD_LIBRARY_PATH=/home/cam/ros2_ws/src/install/realsense2_camera_msgs/lib:${LD_LIBRARY_PATH} PYTHONPATH=/home/cam/ros2_ws/src/install/realsense2_camera_msgs/lib/python3.12/site-packages:${PYTHONPATH} /usr/bin/cmake /home/cam/ros2_ws/src/realsense-ros/realsense2_description -DCMAKE_INSTALL_PREFIX=/home/cam/ros2_ws/src/install/realsense2_description
[2.462s] Invoking command in '/home/cam/ros2_ws/src/build/realsense2_description': AMENT_PREFIX_PATH=/home/cam/ros2_ws/src/install/realsense2_camera_msgs:${AMENT_PREFIX_PATH} CMAKE_PREFIX_PATH=/home/cam/ros2_ws/src/install/realsense2_camera_msgs:/home/cam/ros2_ws/install/robot_testing:/home/cam/ros2_ws/install/realsense2_description:/home/cam/ros2_ws/install/realsense2_camera:/home/cam/ros2_ws/install/realsense2_camera_msgs:/home/cam/ros2_ws/install/micro_ros_agent:/opt/ros/jazzy/opt/gz_sim_vendor:/opt/ros/jazzy/opt/gz_sensors_vendor:/opt/ros/jazzy/opt/gz_physics_vendor:/opt/ros/jazzy/opt/sdformat_vendor:/opt/ros/jazzy/opt/gz_gui_vendor:/opt/ros/jazzy/opt/gz_transport_vendor:/opt/ros/jazzy/opt/gz_rendering_vendor:/opt/ros/jazzy/opt/gz_plugin_vendor:/opt/ros/jazzy/opt/gz_fuel_tools_vendor:/opt/ros/jazzy/opt/gz_msgs_vendor:/opt/ros/jazzy/opt/gz_common_vendor:/opt/ros/jazzy/opt/gz_math_vendor:/opt/ros/jazzy/opt/gz_utils_vendor:/opt/ros/jazzy/opt/gz_tools_vendor:/opt/ros/jazzy/opt/gz_ogre_next_vendor:/opt/ros/jazzy/opt/gz_dartsim_vendor:/opt/ros/jazzy/opt/gz_cmake_vendor:/opt/ros/jazzy DEBUGINFOD_URLS=https://debuginfod.ubuntu.com LD_LIBRARY_PATH=/home/cam/ros2_ws/src/install/realsense2_camera_msgs/lib:${LD_LIBRARY_PATH} PYTHONPATH=/home/cam/ros2_ws/src/install/realsense2_camera_msgs/lib/python3.12/site-packages:${PYTHONPATH} /usr/bin/cmake --build /home/cam/ros2_ws/src/build/realsense2_description -- -j4 -l4
[2.594s] Invoked command in '/home/cam/ros2_ws/src/build/realsense2_description' returned '0': AMENT_PREFIX_PATH=/home/cam/ros2_ws/src/install/realsense2_camera_msgs:${AMENT_PREFIX_PATH} CMAKE_PREFIX_PATH=/home/cam/ros2_ws/src/install/realsense2_camera_msgs:/home/cam/ros2_ws/install/robot_testing:/home/cam/ros2_ws/install/realsense2_description:/home/cam/ros2_ws/install/realsense2_camera:/home/cam/ros2_ws/install/realsense2_camera_msgs:/home/cam/ros2_ws/install/micro_ros_agent:/opt/ros/jazzy/opt/gz_sim_vendor:/opt/ros/jazzy/opt/gz_sensors_vendor:/opt/ros/jazzy/opt/gz_physics_vendor:/opt/ros/jazzy/opt/sdformat_vendor:/opt/ros/jazzy/opt/gz_gui_vendor:/opt/ros/jazzy/opt/gz_transport_vendor:/opt/ros/jazzy/opt/gz_rendering_vendor:/opt/ros/jazzy/opt/gz_plugin_vendor:/opt/ros/jazzy/opt/gz_fuel_tools_vendor:/opt/ros/jazzy/opt/gz_msgs_vendor:/opt/ros/jazzy/opt/gz_common_vendor:/opt/ros/jazzy/opt/gz_math_vendor:/opt/ros/jazzy/opt/gz_utils_vendor:/opt/ros/jazzy/opt/gz_tools_vendor:/opt/ros/jazzy/opt/gz_ogre_next_vendor:/opt/ros/jazzy/opt/gz_dartsim_vendor:/opt/ros/jazzy/opt/gz_cmake_vendor:/opt/ros/jazzy DEBUGINFOD_URLS=https://debuginfod.ubuntu.com LD_LIBRARY_PATH=/home/cam/ros2_ws/src/install/realsense2_camera_msgs/lib:${LD_LIBRARY_PATH} PYTHONPATH=/home/cam/ros2_ws/src/install/realsense2_camera_msgs/lib/python3.12/site-packages:${PYTHONPATH} /usr/bin/cmake --build /home/cam/ros2_ws/src/build/realsense2_description -- -j4 -l4
[2.596s] Invoking command in '/home/cam/ros2_ws/src/build/realsense2_description': AMENT_PREFIX_PATH=/home/cam/ros2_ws/src/install/realsense2_camera_msgs:${AMENT_PREFIX_PATH} CMAKE_PREFIX_PATH=/home/cam/ros2_ws/src/install/realsense2_camera_msgs:/home/cam/ros2_ws/install/robot_testing:/home/cam/ros2_ws/install/realsense2_description:/home/cam/ros2_ws/install/realsense2_camera:/home/cam/ros2_ws/install/realsense2_camera_msgs:/home/cam/ros2_ws/install/micro_ros_agent:/opt/ros/jazzy/opt/gz_sim_vendor:/opt/ros/jazzy/opt/gz_sensors_vendor:/opt/ros/jazzy/opt/gz_physics_vendor:/opt/ros/jazzy/opt/sdformat_vendor:/opt/ros/jazzy/opt/gz_gui_vendor:/opt/ros/jazzy/opt/gz_transport_vendor:/opt/ros/jazzy/opt/gz_rendering_vendor:/opt/ros/jazzy/opt/gz_plugin_vendor:/opt/ros/jazzy/opt/gz_fuel_tools_vendor:/opt/ros/jazzy/opt/gz_msgs_vendor:/opt/ros/jazzy/opt/gz_common_vendor:/opt/ros/jazzy/opt/gz_math_vendor:/opt/ros/jazzy/opt/gz_utils_vendor:/opt/ros/jazzy/opt/gz_tools_vendor:/opt/ros/jazzy/opt/gz_ogre_next_vendor:/opt/ros/jazzy/opt/gz_dartsim_vendor:/opt/ros/jazzy/opt/gz_cmake_vendor:/opt/ros/jazzy DEBUGINFOD_URLS=https://debuginfod.ubuntu.com LD_LIBRARY_PATH=/home/cam/ros2_ws/src/install/realsense2_camera_msgs/lib:${LD_LIBRARY_PATH} PYTHONPATH=/home/cam/ros2_ws/src/install/realsense2_camera_msgs/lib/python3.12/site-packages:${PYTHONPATH} /usr/bin/cmake --install /home/cam/ros2_ws/src/build/realsense2_description
[2.617s] -- Install configuration: ""
[2.617s] -- Installing: /home/cam/ros2_ws/src/install/realsense2_description/share/realsense2_description/launch
[2.618s] -- Installing: /home/cam/ros2_ws/src/install/realsense2_description/share/realsense2_description/launch/launch_utils.py
[2.621s] -- Installing: /home/cam/ros2_ws/src/install/realsense2_description/share/realsense2_description/launch/view_model.launch.py
[2.622s] -- Installing: /home/cam/ros2_ws/src/install/realsense2_description/share/realsense2_description/meshes
[2.622s] -- Installing: /home/cam/ros2_ws/src/install/realsense2_description/share/realsense2_description/meshes/d455.stl
[2.652s] -- Installing: /home/cam/ros2_ws/src/install/realsense2_description/share/realsense2_description/meshes/d435.dae
[2.854s] -- Installing: /home/cam/ros2_ws/src/install/realsense2_description/share/realsense2_description/meshes/l515.dae
[3.281s] -- Installing: /home/cam/ros2_ws/src/install/realsense2_description/share/realsense2_description/meshes/plug.stl
[3.289s] -- Installing: /home/cam/ros2_ws/src/install/realsense2_description/share/realsense2_description/meshes/d405.stl
[3.293s] -- Installing: /home/cam/ros2_ws/src/install/realsense2_description/share/realsense2_description/meshes/d415.stl
[3.539s] -- Installing: /home/cam/ros2_ws/src/install/realsense2_description/share/realsense2_description/meshes/plug_collision.stl
[3.539s] -- Installing: /home/cam/ros2_ws/src/install/realsense2_description/share/realsense2_description/rviz
[3.540s] -- Installing: /home/cam/ros2_ws/src/install/realsense2_description/share/realsense2_description/rviz/urdf.rviz
[3.540s] -- Installing: /home/cam/ros2_ws/src/install/realsense2_description/share/realsense2_description/urdf
[3.540s] -- Installing: /home/cam/ros2_ws/src/install/realsense2_description/share/realsense2_description/urdf/test_r430_camera.urdf.xacro
[3.541s] -- Installing: /home/cam/ros2_ws/src/install/realsense2_description/share/realsense2_description/urdf/test_d455_camera.urdf.xacro
[3.541s] -- Installing: /home/cam/ros2_ws/src/install/realsense2_description/share/realsense2_description/urdf/test_d405_camera.urdf.xacro
[3.541s] -- Installing: /home/cam/ros2_ws/src/install/realsense2_description/share/realsense2_description/urdf/_d455.urdf.xacro
[3.542s] -- Installing: /home/cam/ros2_ws/src/install/realsense2_description/share/realsense2_description/urdf/_d405.urdf.xacro
[3.543s] -- Installing: /home/cam/ros2_ws/src/install/realsense2_description/share/realsense2_description/urdf/test_d435_multiple_cameras.urdf.xacro
[3.543s] -- Installing: /home/cam/ros2_ws/src/install/realsense2_description/share/realsense2_description/urdf/test_r410_camera.urdf.xacro
[3.543s] -- Installing: /home/cam/ros2_ws/src/install/realsense2_description/share/realsense2_description/urdf/_usb_plug.urdf.xacro
[3.544s] -- Installing: /home/cam/ros2_ws/src/install/realsense2_description/share/realsense2_description/urdf/_d435i_imu_modules.urdf.xacro
[3.547s] -- Installing: /home/cam/ros2_ws/src/install/realsense2_description/share/realsense2_description/urdf/_r410.urdf.xacro
[3.548s] -- Installing: /home/cam/ros2_ws/src/install/realsense2_description/share/realsense2_description/urdf/test_d435_camera.urdf.xacro
[3.548s] -- Installing: /home/cam/ros2_ws/src/install/realsense2_description/share/realsense2_description/urdf/_materials.urdf.xacro
[3.549s] -- Installing: /home/cam/ros2_ws/src/install/realsense2_description/share/realsense2_description/urdf/_r430.urdf.xacro
[3.550s] -- Installing: /home/cam/ros2_ws/src/install/realsense2_description/share/realsense2_description/urdf/test_d415_camera.urdf.xacro
[3.551s] -- Installing: /home/cam/ros2_ws/src/install/realsense2_description/share/realsense2_description/urdf/_d435.urdf.xacro
[3.551s] -- Installing: /home/cam/ros2_ws/src/install/realsense2_description/share/realsense2_description/urdf/test_d435i_camera.urdf.xacro
[3.552s] -- Installing: /home/cam/ros2_ws/src/install/realsense2_description/share/realsense2_description/urdf/_d415.urdf.xacro
[3.553s] -- Installing: /home/cam/ros2_ws/src/install/realsense2_description/share/realsense2_description/urdf/_d435i.urdf.xacro
[3.554s] -- Installing: /home/cam/ros2_ws/src/install/realsense2_description/share/ament_index/resource_index/package_run_dependencies/realsense2_description
[3.555s] -- Installing: /home/cam/ros2_ws/src/install/realsense2_description/share/ament_index/resource_index/parent_prefix_path/realsense2_description
[3.555s] -- Installing: /home/cam/ros2_ws/src/install/realsense2_description/share/realsense2_description/environment/ament_prefix_path.sh
[3.556s] -- Installing: /home/cam/ros2_ws/src/install/realsense2_description/share/realsense2_description/environment/ament_prefix_path.dsv
[3.556s] -- Installing: /home/cam/ros2_ws/src/install/realsense2_description/share/realsense2_description/environment/path.sh
[3.556s] -- Installing: /home/cam/ros2_ws/src/install/realsense2_description/share/realsense2_description/environment/path.dsv
[3.557s] -- Installing: /home/cam/ros2_ws/src/install/realsense2_description/share/realsense2_description/local_setup.bash
[3.557s] -- Installing: /home/cam/ros2_ws/src/install/realsense2_description/share/realsense2_description/local_setup.sh
[3.557s] -- Installing: /home/cam/ros2_ws/src/install/realsense2_description/share/realsense2_description/local_setup.zsh
[3.558s] -- Installing: /home/cam/ros2_ws/src/install/realsense2_description/share/realsense2_description/local_setup.dsv
[3.558s] -- Installing: /home/cam/ros2_ws/src/install/realsense2_description/share/realsense2_description/package.dsv
[3.559s] -- Installing: /home/cam/ros2_ws/src/install/realsense2_description/share/ament_index/resource_index/packages/realsense2_description
[3.559s] -- Installing: /home/cam/ros2_ws/src/install/realsense2_description/share/realsense2_description/cmake/realsense2_descriptionConfig.cmake
[3.560s] -- Installing: /home/cam/ros2_ws/src/install/realsense2_description/share/realsense2_description/cmake/realsense2_descriptionConfig-version.cmake
[3.560s] -- Installing: /home/cam/ros2_ws/src/install/realsense2_description/share/realsense2_description/package.xml
[3.566s] Invoked command in '/home/cam/ros2_ws/src/build/realsense2_description' returned '0': AMENT_PREFIX_PATH=/home/cam/ros2_ws/src/install/realsense2_camera_msgs:${AMENT_PREFIX_PATH} CMAKE_PREFIX_PATH=/home/cam/ros2_ws/src/install/realsense2_camera_msgs:/home/cam/ros2_ws/install/robot_testing:/home/cam/ros2_ws/install/realsense2_description:/home/cam/ros2_ws/install/realsense2_camera:/home/cam/ros2_ws/install/realsense2_camera_msgs:/home/cam/ros2_ws/install/micro_ros_agent:/opt/ros/jazzy/opt/gz_sim_vendor:/opt/ros/jazzy/opt/gz_sensors_vendor:/opt/ros/jazzy/opt/gz_physics_vendor:/opt/ros/jazzy/opt/sdformat_vendor:/opt/ros/jazzy/opt/gz_gui_vendor:/opt/ros/jazzy/opt/gz_transport_vendor:/opt/ros/jazzy/opt/gz_rendering_vendor:/opt/ros/jazzy/opt/gz_plugin_vendor:/opt/ros/jazzy/opt/gz_fuel_tools_vendor:/opt/ros/jazzy/opt/gz_msgs_vendor:/opt/ros/jazzy/opt/gz_common_vendor:/opt/ros/jazzy/opt/gz_math_vendor:/opt/ros/jazzy/opt/gz_utils_vendor:/opt/ros/jazzy/opt/gz_tools_vendor:/opt/ros/jazzy/opt/gz_ogre_next_vendor:/opt/ros/jazzy/opt/gz_dartsim_vendor:/opt/ros/jazzy/opt/gz_cmake_vendor:/opt/ros/jazzy DEBUGINFOD_URLS=https://debuginfod.ubuntu.com LD_LIBRARY_PATH=/home/cam/ros2_ws/src/install/realsense2_camera_msgs/lib:${LD_LIBRARY_PATH} PYTHONPATH=/home/cam/ros2_ws/src/install/realsense2_camera_msgs/lib/python3.12/site-packages:${PYTHONPATH} /usr/bin/cmake --install /home/cam/ros2_ws/src/build/realsense2_description
