[0.152s] DEBUG:colcon:Command line arguments: ['/usr/bin/colcon', 'build']
[0.153s] DEBUG:colcon:Parsed command line arguments: Namespace(log_base=None, log_level=None, verb_name='build', build_base='build', install_base='install', merge_install=False, symlink_install=False, test_result_base=None, continue_on_error=False, executor='parallel', parallel_workers=4, event_handlers=None, ignore_user_meta=False, metas=['./colcon.meta'], base_paths=['.'], packages_ignore=None, packages_ignore_regex=None, paths=None, packages_up_to=None, packages_up_to_regex=None, packages_above=None, packages_above_and_dependencies=None, packages_above_depth=None, packages_select_by_dep=None, packages_skip_by_dep=None, packages_skip_up_to=None, packages_select_build_failed=False, packages_skip_build_finished=False, packages_select_test_failures=False, packages_skip_test_passed=False, packages_select=None, packages_skip=None, packages_select_regex=None, packages_skip_regex=None, packages_start=None, packages_end=None, allow_overriding=[], cmake_args=None, cmake_target=None, cmake_target_skip_unavailable=False, cmake_clean_cache=False, cmake_clean_first=False, cmake_force_configure=False, ament_cmake_args=None, catkin_cmake_args=None, catkin_skip_building_tests=False, mixin_files=None, mixin=None, verb_parser=<colcon_mixin.mixin.mixin_argument.MixinArgumentDecorator object at 0xffffaa6c98e0>, verb_extension=<colcon_core.verb.build.BuildVerb object at 0xffffaa87af90>, main=<bound method BuildVerb.main of <colcon_core.verb.build.BuildVerb object at 0xffffaa87af90>>, mixin_verb=('build',))
[0.210s] Level 1:colcon.colcon_core.package_discovery:discover_packages(colcon_meta) check parameters
[0.210s] Level 1:colcon.colcon_core.package_discovery:discover_packages(recursive) check parameters
[0.211s] Level 1:colcon.colcon_core.package_discovery:discover_packages(ignore) check parameters
[0.211s] Level 1:colcon.colcon_core.package_discovery:discover_packages(path) check parameters
[0.211s] Level 1:colcon.colcon_core.package_discovery:discover_packages(colcon_meta) discover
[0.211s] Level 1:colcon.colcon_core.package_discovery:discover_packages(recursive) discover
[0.211s] INFO:colcon.colcon_core.package_discovery:Crawling recursively for packages in '/home/cam/ros2_ws/src'
[0.211s] Level 1:colcon.colcon_core.package_identification:_identify(.) by extensions ['ignore', 'ignore_ament_install']
[0.211s] Level 1:colcon.colcon_core.package_identification:_identify(.) by extension 'ignore'
[0.211s] Level 1:colcon.colcon_core.package_identification:_identify(.) by extension 'ignore_ament_install'
[0.211s] Level 1:colcon.colcon_core.package_identification:_identify(.) by extensions ['colcon_pkg']
[0.211s] Level 1:colcon.colcon_core.package_identification:_identify(.) by extension 'colcon_pkg'
[0.211s] Level 1:colcon.colcon_core.package_identification:_identify(.) by extensions ['colcon_meta']
[0.211s] Level 1:colcon.colcon_core.package_identification:_identify(.) by extension 'colcon_meta'
[0.211s] Level 1:colcon.colcon_core.package_identification:_identify(.) by extensions ['ros']
[0.211s] Level 1:colcon.colcon_core.package_identification:_identify(.) by extension 'ros'
[0.249s] Level 1:colcon.colcon_core.package_identification:_identify(.) by extensions ['cmake', 'python']
[0.250s] Level 1:colcon.colcon_core.package_identification:_identify(.) by extension 'cmake'
[0.250s] Level 1:colcon.colcon_core.package_identification:_identify(.) by extension 'python'
[0.250s] Level 1:colcon.colcon_core.package_identification:_identify(.) by extensions ['python_setup_py']
[0.250s] Level 1:colcon.colcon_core.package_identification:_identify(.) by extension 'python_setup_py'
[0.250s] Level 1:colcon.colcon_core.package_identification:_identify(build) by extensions ['ignore', 'ignore_ament_install']
[0.250s] Level 1:colcon.colcon_core.package_identification:_identify(build) by extension 'ignore'
[0.250s] Level 1:colcon.colcon_core.package_identification:_identify(build) ignored
[0.250s] Level 1:colcon.colcon_core.package_identification:_identify(install) by extensions ['ignore', 'ignore_ament_install']
[0.250s] Level 1:colcon.colcon_core.package_identification:_identify(install) by extension 'ignore'
[0.250s] Level 1:colcon.colcon_core.package_identification:_identify(install) ignored
[0.250s] Level 1:colcon.colcon_core.package_identification:_identify(log) by extensions ['ignore', 'ignore_ament_install']
[0.251s] Level 1:colcon.colcon_core.package_identification:_identify(log) by extension 'ignore'
[0.251s] Level 1:colcon.colcon_core.package_identification:_identify(log) ignored
[0.251s] Level 1:colcon.colcon_core.package_identification:_identify(micro-ROS-Agent) by extensions ['ignore', 'ignore_ament_install']
[0.251s] Level 1:colcon.colcon_core.package_identification:_identify(micro-ROS-Agent) by extension 'ignore'
[0.251s] Level 1:colcon.colcon_core.package_identification:_identify(micro-ROS-Agent) by extension 'ignore_ament_install'
[0.251s] Level 1:colcon.colcon_core.package_identification:_identify(micro-ROS-Agent) by extensions ['colcon_pkg']
[0.251s] Level 1:colcon.colcon_core.package_identification:_identify(micro-ROS-Agent) by extension 'colcon_pkg'
[0.251s] Level 1:colcon.colcon_core.package_identification:_identify(micro-ROS-Agent) by extensions ['colcon_meta']
[0.251s] Level 1:colcon.colcon_core.package_identification:_identify(micro-ROS-Agent) by extension 'colcon_meta'
[0.251s] Level 1:colcon.colcon_core.package_identification:_identify(micro-ROS-Agent) by extensions ['ros']
[0.251s] Level 1:colcon.colcon_core.package_identification:_identify(micro-ROS-Agent) by extension 'ros'
[0.251s] Level 1:colcon.colcon_core.package_identification:_identify(micro-ROS-Agent) by extensions ['cmake', 'python']
[0.251s] Level 1:colcon.colcon_core.package_identification:_identify(micro-ROS-Agent) by extension 'cmake'
[0.251s] Level 1:colcon.colcon_core.package_identification:_identify(micro-ROS-Agent) by extension 'python'
[0.251s] Level 1:colcon.colcon_core.package_identification:_identify(micro-ROS-Agent) by extensions ['python_setup_py']
[0.251s] Level 1:colcon.colcon_core.package_identification:_identify(micro-ROS-Agent) by extension 'python_setup_py'
[0.251s] Level 1:colcon.colcon_core.package_identification:_identify(micro-ROS-Agent/micro_ros_agent) by extensions ['ignore', 'ignore_ament_install']
[0.252s] Level 1:colcon.colcon_core.package_identification:_identify(micro-ROS-Agent/micro_ros_agent) by extension 'ignore'
[0.252s] Level 1:colcon.colcon_core.package_identification:_identify(micro-ROS-Agent/micro_ros_agent) by extension 'ignore_ament_install'
[0.252s] Level 1:colcon.colcon_core.package_identification:_identify(micro-ROS-Agent/micro_ros_agent) by extensions ['colcon_pkg']
[0.252s] Level 1:colcon.colcon_core.package_identification:_identify(micro-ROS-Agent/micro_ros_agent) by extension 'colcon_pkg'
[0.252s] Level 1:colcon.colcon_core.package_identification:_identify(micro-ROS-Agent/micro_ros_agent) by extensions ['colcon_meta']
[0.252s] Level 1:colcon.colcon_core.package_identification:_identify(micro-ROS-Agent/micro_ros_agent) by extension 'colcon_meta'
[0.252s] Level 1:colcon.colcon_core.package_identification:_identify(micro-ROS-Agent/micro_ros_agent) by extensions ['ros']
[0.252s] Level 1:colcon.colcon_core.package_identification:_identify(micro-ROS-Agent/micro_ros_agent) by extension 'ros'
[0.255s] DEBUG:colcon.colcon_core.package_identification:Package 'micro-ROS-Agent/micro_ros_agent' with type 'ros.ament_cmake' and name 'micro_ros_agent'
[0.255s] Level 1:colcon.colcon_core.package_identification:_identify(micro-ROS-Agent/snap) by extensions ['ignore', 'ignore_ament_install']
[0.256s] Level 1:colcon.colcon_core.package_identification:_identify(micro-ROS-Agent/snap) by extension 'ignore'
[0.256s] Level 1:colcon.colcon_core.package_identification:_identify(micro-ROS-Agent/snap) by extension 'ignore_ament_install'
[0.256s] Level 1:colcon.colcon_core.package_identification:_identify(micro-ROS-Agent/snap) by extensions ['colcon_pkg']
[0.256s] Level 1:colcon.colcon_core.package_identification:_identify(micro-ROS-Agent/snap) by extension 'colcon_pkg'
[0.256s] Level 1:colcon.colcon_core.package_identification:_identify(micro-ROS-Agent/snap) by extensions ['colcon_meta']
[0.256s] Level 1:colcon.colcon_core.package_identification:_identify(micro-ROS-Agent/snap) by extension 'colcon_meta'
[0.256s] Level 1:colcon.colcon_core.package_identification:_identify(micro-ROS-Agent/snap) by extensions ['ros']
[0.256s] Level 1:colcon.colcon_core.package_identification:_identify(micro-ROS-Agent/snap) by extension 'ros'
[0.256s] Level 1:colcon.colcon_core.package_identification:_identify(micro-ROS-Agent/snap) by extensions ['cmake', 'python']
[0.256s] Level 1:colcon.colcon_core.package_identification:_identify(micro-ROS-Agent/snap) by extension 'cmake'
[0.256s] Level 1:colcon.colcon_core.package_identification:_identify(micro-ROS-Agent/snap) by extension 'python'
[0.256s] Level 1:colcon.colcon_core.package_identification:_identify(micro-ROS-Agent/snap) by extensions ['python_setup_py']
[0.256s] Level 1:colcon.colcon_core.package_identification:_identify(micro-ROS-Agent/snap) by extension 'python_setup_py'
[0.256s] Level 1:colcon.colcon_core.package_identification:_identify(micro-ROS-Agent/snap/hooks) by extensions ['ignore', 'ignore_ament_install']
[0.256s] Level 1:colcon.colcon_core.package_identification:_identify(micro-ROS-Agent/snap/hooks) by extension 'ignore'
[0.256s] Level 1:colcon.colcon_core.package_identification:_identify(micro-ROS-Agent/snap/hooks) by extension 'ignore_ament_install'
[0.256s] Level 1:colcon.colcon_core.package_identification:_identify(micro-ROS-Agent/snap/hooks) by extensions ['colcon_pkg']
[0.257s] Level 1:colcon.colcon_core.package_identification:_identify(micro-ROS-Agent/snap/hooks) by extension 'colcon_pkg'
[0.257s] Level 1:colcon.colcon_core.package_identification:_identify(micro-ROS-Agent/snap/hooks) by extensions ['colcon_meta']
[0.257s] Level 1:colcon.colcon_core.package_identification:_identify(micro-ROS-Agent/snap/hooks) by extension 'colcon_meta'
[0.257s] Level 1:colcon.colcon_core.package_identification:_identify(micro-ROS-Agent/snap/hooks) by extensions ['ros']
[0.257s] Level 1:colcon.colcon_core.package_identification:_identify(micro-ROS-Agent/snap/hooks) by extension 'ros'
[0.257s] Level 1:colcon.colcon_core.package_identification:_identify(micro-ROS-Agent/snap/hooks) by extensions ['cmake', 'python']
[0.257s] Level 1:colcon.colcon_core.package_identification:_identify(micro-ROS-Agent/snap/hooks) by extension 'cmake'
[0.257s] Level 1:colcon.colcon_core.package_identification:_identify(micro-ROS-Agent/snap/hooks) by extension 'python'
[0.257s] Level 1:colcon.colcon_core.package_identification:_identify(micro-ROS-Agent/snap/hooks) by extensions ['python_setup_py']
[0.257s] Level 1:colcon.colcon_core.package_identification:_identify(micro-ROS-Agent/snap/hooks) by extension 'python_setup_py'
[0.257s] Level 1:colcon.colcon_core.package_identification:_identify(micro-ROS-Agent/snap/local) by extensions ['ignore', 'ignore_ament_install']
[0.257s] Level 1:colcon.colcon_core.package_identification:_identify(micro-ROS-Agent/snap/local) by extension 'ignore'
[0.257s] Level 1:colcon.colcon_core.package_identification:_identify(micro-ROS-Agent/snap/local) by extension 'ignore_ament_install'
[0.257s] Level 1:colcon.colcon_core.package_identification:_identify(micro-ROS-Agent/snap/local) by extensions ['colcon_pkg']
[0.257s] Level 1:colcon.colcon_core.package_identification:_identify(micro-ROS-Agent/snap/local) by extension 'colcon_pkg'
[0.257s] Level 1:colcon.colcon_core.package_identification:_identify(micro-ROS-Agent/snap/local) by extensions ['colcon_meta']
[0.257s] Level 1:colcon.colcon_core.package_identification:_identify(micro-ROS-Agent/snap/local) by extension 'colcon_meta'
[0.257s] Level 1:colcon.colcon_core.package_identification:_identify(micro-ROS-Agent/snap/local) by extensions ['ros']
[0.257s] Level 1:colcon.colcon_core.package_identification:_identify(micro-ROS-Agent/snap/local) by extension 'ros'
[0.257s] Level 1:colcon.colcon_core.package_identification:_identify(micro-ROS-Agent/snap/local) by extensions ['cmake', 'python']
[0.257s] Level 1:colcon.colcon_core.package_identification:_identify(micro-ROS-Agent/snap/local) by extension 'cmake'
[0.258s] Level 1:colcon.colcon_core.package_identification:_identify(micro-ROS-Agent/snap/local) by extension 'python'
[0.258s] Level 1:colcon.colcon_core.package_identification:_identify(micro-ROS-Agent/snap/local) by extensions ['python_setup_py']
[0.258s] Level 1:colcon.colcon_core.package_identification:_identify(micro-ROS-Agent/snap/local) by extension 'python_setup_py'
[0.258s] Level 1:colcon.colcon_core.package_identification:_identify(realsense-ros) by extensions ['ignore', 'ignore_ament_install']
[0.258s] Level 1:colcon.colcon_core.package_identification:_identify(realsense-ros) by extension 'ignore'
[0.258s] Level 1:colcon.colcon_core.package_identification:_identify(realsense-ros) by extension 'ignore_ament_install'
[0.258s] Level 1:colcon.colcon_core.package_identification:_identify(realsense-ros) by extensions ['colcon_pkg']
[0.258s] Level 1:colcon.colcon_core.package_identification:_identify(realsense-ros) by extension 'colcon_pkg'
[0.258s] Level 1:colcon.colcon_core.package_identification:_identify(realsense-ros) by extensions ['colcon_meta']
[0.258s] Level 1:colcon.colcon_core.package_identification:_identify(realsense-ros) by extension 'colcon_meta'
[0.258s] Level 1:colcon.colcon_core.package_identification:_identify(realsense-ros) by extensions ['ros']
[0.258s] Level 1:colcon.colcon_core.package_identification:_identify(realsense-ros) by extension 'ros'
[0.258s] Level 1:colcon.colcon_core.package_identification:_identify(realsense-ros) by extensions ['cmake', 'python']
[0.258s] Level 1:colcon.colcon_core.package_identification:_identify(realsense-ros) by extension 'cmake'
[0.258s] Level 1:colcon.colcon_core.package_identification:_identify(realsense-ros) by extension 'python'
[0.258s] Level 1:colcon.colcon_core.package_identification:_identify(realsense-ros) by extensions ['python_setup_py']
[0.258s] Level 1:colcon.colcon_core.package_identification:_identify(realsense-ros) by extension 'python_setup_py'
[0.258s] Level 1:colcon.colcon_core.package_identification:_identify(realsense-ros/realsense2_camera) by extensions ['ignore', 'ignore_ament_install']
[0.258s] Level 1:colcon.colcon_core.package_identification:_identify(realsense-ros/realsense2_camera) by extension 'ignore'
[0.258s] Level 1:colcon.colcon_core.package_identification:_identify(realsense-ros/realsense2_camera) by extension 'ignore_ament_install'
[0.259s] Level 1:colcon.colcon_core.package_identification:_identify(realsense-ros/realsense2_camera) by extensions ['colcon_pkg']
[0.259s] Level 1:colcon.colcon_core.package_identification:_identify(realsense-ros/realsense2_camera) by extension 'colcon_pkg'
[0.259s] Level 1:colcon.colcon_core.package_identification:_identify(realsense-ros/realsense2_camera) by extensions ['colcon_meta']
[0.259s] Level 1:colcon.colcon_core.package_identification:_identify(realsense-ros/realsense2_camera) by extension 'colcon_meta'
[0.259s] Level 1:colcon.colcon_core.package_identification:_identify(realsense-ros/realsense2_camera) by extensions ['ros']
[0.259s] Level 1:colcon.colcon_core.package_identification:_identify(realsense-ros/realsense2_camera) by extension 'ros'
[0.266s] DEBUG:colcon.colcon_core.package_identification:Package 'realsense-ros/realsense2_camera' with type 'ros.ament_cmake' and name 'realsense2_camera'
[0.266s] Level 1:colcon.colcon_core.package_identification:_identify(realsense-ros/realsense2_camera_msgs) by extensions ['ignore', 'ignore_ament_install']
[0.266s] Level 1:colcon.colcon_core.package_identification:_identify(realsense-ros/realsense2_camera_msgs) by extension 'ignore'
[0.266s] Level 1:colcon.colcon_core.package_identification:_identify(realsense-ros/realsense2_camera_msgs) by extension 'ignore_ament_install'
[0.266s] Level 1:colcon.colcon_core.package_identification:_identify(realsense-ros/realsense2_camera_msgs) by extensions ['colcon_pkg']
[0.266s] Level 1:colcon.colcon_core.package_identification:_identify(realsense-ros/realsense2_camera_msgs) by extension 'colcon_pkg'
[0.266s] Level 1:colcon.colcon_core.package_identification:_identify(realsense-ros/realsense2_camera_msgs) by extensions ['colcon_meta']
[0.267s] Level 1:colcon.colcon_core.package_identification:_identify(realsense-ros/realsense2_camera_msgs) by extension 'colcon_meta'
[0.267s] Level 1:colcon.colcon_core.package_identification:_identify(realsense-ros/realsense2_camera_msgs) by extensions ['ros']
[0.267s] Level 1:colcon.colcon_core.package_identification:_identify(realsense-ros/realsense2_camera_msgs) by extension 'ros'
[0.267s] DEBUG:colcon.colcon_core.package_identification:Package 'realsense-ros/realsense2_camera_msgs' with type 'ros.ament_cmake' and name 'realsense2_camera_msgs'
[0.267s] Level 1:colcon.colcon_core.package_identification:_identify(realsense-ros/realsense2_description) by extensions ['ignore', 'ignore_ament_install']
[0.268s] Level 1:colcon.colcon_core.package_identification:_identify(realsense-ros/realsense2_description) by extension 'ignore'
[0.268s] Level 1:colcon.colcon_core.package_identification:_identify(realsense-ros/realsense2_description) by extension 'ignore_ament_install'
[0.268s] Level 1:colcon.colcon_core.package_identification:_identify(realsense-ros/realsense2_description) by extensions ['colcon_pkg']
[0.268s] Level 1:colcon.colcon_core.package_identification:_identify(realsense-ros/realsense2_description) by extension 'colcon_pkg'
[0.268s] Level 1:colcon.colcon_core.package_identification:_identify(realsense-ros/realsense2_description) by extensions ['colcon_meta']
[0.268s] Level 1:colcon.colcon_core.package_identification:_identify(realsense-ros/realsense2_description) by extension 'colcon_meta'
[0.268s] Level 1:colcon.colcon_core.package_identification:_identify(realsense-ros/realsense2_description) by extensions ['ros']
[0.268s] Level 1:colcon.colcon_core.package_identification:_identify(realsense-ros/realsense2_description) by extension 'ros'
[0.269s] DEBUG:colcon.colcon_core.package_identification:Package 'realsense-ros/realsense2_description' with type 'ros.ament_cmake' and name 'realsense2_description'
[0.269s] Level 1:colcon.colcon_core.package_identification:_identify(realsense-ros/scripts) by extensions ['ignore', 'ignore_ament_install']
[0.269s] Level 1:colcon.colcon_core.package_identification:_identify(realsense-ros/scripts) by extension 'ignore'
[0.269s] Level 1:colcon.colcon_core.package_identification:_identify(realsense-ros/scripts) by extension 'ignore_ament_install'
[0.269s] Level 1:colcon.colcon_core.package_identification:_identify(realsense-ros/scripts) by extensions ['colcon_pkg']
[0.269s] Level 1:colcon.colcon_core.package_identification:_identify(realsense-ros/scripts) by extension 'colcon_pkg'
[0.269s] Level 1:colcon.colcon_core.package_identification:_identify(realsense-ros/scripts) by extensions ['colcon_meta']
[0.269s] Level 1:colcon.colcon_core.package_identification:_identify(realsense-ros/scripts) by extension 'colcon_meta'
[0.269s] Level 1:colcon.colcon_core.package_identification:_identify(realsense-ros/scripts) by extensions ['ros']
[0.269s] Level 1:colcon.colcon_core.package_identification:_identify(realsense-ros/scripts) by extension 'ros'
[0.269s] Level 1:colcon.colcon_core.package_identification:_identify(realsense-ros/scripts) by extensions ['cmake', 'python']
[0.269s] Level 1:colcon.colcon_core.package_identification:_identify(realsense-ros/scripts) by extension 'cmake'
[0.269s] Level 1:colcon.colcon_core.package_identification:_identify(realsense-ros/scripts) by extension 'python'
[0.269s] Level 1:colcon.colcon_core.package_identification:_identify(realsense-ros/scripts) by extensions ['python_setup_py']
[0.269s] Level 1:colcon.colcon_core.package_identification:_identify(realsense-ros/scripts) by extension 'python_setup_py'
[0.269s] Level 1:colcon.colcon_core.package_identification:_identify(robot_testing) by extensions ['ignore', 'ignore_ament_install']
[0.270s] Level 1:colcon.colcon_core.package_identification:_identify(robot_testing) by extension 'ignore'
[0.270s] Level 1:colcon.colcon_core.package_identification:_identify(robot_testing) by extension 'ignore_ament_install'
[0.270s] Level 1:colcon.colcon_core.package_identification:_identify(robot_testing) by extensions ['colcon_pkg']
[0.270s] Level 1:colcon.colcon_core.package_identification:_identify(robot_testing) by extension 'colcon_pkg'
[0.270s] Level 1:colcon.colcon_core.package_identification:_identify(robot_testing) by extensions ['colcon_meta']
[0.270s] Level 1:colcon.colcon_core.package_identification:_identify(robot_testing) by extension 'colcon_meta'
[0.270s] Level 1:colcon.colcon_core.package_identification:_identify(robot_testing) by extensions ['ros']
[0.270s] Level 1:colcon.colcon_core.package_identification:_identify(robot_testing) by extension 'ros'
[0.270s] DEBUG:colcon.colcon_core.package_identification:Package 'robot_testing' with type 'ros.ament_cmake' and name 'robot_testing'
[0.270s] Level 1:colcon.colcon_core.package_discovery:discover_packages(recursive) using defaults
[0.270s] Level 1:colcon.colcon_core.package_discovery:discover_packages(ignore) discover
[0.270s] Level 1:colcon.colcon_core.package_discovery:discover_packages(ignore) using defaults
[0.271s] Level 1:colcon.colcon_core.package_discovery:discover_packages(path) discover
[0.271s] Level 1:colcon.colcon_core.package_discovery:discover_packages(path) using defaults
[0.297s] Level 1:colcon.colcon_core.package_discovery:discover_packages(prefix_path) check parameters
[0.297s] Level 1:colcon.colcon_core.package_discovery:discover_packages(prefix_path) discover
[0.300s] DEBUG:colcon.colcon_installed_package_information.package_discovery:Found 5 installed packages in /home/cam/ros2_ws/install
[0.303s] DEBUG:colcon.colcon_installed_package_information.package_discovery:Found 429 installed packages in /opt/ros/jazzy
[0.304s] Level 1:colcon.colcon_core.package_discovery:discover_packages(prefix_path) using defaults
[0.389s] Level 5:colcon.colcon_core.verb:set package 'micro_ros_agent' build argument 'cmake_args' from command line to 'None'
[0.389s] Level 5:colcon.colcon_core.verb:set package 'micro_ros_agent' build argument 'cmake_target' from command line to 'None'
[0.389s] Level 5:colcon.colcon_core.verb:set package 'micro_ros_agent' build argument 'cmake_target_skip_unavailable' from command line to 'False'
[0.389s] Level 5:colcon.colcon_core.verb:set package 'micro_ros_agent' build argument 'cmake_clean_cache' from command line to 'False'
[0.389s] Level 5:colcon.colcon_core.verb:set package 'micro_ros_agent' build argument 'cmake_clean_first' from command line to 'False'
[0.389s] Level 5:colcon.colcon_core.verb:set package 'micro_ros_agent' build argument 'cmake_force_configure' from command line to 'False'
[0.389s] Level 5:colcon.colcon_core.verb:set package 'micro_ros_agent' build argument 'ament_cmake_args' from command line to 'None'
[0.389s] Level 5:colcon.colcon_core.verb:set package 'micro_ros_agent' build argument 'catkin_cmake_args' from command line to 'None'
[0.389s] Level 5:colcon.colcon_core.verb:set package 'micro_ros_agent' build argument 'catkin_skip_building_tests' from command line to 'False'
[0.390s] DEBUG:colcon.colcon_core.verb:Building package 'micro_ros_agent' with the following arguments: {'ament_cmake_args': None, 'build_base': '/home/cam/ros2_ws/src/build/micro_ros_agent', 'catkin_cmake_args': None, 'catkin_skip_building_tests': False, 'cmake_args': None, 'cmake_clean_cache': False, 'cmake_clean_first': False, 'cmake_force_configure': False, 'cmake_target': None, 'cmake_target_skip_unavailable': False, 'install_base': '/home/cam/ros2_ws/src/install/micro_ros_agent', 'merge_install': False, 'path': '/home/cam/ros2_ws/src/micro-ROS-Agent/micro_ros_agent', 'symlink_install': False, 'test_result_base': None}
[0.390s] Level 5:colcon.colcon_core.verb:set package 'realsense2_camera_msgs' build argument 'cmake_args' from command line to 'None'
[0.390s] Level 5:colcon.colcon_core.verb:set package 'realsense2_camera_msgs' build argument 'cmake_target' from command line to 'None'
[0.390s] Level 5:colcon.colcon_core.verb:set package 'realsense2_camera_msgs' build argument 'cmake_target_skip_unavailable' from command line to 'False'
[0.390s] Level 5:colcon.colcon_core.verb:set package 'realsense2_camera_msgs' build argument 'cmake_clean_cache' from command line to 'False'
[0.390s] Level 5:colcon.colcon_core.verb:set package 'realsense2_camera_msgs' build argument 'cmake_clean_first' from command line to 'False'
[0.390s] Level 5:colcon.colcon_core.verb:set package 'realsense2_camera_msgs' build argument 'cmake_force_configure' from command line to 'False'
[0.390s] Level 5:colcon.colcon_core.verb:set package 'realsense2_camera_msgs' build argument 'ament_cmake_args' from command line to 'None'
[0.390s] Level 5:colcon.colcon_core.verb:set package 'realsense2_camera_msgs' build argument 'catkin_cmake_args' from command line to 'None'
[0.390s] Level 5:colcon.colcon_core.verb:set package 'realsense2_camera_msgs' build argument 'catkin_skip_building_tests' from command line to 'False'
[0.390s] DEBUG:colcon.colcon_core.verb:Building package 'realsense2_camera_msgs' with the following arguments: {'ament_cmake_args': None, 'build_base': '/home/cam/ros2_ws/src/build/realsense2_camera_msgs', 'catkin_cmake_args': None, 'catkin_skip_building_tests': False, 'cmake_args': None, 'cmake_clean_cache': False, 'cmake_clean_first': False, 'cmake_force_configure': False, 'cmake_target': None, 'cmake_target_skip_unavailable': False, 'install_base': '/home/cam/ros2_ws/src/install/realsense2_camera_msgs', 'merge_install': False, 'path': '/home/cam/ros2_ws/src/realsense-ros/realsense2_camera_msgs', 'symlink_install': False, 'test_result_base': None}
[0.391s] Level 5:colcon.colcon_core.verb:set package 'robot_testing' build argument 'cmake_args' from command line to 'None'
[0.391s] Level 5:colcon.colcon_core.verb:set package 'robot_testing' build argument 'cmake_target' from command line to 'None'
[0.391s] Level 5:colcon.colcon_core.verb:set package 'robot_testing' build argument 'cmake_target_skip_unavailable' from command line to 'False'
[0.391s] Level 5:colcon.colcon_core.verb:set package 'robot_testing' build argument 'cmake_clean_cache' from command line to 'False'
[0.391s] Level 5:colcon.colcon_core.verb:set package 'robot_testing' build argument 'cmake_clean_first' from command line to 'False'
[0.391s] Level 5:colcon.colcon_core.verb:set package 'robot_testing' build argument 'cmake_force_configure' from command line to 'False'
[0.391s] Level 5:colcon.colcon_core.verb:set package 'robot_testing' build argument 'ament_cmake_args' from command line to 'None'
[0.391s] Level 5:colcon.colcon_core.verb:set package 'robot_testing' build argument 'catkin_cmake_args' from command line to 'None'
[0.391s] Level 5:colcon.colcon_core.verb:set package 'robot_testing' build argument 'catkin_skip_building_tests' from command line to 'False'
[0.391s] DEBUG:colcon.colcon_core.verb:Building package 'robot_testing' with the following arguments: {'ament_cmake_args': None, 'build_base': '/home/cam/ros2_ws/src/build/robot_testing', 'catkin_cmake_args': None, 'catkin_skip_building_tests': False, 'cmake_args': None, 'cmake_clean_cache': False, 'cmake_clean_first': False, 'cmake_force_configure': False, 'cmake_target': None, 'cmake_target_skip_unavailable': False, 'install_base': '/home/cam/ros2_ws/src/install/robot_testing', 'merge_install': False, 'path': '/home/cam/ros2_ws/src/robot_testing', 'symlink_install': False, 'test_result_base': None}
[0.391s] Level 5:colcon.colcon_core.verb:set package 'realsense2_camera' build argument 'cmake_args' from command line to 'None'
[0.391s] Level 5:colcon.colcon_core.verb:set package 'realsense2_camera' build argument 'cmake_target' from command line to 'None'
[0.391s] Level 5:colcon.colcon_core.verb:set package 'realsense2_camera' build argument 'cmake_target_skip_unavailable' from command line to 'False'
[0.391s] Level 5:colcon.colcon_core.verb:set package 'realsense2_camera' build argument 'cmake_clean_cache' from command line to 'False'
[0.391s] Level 5:colcon.colcon_core.verb:set package 'realsense2_camera' build argument 'cmake_clean_first' from command line to 'False'
[0.391s] Level 5:colcon.colcon_core.verb:set package 'realsense2_camera' build argument 'cmake_force_configure' from command line to 'False'
[0.391s] Level 5:colcon.colcon_core.verb:set package 'realsense2_camera' build argument 'ament_cmake_args' from command line to 'None'
[0.391s] Level 5:colcon.colcon_core.verb:set package 'realsense2_camera' build argument 'catkin_cmake_args' from command line to 'None'
[0.391s] Level 5:colcon.colcon_core.verb:set package 'realsense2_camera' build argument 'catkin_skip_building_tests' from command line to 'False'
[0.391s] DEBUG:colcon.colcon_core.verb:Building package 'realsense2_camera' with the following arguments: {'ament_cmake_args': None, 'build_base': '/home/cam/ros2_ws/src/build/realsense2_camera', 'catkin_cmake_args': None, 'catkin_skip_building_tests': False, 'cmake_args': None, 'cmake_clean_cache': False, 'cmake_clean_first': False, 'cmake_force_configure': False, 'cmake_target': None, 'cmake_target_skip_unavailable': False, 'install_base': '/home/cam/ros2_ws/src/install/realsense2_camera', 'merge_install': False, 'path': '/home/cam/ros2_ws/src/realsense-ros/realsense2_camera', 'symlink_install': False, 'test_result_base': None}
[0.392s] Level 5:colcon.colcon_core.verb:set package 'realsense2_description' build argument 'cmake_args' from command line to 'None'
[0.392s] Level 5:colcon.colcon_core.verb:set package 'realsense2_description' build argument 'cmake_target' from command line to 'None'
[0.392s] Level 5:colcon.colcon_core.verb:set package 'realsense2_description' build argument 'cmake_target_skip_unavailable' from command line to 'False'
[0.392s] Level 5:colcon.colcon_core.verb:set package 'realsense2_description' build argument 'cmake_clean_cache' from command line to 'False'
[0.392s] Level 5:colcon.colcon_core.verb:set package 'realsense2_description' build argument 'cmake_clean_first' from command line to 'False'
[0.392s] Level 5:colcon.colcon_core.verb:set package 'realsense2_description' build argument 'cmake_force_configure' from command line to 'False'
[0.392s] Level 5:colcon.colcon_core.verb:set package 'realsense2_description' build argument 'ament_cmake_args' from command line to 'None'
[0.392s] Level 5:colcon.colcon_core.verb:set package 'realsense2_description' build argument 'catkin_cmake_args' from command line to 'None'
[0.392s] Level 5:colcon.colcon_core.verb:set package 'realsense2_description' build argument 'catkin_skip_building_tests' from command line to 'False'
[0.392s] DEBUG:colcon.colcon_core.verb:Building package 'realsense2_description' with the following arguments: {'ament_cmake_args': None, 'build_base': '/home/cam/ros2_ws/src/build/realsense2_description', 'catkin_cmake_args': None, 'catkin_skip_building_tests': False, 'cmake_args': None, 'cmake_clean_cache': False, 'cmake_clean_first': False, 'cmake_force_configure': False, 'cmake_target': None, 'cmake_target_skip_unavailable': False, 'install_base': '/home/cam/ros2_ws/src/install/realsense2_description', 'merge_install': False, 'path': '/home/cam/ros2_ws/src/realsense-ros/realsense2_description', 'symlink_install': False, 'test_result_base': None}
[0.392s] INFO:colcon.colcon_core.executor:Executing jobs using 'parallel' executor
[0.393s] DEBUG:colcon.colcon_parallel_executor.executor.parallel:run_until_complete
[0.394s] INFO:colcon.colcon_ros.task.ament_cmake.build:Building ROS package in '/home/cam/ros2_ws/src/realsense-ros/realsense2_camera_msgs' with build type 'ament_cmake'
[0.394s] INFO:colcon.colcon_cmake.task.cmake.build:Building CMake package in '/home/cam/ros2_ws/src/realsense-ros/realsense2_camera_msgs'
[0.410s] INFO:colcon.colcon_core.plugin_system:Skipping extension 'colcon_core.shell.bat': Not used on non-Windows systems
[0.410s] INFO:colcon.colcon_core.shell:Skip shell extension 'powershell' for command environment: Not usable outside of PowerShell
[0.410s] DEBUG:colcon.colcon_core.shell:Skip shell extension 'dsv' for command environment
[0.423s] INFO:colcon.colcon_ros.task.ament_cmake.build:Building ROS package in '/home/cam/ros2_ws/src/micro-ROS-Agent/micro_ros_agent' with build type 'ament_cmake'
[0.424s] INFO:colcon.colcon_cmake.task.cmake.build:Building CMake package in '/home/cam/ros2_ws/src/micro-ROS-Agent/micro_ros_agent'
[0.428s] INFO:colcon.colcon_core.shell:Skip shell extension 'powershell' for command environment: Not usable outside of PowerShell
[0.429s] DEBUG:colcon.colcon_core.shell:Skip shell extension 'dsv' for command environment
[0.445s] INFO:colcon.colcon_ros.task.ament_cmake.build:Building ROS package in '/home/cam/ros2_ws/src/robot_testing' with build type 'ament_cmake'
[0.445s] INFO:colcon.colcon_cmake.task.cmake.build:Building CMake package in '/home/cam/ros2_ws/src/robot_testing'
[0.446s] INFO:colcon.colcon_core.shell:Skip shell extension 'powershell' for command environment: Not usable outside of PowerShell
[0.446s] DEBUG:colcon.colcon_core.shell:Skip shell extension 'dsv' for command environment
[0.517s] DEBUG:colcon.colcon_core.event_handler.log_command:Invoking command in '/home/cam/ros2_ws/src/build/realsense2_camera_msgs': CMAKE_PREFIX_PATH=${CMAKE_PREFIX_PATH}:/opt/ros/jazzy DEBUGINFOD_URLS=https://debuginfod.ubuntu.com /usr/bin/cmake /home/cam/ros2_ws/src/realsense-ros/realsense2_camera_msgs -DCMAKE_INSTALL_PREFIX=/home/cam/ros2_ws/src/install/realsense2_camera_msgs
[0.529s] DEBUG:colcon.colcon_core.event_handler.log_command:Invoking command in '/home/cam/ros2_ws/src/build/micro_ros_agent': CMAKE_PREFIX_PATH=${CMAKE_PREFIX_PATH}:/opt/ros/jazzy DEBUGINFOD_URLS=https://debuginfod.ubuntu.com /usr/bin/cmake /home/cam/ros2_ws/src/micro-ROS-Agent/micro_ros_agent -DCMAKE_INSTALL_PREFIX=/home/cam/ros2_ws/src/install/micro_ros_agent
[0.546s] DEBUG:colcon.colcon_core.event_handler.log_command:Invoking command in '/home/cam/ros2_ws/src/build/robot_testing': CMAKE_PREFIX_PATH=${CMAKE_PREFIX_PATH}:/opt/ros/jazzy DEBUGINFOD_URLS=https://debuginfod.ubuntu.com /usr/bin/cmake /home/cam/ros2_ws/src/robot_testing -DCMAKE_INSTALL_PREFIX=/home/cam/ros2_ws/src/install/robot_testing
[1.994s] DEBUG:colcon.colcon_core.event_handler.log_command:Invoked command in '/home/cam/ros2_ws/src/build/micro_ros_agent' returned '0': CMAKE_PREFIX_PATH=${CMAKE_PREFIX_PATH}:/opt/ros/jazzy DEBUGINFOD_URLS=https://debuginfod.ubuntu.com /usr/bin/cmake /home/cam/ros2_ws/src/micro-ROS-Agent/micro_ros_agent -DCMAKE_INSTALL_PREFIX=/home/cam/ros2_ws/src/install/micro_ros_agent
[1.997s] DEBUG:colcon.colcon_core.event_handler.log_command:Invoking command in '/home/cam/ros2_ws/src/build/micro_ros_agent': CMAKE_PREFIX_PATH=${CMAKE_PREFIX_PATH}:/opt/ros/jazzy DEBUGINFOD_URLS=https://debuginfod.ubuntu.com /usr/bin/cmake --build /home/cam/ros2_ws/src/build/micro_ros_agent -- -j4 -l4
[3.251s] DEBUG:colcon.colcon_core.event_handler.log_command:Invoked command in '/home/cam/ros2_ws/src/build/robot_testing' returned '0': CMAKE_PREFIX_PATH=${CMAKE_PREFIX_PATH}:/opt/ros/jazzy DEBUGINFOD_URLS=https://debuginfod.ubuntu.com /usr/bin/cmake /home/cam/ros2_ws/src/robot_testing -DCMAKE_INSTALL_PREFIX=/home/cam/ros2_ws/src/install/robot_testing
[3.252s] DEBUG:colcon.colcon_core.event_handler.log_command:Invoking command in '/home/cam/ros2_ws/src/build/robot_testing': CMAKE_PREFIX_PATH=${CMAKE_PREFIX_PATH}:/opt/ros/jazzy DEBUGINFOD_URLS=https://debuginfod.ubuntu.com /usr/bin/cmake --build /home/cam/ros2_ws/src/build/robot_testing -- -j4 -l4
[3.359s] DEBUG:colcon.colcon_core.event_handler.log_command:Invoked command in '/home/cam/ros2_ws/src/build/robot_testing' returned '0': CMAKE_PREFIX_PATH=${CMAKE_PREFIX_PATH}:/opt/ros/jazzy DEBUGINFOD_URLS=https://debuginfod.ubuntu.com /usr/bin/cmake --build /home/cam/ros2_ws/src/build/robot_testing -- -j4 -l4
[3.381s] DEBUG:colcon.colcon_core.event_handler.log_command:Invoking command in '/home/cam/ros2_ws/src/build/robot_testing': CMAKE_PREFIX_PATH=${CMAKE_PREFIX_PATH}:/opt/ros/jazzy DEBUGINFOD_URLS=https://debuginfod.ubuntu.com /usr/bin/cmake --install /home/cam/ros2_ws/src/build/robot_testing
[3.404s] Level 1:colcon.colcon_core.environment:create_environment_scripts_only(robot_testing)
[3.405s] DEBUG:colcon.colcon_core.event_handler.log_command:Invoked command in '/home/cam/ros2_ws/src/build/robot_testing' returned '0': CMAKE_PREFIX_PATH=${CMAKE_PREFIX_PATH}:/opt/ros/jazzy DEBUGINFOD_URLS=https://debuginfod.ubuntu.com /usr/bin/cmake --install /home/cam/ros2_ws/src/build/robot_testing
[3.408s] Level 1:colcon.colcon_core.environment:checking '/home/cam/ros2_ws/src/install/robot_testing' for CMake module files
[3.409s] Level 1:colcon.colcon_core.environment:checking '/home/cam/ros2_ws/src/install/robot_testing' for CMake config files
[3.409s] Level 1:colcon.colcon_core.shell:create_environment_hook('robot_testing', 'cmake_prefix_path')
[3.409s] INFO:colcon.colcon_core.shell:Creating environment hook '/home/cam/ros2_ws/src/install/robot_testing/share/robot_testing/hook/cmake_prefix_path.ps1'
[3.410s] INFO:colcon.colcon_core.shell:Creating environment descriptor '/home/cam/ros2_ws/src/install/robot_testing/share/robot_testing/hook/cmake_prefix_path.dsv'
[3.410s] INFO:colcon.colcon_core.shell:Creating environment hook '/home/cam/ros2_ws/src/install/robot_testing/share/robot_testing/hook/cmake_prefix_path.sh'
[3.411s] Level 1:colcon.colcon_core.environment:checking '/home/cam/ros2_ws/src/install/robot_testing/bin'
[3.412s] Level 1:colcon.colcon_core.environment:checking '/home/cam/ros2_ws/src/install/robot_testing/lib/pkgconfig/robot_testing.pc'
[3.412s] Level 1:colcon.colcon_core.environment:checking '/home/cam/ros2_ws/src/install/robot_testing/lib/python3.12/site-packages'
[3.412s] Level 1:colcon.colcon_core.environment:checking '/home/cam/ros2_ws/src/install/robot_testing/bin'
[3.413s] INFO:colcon.colcon_core.shell:Creating package script '/home/cam/ros2_ws/src/install/robot_testing/share/robot_testing/package.ps1'
[3.414s] INFO:colcon.colcon_core.shell:Creating package descriptor '/home/cam/ros2_ws/src/install/robot_testing/share/robot_testing/package.dsv'
[3.415s] INFO:colcon.colcon_core.shell:Creating package script '/home/cam/ros2_ws/src/install/robot_testing/share/robot_testing/package.sh'
[3.416s] INFO:colcon.colcon_core.shell:Creating package script '/home/cam/ros2_ws/src/install/robot_testing/share/robot_testing/package.bash'
[3.419s] INFO:colcon.colcon_core.shell:Creating package script '/home/cam/ros2_ws/src/install/robot_testing/share/robot_testing/package.zsh'
[3.423s] Level 1:colcon.colcon_core.environment:create_file_with_runtime_dependencies(/home/cam/ros2_ws/src/install/robot_testing/share/colcon-core/packages/robot_testing)
[3.430s] Level 1:colcon.colcon_core.environment:create_environment_scripts_only(robot_testing)
[3.432s] Level 1:colcon.colcon_core.environment:checking '/home/cam/ros2_ws/src/install/robot_testing' for CMake module files
[3.434s] Level 1:colcon.colcon_core.environment:checking '/home/cam/ros2_ws/src/install/robot_testing' for CMake config files
[3.434s] Level 1:colcon.colcon_core.shell:create_environment_hook('robot_testing', 'cmake_prefix_path')
[3.435s] INFO:colcon.colcon_core.shell:Creating environment hook '/home/cam/ros2_ws/src/install/robot_testing/share/robot_testing/hook/cmake_prefix_path.ps1'
[3.436s] INFO:colcon.colcon_core.shell:Creating environment descriptor '/home/cam/ros2_ws/src/install/robot_testing/share/robot_testing/hook/cmake_prefix_path.dsv'
[3.439s] INFO:colcon.colcon_core.shell:Creating environment hook '/home/cam/ros2_ws/src/install/robot_testing/share/robot_testing/hook/cmake_prefix_path.sh'
[3.442s] Level 1:colcon.colcon_core.environment:checking '/home/cam/ros2_ws/src/install/robot_testing/bin'
[3.442s] Level 1:colcon.colcon_core.environment:checking '/home/cam/ros2_ws/src/install/robot_testing/lib/pkgconfig/robot_testing.pc'
[3.443s] Level 1:colcon.colcon_core.environment:checking '/home/cam/ros2_ws/src/install/robot_testing/lib/python3.12/site-packages'
[3.444s] Level 1:colcon.colcon_core.environment:checking '/home/cam/ros2_ws/src/install/robot_testing/bin'
[3.445s] INFO:colcon.colcon_core.shell:Creating package script '/home/cam/ros2_ws/src/install/robot_testing/share/robot_testing/package.ps1'
[3.446s] INFO:colcon.colcon_core.shell:Creating package descriptor '/home/cam/ros2_ws/src/install/robot_testing/share/robot_testing/package.dsv'
[3.448s] INFO:colcon.colcon_core.shell:Creating package script '/home/cam/ros2_ws/src/install/robot_testing/share/robot_testing/package.sh'
[3.451s] INFO:colcon.colcon_core.shell:Creating package script '/home/cam/ros2_ws/src/install/robot_testing/share/robot_testing/package.bash'
[3.454s] INFO:colcon.colcon_core.shell:Creating package script '/home/cam/ros2_ws/src/install/robot_testing/share/robot_testing/package.zsh'
[3.456s] Level 1:colcon.colcon_core.environment:create_file_with_runtime_dependencies(/home/cam/ros2_ws/src/install/robot_testing/share/colcon-core/packages/robot_testing)
[13.864s] DEBUG:colcon.colcon_core.event_handler.log_command:Invoked command in '/home/cam/ros2_ws/src/build/realsense2_camera_msgs' returned '0': CMAKE_PREFIX_PATH=${CMAKE_PREFIX_PATH}:/opt/ros/jazzy DEBUGINFOD_URLS=https://debuginfod.ubuntu.com /usr/bin/cmake /home/cam/ros2_ws/src/realsense-ros/realsense2_camera_msgs -DCMAKE_INSTALL_PREFIX=/home/cam/ros2_ws/src/install/realsense2_camera_msgs
[13.866s] DEBUG:colcon.colcon_core.event_handler.log_command:Invoking command in '/home/cam/ros2_ws/src/build/realsense2_camera_msgs': CMAKE_PREFIX_PATH=${CMAKE_PREFIX_PATH}:/opt/ros/jazzy DEBUGINFOD_URLS=https://debuginfod.ubuntu.com /usr/bin/cmake --build /home/cam/ros2_ws/src/build/realsense2_camera_msgs -- -j4 -l4
[46.995s] DEBUG:colcon.colcon_core.event_handler.log_command:Invoked command in '/home/cam/ros2_ws/src/build/realsense2_camera_msgs' returned '0': CMAKE_PREFIX_PATH=${CMAKE_PREFIX_PATH}:/opt/ros/jazzy DEBUGINFOD_URLS=https://debuginfod.ubuntu.com /usr/bin/cmake --build /home/cam/ros2_ws/src/build/realsense2_camera_msgs -- -j4 -l4
[46.997s] DEBUG:colcon.colcon_core.event_handler.log_command:Invoking command in '/home/cam/ros2_ws/src/build/realsense2_camera_msgs': CMAKE_PREFIX_PATH=${CMAKE_PREFIX_PATH}:/opt/ros/jazzy DEBUGINFOD_URLS=https://debuginfod.ubuntu.com /usr/bin/cmake --install /home/cam/ros2_ws/src/build/realsense2_camera_msgs
[47.240s] Level 1:colcon.colcon_core.environment:create_environment_scripts_only(realsense2_camera_msgs)
[47.241s] Level 1:colcon.colcon_core.environment:checking '/home/cam/ros2_ws/src/install/realsense2_camera_msgs' for CMake module files
[47.242s] DEBUG:colcon.colcon_core.event_handler.log_command:Invoked command in '/home/cam/ros2_ws/src/build/realsense2_camera_msgs' returned '0': CMAKE_PREFIX_PATH=${CMAKE_PREFIX_PATH}:/opt/ros/jazzy DEBUGINFOD_URLS=https://debuginfod.ubuntu.com /usr/bin/cmake --install /home/cam/ros2_ws/src/build/realsense2_camera_msgs
[47.243s] Level 1:colcon.colcon_core.environment:checking '/home/cam/ros2_ws/src/install/realsense2_camera_msgs' for CMake config files
[47.243s] Level 1:colcon.colcon_core.shell:create_environment_hook('realsense2_camera_msgs', 'cmake_prefix_path')
[47.243s] INFO:colcon.colcon_core.shell:Creating environment hook '/home/cam/ros2_ws/src/install/realsense2_camera_msgs/share/realsense2_camera_msgs/hook/cmake_prefix_path.ps1'
[47.244s] INFO:colcon.colcon_core.shell:Creating environment descriptor '/home/cam/ros2_ws/src/install/realsense2_camera_msgs/share/realsense2_camera_msgs/hook/cmake_prefix_path.dsv'
[47.245s] INFO:colcon.colcon_core.shell:Creating environment hook '/home/cam/ros2_ws/src/install/realsense2_camera_msgs/share/realsense2_camera_msgs/hook/cmake_prefix_path.sh'
[47.246s] Level 1:colcon.colcon_core.environment:checking '/home/cam/ros2_ws/src/install/realsense2_camera_msgs/lib'
[47.246s] Level 1:colcon.colcon_core.shell:create_environment_hook('realsense2_camera_msgs', 'ld_library_path_lib')
[47.247s] INFO:colcon.colcon_core.shell:Creating environment hook '/home/cam/ros2_ws/src/install/realsense2_camera_msgs/share/realsense2_camera_msgs/hook/ld_library_path_lib.ps1'
[47.247s] INFO:colcon.colcon_core.shell:Creating environment descriptor '/home/cam/ros2_ws/src/install/realsense2_camera_msgs/share/realsense2_camera_msgs/hook/ld_library_path_lib.dsv'
[47.248s] INFO:colcon.colcon_core.shell:Creating environment hook '/home/cam/ros2_ws/src/install/realsense2_camera_msgs/share/realsense2_camera_msgs/hook/ld_library_path_lib.sh'
[47.249s] Level 1:colcon.colcon_core.environment:checking '/home/cam/ros2_ws/src/install/realsense2_camera_msgs/bin'
[47.249s] Level 1:colcon.colcon_core.environment:checking '/home/cam/ros2_ws/src/install/realsense2_camera_msgs/lib/pkgconfig/realsense2_camera_msgs.pc'
[47.249s] Level 1:colcon.colcon_core.environment:checking '/home/cam/ros2_ws/src/install/realsense2_camera_msgs/lib/python3.12/site-packages'
[47.249s] Level 1:colcon.colcon_core.shell:create_environment_hook('realsense2_camera_msgs', 'pythonpath')
[47.250s] INFO:colcon.colcon_core.shell:Creating environment hook '/home/cam/ros2_ws/src/install/realsense2_camera_msgs/share/realsense2_camera_msgs/hook/pythonpath.ps1'
[47.251s] INFO:colcon.colcon_core.shell:Creating environment descriptor '/home/cam/ros2_ws/src/install/realsense2_camera_msgs/share/realsense2_camera_msgs/hook/pythonpath.dsv'
[47.251s] INFO:colcon.colcon_core.shell:Creating environment hook '/home/cam/ros2_ws/src/install/realsense2_camera_msgs/share/realsense2_camera_msgs/hook/pythonpath.sh'
[47.252s] Level 1:colcon.colcon_core.environment:checking '/home/cam/ros2_ws/src/install/realsense2_camera_msgs/bin'
[47.253s] INFO:colcon.colcon_core.shell:Creating package script '/home/cam/ros2_ws/src/install/realsense2_camera_msgs/share/realsense2_camera_msgs/package.ps1'
[47.254s] INFO:colcon.colcon_core.shell:Creating package descriptor '/home/cam/ros2_ws/src/install/realsense2_camera_msgs/share/realsense2_camera_msgs/package.dsv'
[47.255s] INFO:colcon.colcon_core.shell:Creating package script '/home/cam/ros2_ws/src/install/realsense2_camera_msgs/share/realsense2_camera_msgs/package.sh'
[47.256s] INFO:colcon.colcon_core.shell:Creating package script '/home/cam/ros2_ws/src/install/realsense2_camera_msgs/share/realsense2_camera_msgs/package.bash'
[47.257s] INFO:colcon.colcon_core.shell:Creating package script '/home/cam/ros2_ws/src/install/realsense2_camera_msgs/share/realsense2_camera_msgs/package.zsh'
[47.257s] Level 1:colcon.colcon_core.environment:create_file_with_runtime_dependencies(/home/cam/ros2_ws/src/install/realsense2_camera_msgs/share/colcon-core/packages/realsense2_camera_msgs)
[47.258s] Level 1:colcon.colcon_core.environment:create_environment_scripts_only(realsense2_camera_msgs)
[47.259s] Level 1:colcon.colcon_core.environment:checking '/home/cam/ros2_ws/src/install/realsense2_camera_msgs' for CMake module files
[47.265s] Level 1:colcon.colcon_core.environment:checking '/home/cam/ros2_ws/src/install/realsense2_camera_msgs' for CMake config files
[47.266s] Level 1:colcon.colcon_core.shell:create_environment_hook('realsense2_camera_msgs', 'cmake_prefix_path')
[47.266s] INFO:colcon.colcon_core.shell:Creating environment hook '/home/cam/ros2_ws/src/install/realsense2_camera_msgs/share/realsense2_camera_msgs/hook/cmake_prefix_path.ps1'
[47.267s] INFO:colcon.colcon_core.shell:Creating environment descriptor '/home/cam/ros2_ws/src/install/realsense2_camera_msgs/share/realsense2_camera_msgs/hook/cmake_prefix_path.dsv'
[47.272s] INFO:colcon.colcon_core.shell:Creating environment hook '/home/cam/ros2_ws/src/install/realsense2_camera_msgs/share/realsense2_camera_msgs/hook/cmake_prefix_path.sh'
[47.273s] Level 1:colcon.colcon_core.environment:checking '/home/cam/ros2_ws/src/install/realsense2_camera_msgs/lib'
[47.274s] Level 1:colcon.colcon_core.shell:create_environment_hook('realsense2_camera_msgs', 'ld_library_path_lib')
[47.274s] INFO:colcon.colcon_core.shell:Creating environment hook '/home/cam/ros2_ws/src/install/realsense2_camera_msgs/share/realsense2_camera_msgs/hook/ld_library_path_lib.ps1'
[47.279s] INFO:colcon.colcon_core.shell:Creating environment descriptor '/home/cam/ros2_ws/src/install/realsense2_camera_msgs/share/realsense2_camera_msgs/hook/ld_library_path_lib.dsv'
[47.280s] INFO:colcon.colcon_core.shell:Creating environment hook '/home/cam/ros2_ws/src/install/realsense2_camera_msgs/share/realsense2_camera_msgs/hook/ld_library_path_lib.sh'
[47.286s] Level 1:colcon.colcon_core.environment:checking '/home/cam/ros2_ws/src/install/realsense2_camera_msgs/bin'
[47.286s] Level 1:colcon.colcon_core.environment:checking '/home/cam/ros2_ws/src/install/realsense2_camera_msgs/lib/pkgconfig/realsense2_camera_msgs.pc'
[47.286s] Level 1:colcon.colcon_core.environment:checking '/home/cam/ros2_ws/src/install/realsense2_camera_msgs/lib/python3.12/site-packages'
[47.286s] Level 1:colcon.colcon_core.shell:create_environment_hook('realsense2_camera_msgs', 'pythonpath')
[47.287s] INFO:colcon.colcon_core.shell:Creating environment hook '/home/cam/ros2_ws/src/install/realsense2_camera_msgs/share/realsense2_camera_msgs/hook/pythonpath.ps1'
[47.291s] INFO:colcon.colcon_core.shell:Creating environment descriptor '/home/cam/ros2_ws/src/install/realsense2_camera_msgs/share/realsense2_camera_msgs/hook/pythonpath.dsv'
[47.296s] INFO:colcon.colcon_core.shell:Creating environment hook '/home/cam/ros2_ws/src/install/realsense2_camera_msgs/share/realsense2_camera_msgs/hook/pythonpath.sh'
[47.298s] Level 1:colcon.colcon_core.environment:checking '/home/cam/ros2_ws/src/install/realsense2_camera_msgs/bin'
[47.299s] INFO:colcon.colcon_core.shell:Creating package script '/home/cam/ros2_ws/src/install/realsense2_camera_msgs/share/realsense2_camera_msgs/package.ps1'
[47.301s] INFO:colcon.colcon_core.shell:Creating package descriptor '/home/cam/ros2_ws/src/install/realsense2_camera_msgs/share/realsense2_camera_msgs/package.dsv'
[47.302s] INFO:colcon.colcon_core.shell:Creating package script '/home/cam/ros2_ws/src/install/realsense2_camera_msgs/share/realsense2_camera_msgs/package.sh'
[47.303s] INFO:colcon.colcon_core.shell:Creating package script '/home/cam/ros2_ws/src/install/realsense2_camera_msgs/share/realsense2_camera_msgs/package.bash'
[47.304s] INFO:colcon.colcon_core.shell:Creating package script '/home/cam/ros2_ws/src/install/realsense2_camera_msgs/share/realsense2_camera_msgs/package.zsh'
[47.305s] Level 1:colcon.colcon_core.environment:create_file_with_runtime_dependencies(/home/cam/ros2_ws/src/install/realsense2_camera_msgs/share/colcon-core/packages/realsense2_camera_msgs)
[47.307s] INFO:colcon.colcon_ros.task.ament_cmake.build:Building ROS package in '/home/cam/ros2_ws/src/realsense-ros/realsense2_camera' with build type 'ament_cmake'
[47.307s] INFO:colcon.colcon_cmake.task.cmake.build:Building CMake package in '/home/cam/ros2_ws/src/realsense-ros/realsense2_camera'
[47.307s] INFO:colcon.colcon_core.shell:Skip shell extension 'powershell' for command environment: Not usable outside of PowerShell
[47.308s] DEBUG:colcon.colcon_core.shell:Skip shell extension 'dsv' for command environment
[47.320s] INFO:colcon.colcon_ros.task.ament_cmake.build:Building ROS package in '/home/cam/ros2_ws/src/realsense-ros/realsense2_description' with build type 'ament_cmake'
[47.321s] INFO:colcon.colcon_cmake.task.cmake.build:Building CMake package in '/home/cam/ros2_ws/src/realsense-ros/realsense2_description'
[47.323s] INFO:colcon.colcon_core.shell:Skip shell extension 'powershell' for command environment: Not usable outside of PowerShell
[47.325s] DEBUG:colcon.colcon_core.shell:Skip shell extension 'dsv' for command environment
[47.357s] DEBUG:colcon.colcon_core.event_handler.log_command:Invoking command in '/home/cam/ros2_ws/src/build/realsense2_camera': AMENT_PREFIX_PATH=/home/cam/ros2_ws/src/install/realsense2_camera_msgs:${AMENT_PREFIX_PATH} CMAKE_PREFIX_PATH=/home/cam/ros2_ws/src/install/realsense2_camera_msgs:/home/cam/ros2_ws/install/robot_testing:/home/cam/ros2_ws/install/realsense2_description:/home/cam/ros2_ws/install/realsense2_camera:/home/cam/ros2_ws/install/realsense2_camera_msgs:/home/cam/ros2_ws/install/micro_ros_agent:/opt/ros/jazzy/opt/gz_sim_vendor:/opt/ros/jazzy/opt/gz_sensors_vendor:/opt/ros/jazzy/opt/gz_physics_vendor:/opt/ros/jazzy/opt/sdformat_vendor:/opt/ros/jazzy/opt/gz_gui_vendor:/opt/ros/jazzy/opt/gz_transport_vendor:/opt/ros/jazzy/opt/gz_rendering_vendor:/opt/ros/jazzy/opt/gz_plugin_vendor:/opt/ros/jazzy/opt/gz_fuel_tools_vendor:/opt/ros/jazzy/opt/gz_msgs_vendor:/opt/ros/jazzy/opt/gz_common_vendor:/opt/ros/jazzy/opt/gz_math_vendor:/opt/ros/jazzy/opt/gz_utils_vendor:/opt/ros/jazzy/opt/gz_tools_vendor:/opt/ros/jazzy/opt/gz_ogre_next_vendor:/opt/ros/jazzy/opt/gz_dartsim_vendor:/opt/ros/jazzy/opt/gz_cmake_vendor:/opt/ros/jazzy DEBUGINFOD_URLS=https://debuginfod.ubuntu.com LD_LIBRARY_PATH=/home/cam/ros2_ws/src/install/realsense2_camera_msgs/lib:${LD_LIBRARY_PATH} PYTHONPATH=/home/cam/ros2_ws/src/install/realsense2_camera_msgs/lib/python3.12/site-packages:${PYTHONPATH} /usr/bin/cmake /home/cam/ros2_ws/src/realsense-ros/realsense2_camera -DCMAKE_INSTALL_PREFIX=/home/cam/ros2_ws/src/install/realsense2_camera
[47.373s] DEBUG:colcon.colcon_core.event_handler.log_command:Invoking command in '/home/cam/ros2_ws/src/build/realsense2_description': AMENT_PREFIX_PATH=/home/cam/ros2_ws/src/install/realsense2_camera_msgs:${AMENT_PREFIX_PATH} CMAKE_PREFIX_PATH=/home/cam/ros2_ws/src/install/realsense2_camera_msgs:/home/cam/ros2_ws/install/robot_testing:/home/cam/ros2_ws/install/realsense2_description:/home/cam/ros2_ws/install/realsense2_camera:/home/cam/ros2_ws/install/realsense2_camera_msgs:/home/cam/ros2_ws/install/micro_ros_agent:/opt/ros/jazzy/opt/gz_sim_vendor:/opt/ros/jazzy/opt/gz_sensors_vendor:/opt/ros/jazzy/opt/gz_physics_vendor:/opt/ros/jazzy/opt/sdformat_vendor:/opt/ros/jazzy/opt/gz_gui_vendor:/opt/ros/jazzy/opt/gz_transport_vendor:/opt/ros/jazzy/opt/gz_rendering_vendor:/opt/ros/jazzy/opt/gz_plugin_vendor:/opt/ros/jazzy/opt/gz_fuel_tools_vendor:/opt/ros/jazzy/opt/gz_msgs_vendor:/opt/ros/jazzy/opt/gz_common_vendor:/opt/ros/jazzy/opt/gz_math_vendor:/opt/ros/jazzy/opt/gz_utils_vendor:/opt/ros/jazzy/opt/gz_tools_vendor:/opt/ros/jazzy/opt/gz_ogre_next_vendor:/opt/ros/jazzy/opt/gz_dartsim_vendor:/opt/ros/jazzy/opt/gz_cmake_vendor:/opt/ros/jazzy DEBUGINFOD_URLS=https://debuginfod.ubuntu.com LD_LIBRARY_PATH=/home/cam/ros2_ws/src/install/realsense2_camera_msgs/lib:${LD_LIBRARY_PATH} PYTHONPATH=/home/cam/ros2_ws/src/install/realsense2_camera_msgs/lib/python3.12/site-packages:${PYTHONPATH} /usr/bin/cmake /home/cam/ros2_ws/src/realsense-ros/realsense2_description -DCMAKE_INSTALL_PREFIX=/home/cam/ros2_ws/src/install/realsense2_description
[49.784s] DEBUG:colcon.colcon_core.event_handler.log_command:Invoked command in '/home/cam/ros2_ws/src/build/realsense2_description' returned '0': AMENT_PREFIX_PATH=/home/cam/ros2_ws/src/install/realsense2_camera_msgs:${AMENT_PREFIX_PATH} CMAKE_PREFIX_PATH=/home/cam/ros2_ws/src/install/realsense2_camera_msgs:/home/cam/ros2_ws/install/robot_testing:/home/cam/ros2_ws/install/realsense2_description:/home/cam/ros2_ws/install/realsense2_camera:/home/cam/ros2_ws/install/realsense2_camera_msgs:/home/cam/ros2_ws/install/micro_ros_agent:/opt/ros/jazzy/opt/gz_sim_vendor:/opt/ros/jazzy/opt/gz_sensors_vendor:/opt/ros/jazzy/opt/gz_physics_vendor:/opt/ros/jazzy/opt/sdformat_vendor:/opt/ros/jazzy/opt/gz_gui_vendor:/opt/ros/jazzy/opt/gz_transport_vendor:/opt/ros/jazzy/opt/gz_rendering_vendor:/opt/ros/jazzy/opt/gz_plugin_vendor:/opt/ros/jazzy/opt/gz_fuel_tools_vendor:/opt/ros/jazzy/opt/gz_msgs_vendor:/opt/ros/jazzy/opt/gz_common_vendor:/opt/ros/jazzy/opt/gz_math_vendor:/opt/ros/jazzy/opt/gz_utils_vendor:/opt/ros/jazzy/opt/gz_tools_vendor:/opt/ros/jazzy/opt/gz_ogre_next_vendor:/opt/ros/jazzy/opt/gz_dartsim_vendor:/opt/ros/jazzy/opt/gz_cmake_vendor:/opt/ros/jazzy DEBUGINFOD_URLS=https://debuginfod.ubuntu.com LD_LIBRARY_PATH=/home/cam/ros2_ws/src/install/realsense2_camera_msgs/lib:${LD_LIBRARY_PATH} PYTHONPATH=/home/cam/ros2_ws/src/install/realsense2_camera_msgs/lib/python3.12/site-packages:${PYTHONPATH} /usr/bin/cmake /home/cam/ros2_ws/src/realsense-ros/realsense2_description -DCMAKE_INSTALL_PREFIX=/home/cam/ros2_ws/src/install/realsense2_description
[49.785s] DEBUG:colcon.colcon_core.event_handler.log_command:Invoking command in '/home/cam/ros2_ws/src/build/realsense2_description': AMENT_PREFIX_PATH=/home/cam/ros2_ws/src/install/realsense2_camera_msgs:${AMENT_PREFIX_PATH} CMAKE_PREFIX_PATH=/home/cam/ros2_ws/src/install/realsense2_camera_msgs:/home/cam/ros2_ws/install/robot_testing:/home/cam/ros2_ws/install/realsense2_description:/home/cam/ros2_ws/install/realsense2_camera:/home/cam/ros2_ws/install/realsense2_camera_msgs:/home/cam/ros2_ws/install/micro_ros_agent:/opt/ros/jazzy/opt/gz_sim_vendor:/opt/ros/jazzy/opt/gz_sensors_vendor:/opt/ros/jazzy/opt/gz_physics_vendor:/opt/ros/jazzy/opt/sdformat_vendor:/opt/ros/jazzy/opt/gz_gui_vendor:/opt/ros/jazzy/opt/gz_transport_vendor:/opt/ros/jazzy/opt/gz_rendering_vendor:/opt/ros/jazzy/opt/gz_plugin_vendor:/opt/ros/jazzy/opt/gz_fuel_tools_vendor:/opt/ros/jazzy/opt/gz_msgs_vendor:/opt/ros/jazzy/opt/gz_common_vendor:/opt/ros/jazzy/opt/gz_math_vendor:/opt/ros/jazzy/opt/gz_utils_vendor:/opt/ros/jazzy/opt/gz_tools_vendor:/opt/ros/jazzy/opt/gz_ogre_next_vendor:/opt/ros/jazzy/opt/gz_dartsim_vendor:/opt/ros/jazzy/opt/gz_cmake_vendor:/opt/ros/jazzy DEBUGINFOD_URLS=https://debuginfod.ubuntu.com LD_LIBRARY_PATH=/home/cam/ros2_ws/src/install/realsense2_camera_msgs/lib:${LD_LIBRARY_PATH} PYTHONPATH=/home/cam/ros2_ws/src/install/realsense2_camera_msgs/lib/python3.12/site-packages:${PYTHONPATH} /usr/bin/cmake --build /home/cam/ros2_ws/src/build/realsense2_description -- -j4 -l4
[49.917s] DEBUG:colcon.colcon_core.event_handler.log_command:Invoked command in '/home/cam/ros2_ws/src/build/realsense2_description' returned '0': AMENT_PREFIX_PATH=/home/cam/ros2_ws/src/install/realsense2_camera_msgs:${AMENT_PREFIX_PATH} CMAKE_PREFIX_PATH=/home/cam/ros2_ws/src/install/realsense2_camera_msgs:/home/cam/ros2_ws/install/robot_testing:/home/cam/ros2_ws/install/realsense2_description:/home/cam/ros2_ws/install/realsense2_camera:/home/cam/ros2_ws/install/realsense2_camera_msgs:/home/cam/ros2_ws/install/micro_ros_agent:/opt/ros/jazzy/opt/gz_sim_vendor:/opt/ros/jazzy/opt/gz_sensors_vendor:/opt/ros/jazzy/opt/gz_physics_vendor:/opt/ros/jazzy/opt/sdformat_vendor:/opt/ros/jazzy/opt/gz_gui_vendor:/opt/ros/jazzy/opt/gz_transport_vendor:/opt/ros/jazzy/opt/gz_rendering_vendor:/opt/ros/jazzy/opt/gz_plugin_vendor:/opt/ros/jazzy/opt/gz_fuel_tools_vendor:/opt/ros/jazzy/opt/gz_msgs_vendor:/opt/ros/jazzy/opt/gz_common_vendor:/opt/ros/jazzy/opt/gz_math_vendor:/opt/ros/jazzy/opt/gz_utils_vendor:/opt/ros/jazzy/opt/gz_tools_vendor:/opt/ros/jazzy/opt/gz_ogre_next_vendor:/opt/ros/jazzy/opt/gz_dartsim_vendor:/opt/ros/jazzy/opt/gz_cmake_vendor:/opt/ros/jazzy DEBUGINFOD_URLS=https://debuginfod.ubuntu.com LD_LIBRARY_PATH=/home/cam/ros2_ws/src/install/realsense2_camera_msgs/lib:${LD_LIBRARY_PATH} PYTHONPATH=/home/cam/ros2_ws/src/install/realsense2_camera_msgs/lib/python3.12/site-packages:${PYTHONPATH} /usr/bin/cmake --build /home/cam/ros2_ws/src/build/realsense2_description -- -j4 -l4
[49.920s] DEBUG:colcon.colcon_core.event_handler.log_command:Invoking command in '/home/cam/ros2_ws/src/build/realsense2_description': AMENT_PREFIX_PATH=/home/cam/ros2_ws/src/install/realsense2_camera_msgs:${AMENT_PREFIX_PATH} CMAKE_PREFIX_PATH=/home/cam/ros2_ws/src/install/realsense2_camera_msgs:/home/cam/ros2_ws/install/robot_testing:/home/cam/ros2_ws/install/realsense2_description:/home/cam/ros2_ws/install/realsense2_camera:/home/cam/ros2_ws/install/realsense2_camera_msgs:/home/cam/ros2_ws/install/micro_ros_agent:/opt/ros/jazzy/opt/gz_sim_vendor:/opt/ros/jazzy/opt/gz_sensors_vendor:/opt/ros/jazzy/opt/gz_physics_vendor:/opt/ros/jazzy/opt/sdformat_vendor:/opt/ros/jazzy/opt/gz_gui_vendor:/opt/ros/jazzy/opt/gz_transport_vendor:/opt/ros/jazzy/opt/gz_rendering_vendor:/opt/ros/jazzy/opt/gz_plugin_vendor:/opt/ros/jazzy/opt/gz_fuel_tools_vendor:/opt/ros/jazzy/opt/gz_msgs_vendor:/opt/ros/jazzy/opt/gz_common_vendor:/opt/ros/jazzy/opt/gz_math_vendor:/opt/ros/jazzy/opt/gz_utils_vendor:/opt/ros/jazzy/opt/gz_tools_vendor:/opt/ros/jazzy/opt/gz_ogre_next_vendor:/opt/ros/jazzy/opt/gz_dartsim_vendor:/opt/ros/jazzy/opt/gz_cmake_vendor:/opt/ros/jazzy DEBUGINFOD_URLS=https://debuginfod.ubuntu.com LD_LIBRARY_PATH=/home/cam/ros2_ws/src/install/realsense2_camera_msgs/lib:${LD_LIBRARY_PATH} PYTHONPATH=/home/cam/ros2_ws/src/install/realsense2_camera_msgs/lib/python3.12/site-packages:${PYTHONPATH} /usr/bin/cmake --install /home/cam/ros2_ws/src/build/realsense2_description
[50.887s] Level 1:colcon.colcon_core.environment:create_environment_scripts_only(realsense2_description)
[50.888s] Level 1:colcon.colcon_core.environment:checking '/home/cam/ros2_ws/src/install/realsense2_description' for CMake module files
[50.888s] Level 1:colcon.colcon_core.environment:checking '/home/cam/ros2_ws/src/install/realsense2_description' for CMake config files
[50.889s] Level 1:colcon.colcon_core.shell:create_environment_hook('realsense2_description', 'cmake_prefix_path')
[50.889s] INFO:colcon.colcon_core.shell:Creating environment hook '/home/cam/ros2_ws/src/install/realsense2_description/share/realsense2_description/hook/cmake_prefix_path.ps1'
[50.890s] DEBUG:colcon.colcon_core.event_handler.log_command:Invoked command in '/home/cam/ros2_ws/src/build/realsense2_description' returned '0': AMENT_PREFIX_PATH=/home/cam/ros2_ws/src/install/realsense2_camera_msgs:${AMENT_PREFIX_PATH} CMAKE_PREFIX_PATH=/home/cam/ros2_ws/src/install/realsense2_camera_msgs:/home/cam/ros2_ws/install/robot_testing:/home/cam/ros2_ws/install/realsense2_description:/home/cam/ros2_ws/install/realsense2_camera:/home/cam/ros2_ws/install/realsense2_camera_msgs:/home/cam/ros2_ws/install/micro_ros_agent:/opt/ros/jazzy/opt/gz_sim_vendor:/opt/ros/jazzy/opt/gz_sensors_vendor:/opt/ros/jazzy/opt/gz_physics_vendor:/opt/ros/jazzy/opt/sdformat_vendor:/opt/ros/jazzy/opt/gz_gui_vendor:/opt/ros/jazzy/opt/gz_transport_vendor:/opt/ros/jazzy/opt/gz_rendering_vendor:/opt/ros/jazzy/opt/gz_plugin_vendor:/opt/ros/jazzy/opt/gz_fuel_tools_vendor:/opt/ros/jazzy/opt/gz_msgs_vendor:/opt/ros/jazzy/opt/gz_common_vendor:/opt/ros/jazzy/opt/gz_math_vendor:/opt/ros/jazzy/opt/gz_utils_vendor:/opt/ros/jazzy/opt/gz_tools_vendor:/opt/ros/jazzy/opt/gz_ogre_next_vendor:/opt/ros/jazzy/opt/gz_dartsim_vendor:/opt/ros/jazzy/opt/gz_cmake_vendor:/opt/ros/jazzy DEBUGINFOD_URLS=https://debuginfod.ubuntu.com LD_LIBRARY_PATH=/home/cam/ros2_ws/src/install/realsense2_camera_msgs/lib:${LD_LIBRARY_PATH} PYTHONPATH=/home/cam/ros2_ws/src/install/realsense2_camera_msgs/lib/python3.12/site-packages:${PYTHONPATH} /usr/bin/cmake --install /home/cam/ros2_ws/src/build/realsense2_description
[50.894s] INFO:colcon.colcon_core.shell:Creating environment descriptor '/home/cam/ros2_ws/src/install/realsense2_description/share/realsense2_description/hook/cmake_prefix_path.dsv'
[50.894s] INFO:colcon.colcon_core.shell:Creating environment hook '/home/cam/ros2_ws/src/install/realsense2_description/share/realsense2_description/hook/cmake_prefix_path.sh'
[50.895s] Level 1:colcon.colcon_core.environment:checking '/home/cam/ros2_ws/src/install/realsense2_description/bin'
[50.898s] Level 1:colcon.colcon_core.environment:checking '/home/cam/ros2_ws/src/install/realsense2_description/lib/pkgconfig/realsense2_description.pc'
[50.899s] Level 1:colcon.colcon_core.environment:checking '/home/cam/ros2_ws/src/install/realsense2_description/lib/python3.12/site-packages'
[50.900s] Level 1:colcon.colcon_core.environment:checking '/home/cam/ros2_ws/src/install/realsense2_description/bin'
[50.900s] INFO:colcon.colcon_core.shell:Creating package script '/home/cam/ros2_ws/src/install/realsense2_description/share/realsense2_description/package.ps1'
[50.901s] INFO:colcon.colcon_core.shell:Creating package descriptor '/home/cam/ros2_ws/src/install/realsense2_description/share/realsense2_description/package.dsv'
[50.905s] INFO:colcon.colcon_core.shell:Creating package script '/home/cam/ros2_ws/src/install/realsense2_description/share/realsense2_description/package.sh'
[50.906s] INFO:colcon.colcon_core.shell:Creating package script '/home/cam/ros2_ws/src/install/realsense2_description/share/realsense2_description/package.bash'
[50.907s] INFO:colcon.colcon_core.shell:Creating package script '/home/cam/ros2_ws/src/install/realsense2_description/share/realsense2_description/package.zsh'
[50.910s] Level 1:colcon.colcon_core.environment:create_file_with_runtime_dependencies(/home/cam/ros2_ws/src/install/realsense2_description/share/colcon-core/packages/realsense2_description)
[50.911s] Level 1:colcon.colcon_core.environment:create_environment_scripts_only(realsense2_description)
[50.912s] Level 1:colcon.colcon_core.environment:checking '/home/cam/ros2_ws/src/install/realsense2_description' for CMake module files
[50.918s] Level 1:colcon.colcon_core.environment:checking '/home/cam/ros2_ws/src/install/realsense2_description' for CMake config files
[50.920s] Level 1:colcon.colcon_core.shell:create_environment_hook('realsense2_description', 'cmake_prefix_path')
[50.921s] INFO:colcon.colcon_core.shell:Creating environment hook '/home/cam/ros2_ws/src/install/realsense2_description/share/realsense2_description/hook/cmake_prefix_path.ps1'
[50.923s] INFO:colcon.colcon_core.shell:Creating environment descriptor '/home/cam/ros2_ws/src/install/realsense2_description/share/realsense2_description/hook/cmake_prefix_path.dsv'
[50.925s] INFO:colcon.colcon_core.shell:Creating environment hook '/home/cam/ros2_ws/src/install/realsense2_description/share/realsense2_description/hook/cmake_prefix_path.sh'
[50.928s] Level 1:colcon.colcon_core.environment:checking '/home/cam/ros2_ws/src/install/realsense2_description/bin'
[50.928s] Level 1:colcon.colcon_core.environment:checking '/home/cam/ros2_ws/src/install/realsense2_description/lib/pkgconfig/realsense2_description.pc'
[50.928s] Level 1:colcon.colcon_core.environment:checking '/home/cam/ros2_ws/src/install/realsense2_description/lib/python3.12/site-packages'
[50.929s] Level 1:colcon.colcon_core.environment:checking '/home/cam/ros2_ws/src/install/realsense2_description/bin'
[50.930s] INFO:colcon.colcon_core.shell:Creating package script '/home/cam/ros2_ws/src/install/realsense2_description/share/realsense2_description/package.ps1'
[50.931s] INFO:colcon.colcon_core.shell:Creating package descriptor '/home/cam/ros2_ws/src/install/realsense2_description/share/realsense2_description/package.dsv'
[50.932s] INFO:colcon.colcon_core.shell:Creating package script '/home/cam/ros2_ws/src/install/realsense2_description/share/realsense2_description/package.sh'
[50.933s] INFO:colcon.colcon_core.shell:Creating package script '/home/cam/ros2_ws/src/install/realsense2_description/share/realsense2_description/package.bash'
[50.934s] INFO:colcon.colcon_core.shell:Creating package script '/home/cam/ros2_ws/src/install/realsense2_description/share/realsense2_description/package.zsh'
[50.935s] Level 1:colcon.colcon_core.environment:create_file_with_runtime_dependencies(/home/cam/ros2_ws/src/install/realsense2_description/share/colcon-core/packages/realsense2_description)
[60.909s] DEBUG:colcon.colcon_core.event_handler.log_command:Invoked command in '/home/cam/ros2_ws/src/build/realsense2_camera' returned '0': AMENT_PREFIX_PATH=/home/cam/ros2_ws/src/install/realsense2_camera_msgs:${AMENT_PREFIX_PATH} CMAKE_PREFIX_PATH=/home/cam/ros2_ws/src/install/realsense2_camera_msgs:/home/cam/ros2_ws/install/robot_testing:/home/cam/ros2_ws/install/realsense2_description:/home/cam/ros2_ws/install/realsense2_camera:/home/cam/ros2_ws/install/realsense2_camera_msgs:/home/cam/ros2_ws/install/micro_ros_agent:/opt/ros/jazzy/opt/gz_sim_vendor:/opt/ros/jazzy/opt/gz_sensors_vendor:/opt/ros/jazzy/opt/gz_physics_vendor:/opt/ros/jazzy/opt/sdformat_vendor:/opt/ros/jazzy/opt/gz_gui_vendor:/opt/ros/jazzy/opt/gz_transport_vendor:/opt/ros/jazzy/opt/gz_rendering_vendor:/opt/ros/jazzy/opt/gz_plugin_vendor:/opt/ros/jazzy/opt/gz_fuel_tools_vendor:/opt/ros/jazzy/opt/gz_msgs_vendor:/opt/ros/jazzy/opt/gz_common_vendor:/opt/ros/jazzy/opt/gz_math_vendor:/opt/ros/jazzy/opt/gz_utils_vendor:/opt/ros/jazzy/opt/gz_tools_vendor:/opt/ros/jazzy/opt/gz_ogre_next_vendor:/opt/ros/jazzy/opt/gz_dartsim_vendor:/opt/ros/jazzy/opt/gz_cmake_vendor:/opt/ros/jazzy DEBUGINFOD_URLS=https://debuginfod.ubuntu.com LD_LIBRARY_PATH=/home/cam/ros2_ws/src/install/realsense2_camera_msgs/lib:${LD_LIBRARY_PATH} PYTHONPATH=/home/cam/ros2_ws/src/install/realsense2_camera_msgs/lib/python3.12/site-packages:${PYTHONPATH} /usr/bin/cmake /home/cam/ros2_ws/src/realsense-ros/realsense2_camera -DCMAKE_INSTALL_PREFIX=/home/cam/ros2_ws/src/install/realsense2_camera
[60.911s] DEBUG:colcon.colcon_core.event_handler.log_command:Invoking command in '/home/cam/ros2_ws/src/build/realsense2_camera': AMENT_PREFIX_PATH=/home/cam/ros2_ws/src/install/realsense2_camera_msgs:${AMENT_PREFIX_PATH} CMAKE_PREFIX_PATH=/home/cam/ros2_ws/src/install/realsense2_camera_msgs:/home/cam/ros2_ws/install/robot_testing:/home/cam/ros2_ws/install/realsense2_description:/home/cam/ros2_ws/install/realsense2_camera:/home/cam/ros2_ws/install/realsense2_camera_msgs:/home/cam/ros2_ws/install/micro_ros_agent:/opt/ros/jazzy/opt/gz_sim_vendor:/opt/ros/jazzy/opt/gz_sensors_vendor:/opt/ros/jazzy/opt/gz_physics_vendor:/opt/ros/jazzy/opt/sdformat_vendor:/opt/ros/jazzy/opt/gz_gui_vendor:/opt/ros/jazzy/opt/gz_transport_vendor:/opt/ros/jazzy/opt/gz_rendering_vendor:/opt/ros/jazzy/opt/gz_plugin_vendor:/opt/ros/jazzy/opt/gz_fuel_tools_vendor:/opt/ros/jazzy/opt/gz_msgs_vendor:/opt/ros/jazzy/opt/gz_common_vendor:/opt/ros/jazzy/opt/gz_math_vendor:/opt/ros/jazzy/opt/gz_utils_vendor:/opt/ros/jazzy/opt/gz_tools_vendor:/opt/ros/jazzy/opt/gz_ogre_next_vendor:/opt/ros/jazzy/opt/gz_dartsim_vendor:/opt/ros/jazzy/opt/gz_cmake_vendor:/opt/ros/jazzy DEBUGINFOD_URLS=https://debuginfod.ubuntu.com LD_LIBRARY_PATH=/home/cam/ros2_ws/src/install/realsense2_camera_msgs/lib:${LD_LIBRARY_PATH} PYTHONPATH=/home/cam/ros2_ws/src/install/realsense2_camera_msgs/lib/python3.12/site-packages:${PYTHONPATH} /usr/bin/cmake --build /home/cam/ros2_ws/src/build/realsense2_camera -- -j4 -l4
[211.700s] DEBUG:colcon.colcon_core.event_handler.log_command:Invoked command in '/home/cam/ros2_ws/src/build/micro_ros_agent' returned '0': CMAKE_PREFIX_PATH=${CMAKE_PREFIX_PATH}:/opt/ros/jazzy DEBUGINFOD_URLS=https://debuginfod.ubuntu.com /usr/bin/cmake --build /home/cam/ros2_ws/src/build/micro_ros_agent -- -j4 -l4
[211.701s] DEBUG:colcon.colcon_core.event_handler.log_command:Invoking command in '/home/cam/ros2_ws/src/build/micro_ros_agent': CMAKE_PREFIX_PATH=${CMAKE_PREFIX_PATH}:/opt/ros/jazzy DEBUGINFOD_URLS=https://debuginfod.ubuntu.com /usr/bin/cmake --install /home/cam/ros2_ws/src/build/micro_ros_agent
[211.728s] Level 1:colcon.colcon_core.environment:create_environment_scripts_only(micro_ros_agent)
[211.729s] Level 1:colcon.colcon_core.environment:checking '/home/cam/ros2_ws/src/install/micro_ros_agent' for CMake module files
[211.729s] DEBUG:colcon.colcon_core.event_handler.log_command:Invoked command in '/home/cam/ros2_ws/src/build/micro_ros_agent' returned '0': CMAKE_PREFIX_PATH=${CMAKE_PREFIX_PATH}:/opt/ros/jazzy DEBUGINFOD_URLS=https://debuginfod.ubuntu.com /usr/bin/cmake --install /home/cam/ros2_ws/src/build/micro_ros_agent
[211.730s] Level 1:colcon.colcon_core.environment:checking '/home/cam/ros2_ws/src/install/micro_ros_agent' for CMake config files
[211.730s] Level 1:colcon.colcon_core.shell:create_environment_hook('micro_ros_agent', 'cmake_prefix_path')
[211.730s] INFO:colcon.colcon_core.shell:Creating environment hook '/home/cam/ros2_ws/src/install/micro_ros_agent/share/micro_ros_agent/hook/cmake_prefix_path.ps1'
[211.731s] INFO:colcon.colcon_core.shell:Creating environment descriptor '/home/cam/ros2_ws/src/install/micro_ros_agent/share/micro_ros_agent/hook/cmake_prefix_path.dsv'
[211.731s] INFO:colcon.colcon_core.shell:Creating environment hook '/home/cam/ros2_ws/src/install/micro_ros_agent/share/micro_ros_agent/hook/cmake_prefix_path.sh'
[211.732s] Level 1:colcon.colcon_core.environment:checking '/home/cam/ros2_ws/src/install/micro_ros_agent/lib'
[211.732s] Level 1:colcon.colcon_core.shell:create_environment_hook('micro_ros_agent', 'ld_library_path_lib')
[211.733s] INFO:colcon.colcon_core.shell:Creating environment hook '/home/cam/ros2_ws/src/install/micro_ros_agent/share/micro_ros_agent/hook/ld_library_path_lib.ps1'
[211.733s] INFO:colcon.colcon_core.shell:Creating environment descriptor '/home/cam/ros2_ws/src/install/micro_ros_agent/share/micro_ros_agent/hook/ld_library_path_lib.dsv'
[211.733s] INFO:colcon.colcon_core.shell:Creating environment hook '/home/cam/ros2_ws/src/install/micro_ros_agent/share/micro_ros_agent/hook/ld_library_path_lib.sh'
[211.734s] Level 1:colcon.colcon_core.environment:checking '/home/cam/ros2_ws/src/install/micro_ros_agent/bin'
[211.734s] Level 1:colcon.colcon_core.environment:checking '/home/cam/ros2_ws/src/install/micro_ros_agent/lib/pkgconfig/micro_ros_agent.pc'
[211.734s] Level 1:colcon.colcon_core.environment:checking '/home/cam/ros2_ws/src/install/micro_ros_agent/lib/python3.12/site-packages'
[211.735s] Level 1:colcon.colcon_core.environment:checking '/home/cam/ros2_ws/src/install/micro_ros_agent/bin'
[211.735s] INFO:colcon.colcon_core.shell:Creating package script '/home/cam/ros2_ws/src/install/micro_ros_agent/share/micro_ros_agent/package.ps1'
[211.736s] INFO:colcon.colcon_core.shell:Creating package descriptor '/home/cam/ros2_ws/src/install/micro_ros_agent/share/micro_ros_agent/package.dsv'
[211.736s] INFO:colcon.colcon_core.shell:Creating package script '/home/cam/ros2_ws/src/install/micro_ros_agent/share/micro_ros_agent/package.sh'
[211.737s] INFO:colcon.colcon_core.shell:Creating package script '/home/cam/ros2_ws/src/install/micro_ros_agent/share/micro_ros_agent/package.bash'
[211.737s] INFO:colcon.colcon_core.shell:Creating package script '/home/cam/ros2_ws/src/install/micro_ros_agent/share/micro_ros_agent/package.zsh'
[211.738s] Level 1:colcon.colcon_core.environment:create_file_with_runtime_dependencies(/home/cam/ros2_ws/src/install/micro_ros_agent/share/colcon-core/packages/micro_ros_agent)
[211.739s] Level 1:colcon.colcon_core.environment:create_environment_scripts_only(micro_ros_agent)
[211.739s] Level 1:colcon.colcon_core.environment:checking '/home/cam/ros2_ws/src/install/micro_ros_agent' for CMake module files
[211.739s] Level 1:colcon.colcon_core.environment:checking '/home/cam/ros2_ws/src/install/micro_ros_agent' for CMake config files
[211.740s] Level 1:colcon.colcon_core.shell:create_environment_hook('micro_ros_agent', 'cmake_prefix_path')
[211.740s] INFO:colcon.colcon_core.shell:Creating environment hook '/home/cam/ros2_ws/src/install/micro_ros_agent/share/micro_ros_agent/hook/cmake_prefix_path.ps1'
[211.741s] INFO:colcon.colcon_core.shell:Creating environment descriptor '/home/cam/ros2_ws/src/install/micro_ros_agent/share/micro_ros_agent/hook/cmake_prefix_path.dsv'
[211.741s] INFO:colcon.colcon_core.shell:Creating environment hook '/home/cam/ros2_ws/src/install/micro_ros_agent/share/micro_ros_agent/hook/cmake_prefix_path.sh'
[211.742s] Level 1:colcon.colcon_core.environment:checking '/home/cam/ros2_ws/src/install/micro_ros_agent/lib'
[211.742s] Level 1:colcon.colcon_core.shell:create_environment_hook('micro_ros_agent', 'ld_library_path_lib')
[211.743s] INFO:colcon.colcon_core.shell:Creating environment hook '/home/cam/ros2_ws/src/install/micro_ros_agent/share/micro_ros_agent/hook/ld_library_path_lib.ps1'
[211.743s] INFO:colcon.colcon_core.shell:Creating environment descriptor '/home/cam/ros2_ws/src/install/micro_ros_agent/share/micro_ros_agent/hook/ld_library_path_lib.dsv'
[211.744s] INFO:colcon.colcon_core.shell:Creating environment hook '/home/cam/ros2_ws/src/install/micro_ros_agent/share/micro_ros_agent/hook/ld_library_path_lib.sh'
[211.744s] Level 1:colcon.colcon_core.environment:checking '/home/cam/ros2_ws/src/install/micro_ros_agent/bin'
[211.744s] Level 1:colcon.colcon_core.environment:checking '/home/cam/ros2_ws/src/install/micro_ros_agent/lib/pkgconfig/micro_ros_agent.pc'
[211.745s] Level 1:colcon.colcon_core.environment:checking '/home/cam/ros2_ws/src/install/micro_ros_agent/lib/python3.12/site-packages'
[211.745s] Level 1:colcon.colcon_core.environment:checking '/home/cam/ros2_ws/src/install/micro_ros_agent/bin'
[211.746s] INFO:colcon.colcon_core.shell:Creating package script '/home/cam/ros2_ws/src/install/micro_ros_agent/share/micro_ros_agent/package.ps1'
[211.746s] INFO:colcon.colcon_core.shell:Creating package descriptor '/home/cam/ros2_ws/src/install/micro_ros_agent/share/micro_ros_agent/package.dsv'
[211.747s] INFO:colcon.colcon_core.shell:Creating package script '/home/cam/ros2_ws/src/install/micro_ros_agent/share/micro_ros_agent/package.sh'
[211.748s] INFO:colcon.colcon_core.shell:Creating package script '/home/cam/ros2_ws/src/install/micro_ros_agent/share/micro_ros_agent/package.bash'
[211.749s] INFO:colcon.colcon_core.shell:Creating package script '/home/cam/ros2_ws/src/install/micro_ros_agent/share/micro_ros_agent/package.zsh'
[211.750s] Level 1:colcon.colcon_core.environment:create_file_with_runtime_dependencies(/home/cam/ros2_ws/src/install/micro_ros_agent/share/colcon-core/packages/micro_ros_agent)
[329.224s] DEBUG:colcon.colcon_core.event_handler.log_command:Invoked command in '/home/cam/ros2_ws/src/build/realsense2_camera' returned '0': AMENT_PREFIX_PATH=/home/cam/ros2_ws/src/install/realsense2_camera_msgs:${AMENT_PREFIX_PATH} CMAKE_PREFIX_PATH=/home/cam/ros2_ws/src/install/realsense2_camera_msgs:/home/cam/ros2_ws/install/robot_testing:/home/cam/ros2_ws/install/realsense2_description:/home/cam/ros2_ws/install/realsense2_camera:/home/cam/ros2_ws/install/realsense2_camera_msgs:/home/cam/ros2_ws/install/micro_ros_agent:/opt/ros/jazzy/opt/gz_sim_vendor:/opt/ros/jazzy/opt/gz_sensors_vendor:/opt/ros/jazzy/opt/gz_physics_vendor:/opt/ros/jazzy/opt/sdformat_vendor:/opt/ros/jazzy/opt/gz_gui_vendor:/opt/ros/jazzy/opt/gz_transport_vendor:/opt/ros/jazzy/opt/gz_rendering_vendor:/opt/ros/jazzy/opt/gz_plugin_vendor:/opt/ros/jazzy/opt/gz_fuel_tools_vendor:/opt/ros/jazzy/opt/gz_msgs_vendor:/opt/ros/jazzy/opt/gz_common_vendor:/opt/ros/jazzy/opt/gz_math_vendor:/opt/ros/jazzy/opt/gz_utils_vendor:/opt/ros/jazzy/opt/gz_tools_vendor:/opt/ros/jazzy/opt/gz_ogre_next_vendor:/opt/ros/jazzy/opt/gz_dartsim_vendor:/opt/ros/jazzy/opt/gz_cmake_vendor:/opt/ros/jazzy DEBUGINFOD_URLS=https://debuginfod.ubuntu.com LD_LIBRARY_PATH=/home/cam/ros2_ws/src/install/realsense2_camera_msgs/lib:${LD_LIBRARY_PATH} PYTHONPATH=/home/cam/ros2_ws/src/install/realsense2_camera_msgs/lib/python3.12/site-packages:${PYTHONPATH} /usr/bin/cmake --build /home/cam/ros2_ws/src/build/realsense2_camera -- -j4 -l4
[329.227s] DEBUG:colcon.colcon_core.event_handler.log_command:Invoking command in '/home/cam/ros2_ws/src/build/realsense2_camera': AMENT_PREFIX_PATH=/home/cam/ros2_ws/src/install/realsense2_camera_msgs:${AMENT_PREFIX_PATH} CMAKE_PREFIX_PATH=/home/cam/ros2_ws/src/install/realsense2_camera_msgs:/home/cam/ros2_ws/install/robot_testing:/home/cam/ros2_ws/install/realsense2_description:/home/cam/ros2_ws/install/realsense2_camera:/home/cam/ros2_ws/install/realsense2_camera_msgs:/home/cam/ros2_ws/install/micro_ros_agent:/opt/ros/jazzy/opt/gz_sim_vendor:/opt/ros/jazzy/opt/gz_sensors_vendor:/opt/ros/jazzy/opt/gz_physics_vendor:/opt/ros/jazzy/opt/sdformat_vendor:/opt/ros/jazzy/opt/gz_gui_vendor:/opt/ros/jazzy/opt/gz_transport_vendor:/opt/ros/jazzy/opt/gz_rendering_vendor:/opt/ros/jazzy/opt/gz_plugin_vendor:/opt/ros/jazzy/opt/gz_fuel_tools_vendor:/opt/ros/jazzy/opt/gz_msgs_vendor:/opt/ros/jazzy/opt/gz_common_vendor:/opt/ros/jazzy/opt/gz_math_vendor:/opt/ros/jazzy/opt/gz_utils_vendor:/opt/ros/jazzy/opt/gz_tools_vendor:/opt/ros/jazzy/opt/gz_ogre_next_vendor:/opt/ros/jazzy/opt/gz_dartsim_vendor:/opt/ros/jazzy/opt/gz_cmake_vendor:/opt/ros/jazzy DEBUGINFOD_URLS=https://debuginfod.ubuntu.com LD_LIBRARY_PATH=/home/cam/ros2_ws/src/install/realsense2_camera_msgs/lib:${LD_LIBRARY_PATH} PYTHONPATH=/home/cam/ros2_ws/src/install/realsense2_camera_msgs/lib/python3.12/site-packages:${PYTHONPATH} /usr/bin/cmake --install /home/cam/ros2_ws/src/build/realsense2_camera
[329.275s] Level 1:colcon.colcon_core.environment:create_environment_scripts_only(realsense2_camera)
[329.275s] Level 1:colcon.colcon_core.environment:checking '/home/cam/ros2_ws/src/install/realsense2_camera' for CMake module files
[329.276s] DEBUG:colcon.colcon_core.event_handler.log_command:Invoked command in '/home/cam/ros2_ws/src/build/realsense2_camera' returned '0': AMENT_PREFIX_PATH=/home/cam/ros2_ws/src/install/realsense2_camera_msgs:${AMENT_PREFIX_PATH} CMAKE_PREFIX_PATH=/home/cam/ros2_ws/src/install/realsense2_camera_msgs:/home/cam/ros2_ws/install/robot_testing:/home/cam/ros2_ws/install/realsense2_description:/home/cam/ros2_ws/install/realsense2_camera:/home/cam/ros2_ws/install/realsense2_camera_msgs:/home/cam/ros2_ws/install/micro_ros_agent:/opt/ros/jazzy/opt/gz_sim_vendor:/opt/ros/jazzy/opt/gz_sensors_vendor:/opt/ros/jazzy/opt/gz_physics_vendor:/opt/ros/jazzy/opt/sdformat_vendor:/opt/ros/jazzy/opt/gz_gui_vendor:/opt/ros/jazzy/opt/gz_transport_vendor:/opt/ros/jazzy/opt/gz_rendering_vendor:/opt/ros/jazzy/opt/gz_plugin_vendor:/opt/ros/jazzy/opt/gz_fuel_tools_vendor:/opt/ros/jazzy/opt/gz_msgs_vendor:/opt/ros/jazzy/opt/gz_common_vendor:/opt/ros/jazzy/opt/gz_math_vendor:/opt/ros/jazzy/opt/gz_utils_vendor:/opt/ros/jazzy/opt/gz_tools_vendor:/opt/ros/jazzy/opt/gz_ogre_next_vendor:/opt/ros/jazzy/opt/gz_dartsim_vendor:/opt/ros/jazzy/opt/gz_cmake_vendor:/opt/ros/jazzy DEBUGINFOD_URLS=https://debuginfod.ubuntu.com LD_LIBRARY_PATH=/home/cam/ros2_ws/src/install/realsense2_camera_msgs/lib:${LD_LIBRARY_PATH} PYTHONPATH=/home/cam/ros2_ws/src/install/realsense2_camera_msgs/lib/python3.12/site-packages:${PYTHONPATH} /usr/bin/cmake --install /home/cam/ros2_ws/src/build/realsense2_camera
[329.276s] Level 1:colcon.colcon_core.environment:checking '/home/cam/ros2_ws/src/install/realsense2_camera' for CMake config files
[329.277s] Level 1:colcon.colcon_core.shell:create_environment_hook('realsense2_camera', 'cmake_prefix_path')
[329.277s] INFO:colcon.colcon_core.shell:Creating environment hook '/home/cam/ros2_ws/src/install/realsense2_camera/share/realsense2_camera/hook/cmake_prefix_path.ps1'
[329.278s] INFO:colcon.colcon_core.shell:Creating environment descriptor '/home/cam/ros2_ws/src/install/realsense2_camera/share/realsense2_camera/hook/cmake_prefix_path.dsv'
[329.278s] INFO:colcon.colcon_core.shell:Creating environment hook '/home/cam/ros2_ws/src/install/realsense2_camera/share/realsense2_camera/hook/cmake_prefix_path.sh'
[329.279s] Level 1:colcon.colcon_core.environment:checking '/home/cam/ros2_ws/src/install/realsense2_camera/lib'
[329.279s] Level 1:colcon.colcon_core.shell:create_environment_hook('realsense2_camera', 'ld_library_path_lib')
[329.279s] INFO:colcon.colcon_core.shell:Creating environment hook '/home/cam/ros2_ws/src/install/realsense2_camera/share/realsense2_camera/hook/ld_library_path_lib.ps1'
[329.280s] INFO:colcon.colcon_core.shell:Creating environment descriptor '/home/cam/ros2_ws/src/install/realsense2_camera/share/realsense2_camera/hook/ld_library_path_lib.dsv'
[329.280s] INFO:colcon.colcon_core.shell:Creating environment hook '/home/cam/ros2_ws/src/install/realsense2_camera/share/realsense2_camera/hook/ld_library_path_lib.sh'
[329.280s] Level 1:colcon.colcon_core.environment:checking '/home/cam/ros2_ws/src/install/realsense2_camera/bin'
[329.280s] Level 1:colcon.colcon_core.environment:checking '/home/cam/ros2_ws/src/install/realsense2_camera/lib/pkgconfig/realsense2_camera.pc'
[329.281s] Level 1:colcon.colcon_core.environment:checking '/home/cam/ros2_ws/src/install/realsense2_camera/lib/python3.12/site-packages'
[329.281s] Level 1:colcon.colcon_core.environment:checking '/home/cam/ros2_ws/src/install/realsense2_camera/bin'
[329.282s] INFO:colcon.colcon_core.shell:Creating package script '/home/cam/ros2_ws/src/install/realsense2_camera/share/realsense2_camera/package.ps1'
[329.282s] INFO:colcon.colcon_core.shell:Creating package descriptor '/home/cam/ros2_ws/src/install/realsense2_camera/share/realsense2_camera/package.dsv'
[329.283s] INFO:colcon.colcon_core.shell:Creating package script '/home/cam/ros2_ws/src/install/realsense2_camera/share/realsense2_camera/package.sh'
[329.283s] INFO:colcon.colcon_core.shell:Creating package script '/home/cam/ros2_ws/src/install/realsense2_camera/share/realsense2_camera/package.bash'
[329.284s] INFO:colcon.colcon_core.shell:Creating package script '/home/cam/ros2_ws/src/install/realsense2_camera/share/realsense2_camera/package.zsh'
[329.284s] Level 1:colcon.colcon_core.environment:create_file_with_runtime_dependencies(/home/cam/ros2_ws/src/install/realsense2_camera/share/colcon-core/packages/realsense2_camera)
[329.285s] Level 1:colcon.colcon_core.environment:create_environment_scripts_only(realsense2_camera)
[329.285s] Level 1:colcon.colcon_core.environment:checking '/home/cam/ros2_ws/src/install/realsense2_camera' for CMake module files
[329.286s] Level 1:colcon.colcon_core.environment:checking '/home/cam/ros2_ws/src/install/realsense2_camera' for CMake config files
[329.286s] Level 1:colcon.colcon_core.shell:create_environment_hook('realsense2_camera', 'cmake_prefix_path')
[329.286s] INFO:colcon.colcon_core.shell:Creating environment hook '/home/cam/ros2_ws/src/install/realsense2_camera/share/realsense2_camera/hook/cmake_prefix_path.ps1'
[329.287s] INFO:colcon.colcon_core.shell:Creating environment descriptor '/home/cam/ros2_ws/src/install/realsense2_camera/share/realsense2_camera/hook/cmake_prefix_path.dsv'
[329.287s] INFO:colcon.colcon_core.shell:Creating environment hook '/home/cam/ros2_ws/src/install/realsense2_camera/share/realsense2_camera/hook/cmake_prefix_path.sh'
[329.288s] Level 1:colcon.colcon_core.environment:checking '/home/cam/ros2_ws/src/install/realsense2_camera/lib'
[329.289s] Level 1:colcon.colcon_core.shell:create_environment_hook('realsense2_camera', 'ld_library_path_lib')
[329.289s] INFO:colcon.colcon_core.shell:Creating environment hook '/home/cam/ros2_ws/src/install/realsense2_camera/share/realsense2_camera/hook/ld_library_path_lib.ps1'
[329.289s] INFO:colcon.colcon_core.shell:Creating environment descriptor '/home/cam/ros2_ws/src/install/realsense2_camera/share/realsense2_camera/hook/ld_library_path_lib.dsv'
[329.290s] INFO:colcon.colcon_core.shell:Creating environment hook '/home/cam/ros2_ws/src/install/realsense2_camera/share/realsense2_camera/hook/ld_library_path_lib.sh'
[329.291s] Level 1:colcon.colcon_core.environment:checking '/home/cam/ros2_ws/src/install/realsense2_camera/bin'
[329.291s] Level 1:colcon.colcon_core.environment:checking '/home/cam/ros2_ws/src/install/realsense2_camera/lib/pkgconfig/realsense2_camera.pc'
[329.291s] Level 1:colcon.colcon_core.environment:checking '/home/cam/ros2_ws/src/install/realsense2_camera/lib/python3.12/site-packages'
[329.291s] Level 1:colcon.colcon_core.environment:checking '/home/cam/ros2_ws/src/install/realsense2_camera/bin'
[329.292s] INFO:colcon.colcon_core.shell:Creating package script '/home/cam/ros2_ws/src/install/realsense2_camera/share/realsense2_camera/package.ps1'
[329.292s] INFO:colcon.colcon_core.shell:Creating package descriptor '/home/cam/ros2_ws/src/install/realsense2_camera/share/realsense2_camera/package.dsv'
[329.293s] INFO:colcon.colcon_core.shell:Creating package script '/home/cam/ros2_ws/src/install/realsense2_camera/share/realsense2_camera/package.sh'
[329.294s] INFO:colcon.colcon_core.shell:Creating package script '/home/cam/ros2_ws/src/install/realsense2_camera/share/realsense2_camera/package.bash'
[329.295s] INFO:colcon.colcon_core.shell:Creating package script '/home/cam/ros2_ws/src/install/realsense2_camera/share/realsense2_camera/package.zsh'
[329.296s] Level 1:colcon.colcon_core.environment:create_file_with_runtime_dependencies(/home/cam/ros2_ws/src/install/realsense2_camera/share/colcon-core/packages/realsense2_camera)
[329.297s] DEBUG:colcon.colcon_parallel_executor.executor.parallel:closing loop
[329.298s] DEBUG:colcon.colcon_parallel_executor.executor.parallel:loop closed
[329.298s] DEBUG:colcon.colcon_parallel_executor.executor.parallel:run_until_complete finished with '0'
[329.298s] DEBUG:colcon.colcon_core.event_reactor:joining thread
[329.309s] INFO:colcon.colcon_core.plugin_system:Skipping extension 'colcon_notification.desktop_notification.terminal_notifier': Not used on non-Darwin systems
[329.309s] INFO:colcon.colcon_core.plugin_system:Skipping extension 'colcon_notification.desktop_notification.win32': Not used on non-Windows systems
[329.309s] INFO:colcon.colcon_notification.desktop_notification:Sending desktop notification using 'notify2'
[329.335s] DEBUG:colcon.colcon_core.event_reactor:joined thread
[329.336s] INFO:colcon.colcon_core.shell:Creating prefix script '/home/cam/ros2_ws/src/install/local_setup.ps1'
[329.337s] INFO:colcon.colcon_core.shell:Creating prefix util module '/home/cam/ros2_ws/src/install/_local_setup_util_ps1.py'
[329.339s] INFO:colcon.colcon_core.shell:Creating prefix chain script '/home/cam/ros2_ws/src/install/setup.ps1'
[329.341s] INFO:colcon.colcon_core.shell:Creating prefix script '/home/cam/ros2_ws/src/install/local_setup.sh'
[329.342s] INFO:colcon.colcon_core.shell:Creating prefix util module '/home/cam/ros2_ws/src/install/_local_setup_util_sh.py'
[329.343s] INFO:colcon.colcon_core.shell:Creating prefix chain script '/home/cam/ros2_ws/src/install/setup.sh'
[329.345s] INFO:colcon.colcon_core.shell:Creating prefix script '/home/cam/ros2_ws/src/install/local_setup.bash'
[329.346s] INFO:colcon.colcon_core.shell:Creating prefix chain script '/home/cam/ros2_ws/src/install/setup.bash'
[329.348s] INFO:colcon.colcon_core.shell:Creating prefix script '/home/cam/ros2_ws/src/install/local_setup.zsh'
[329.349s] INFO:colcon.colcon_core.shell:Creating prefix chain script '/home/cam/ros2_ws/src/install/setup.zsh'
