[0.109s] Invoking command in '/home/cam/ros2_ws/src/build/realsense2_camera_msgs': CMAKE_PREFIX_PATH=${CMAKE_PREFIX_PATH}:/opt/ros/jazzy DEBUGINFOD_URLS=https://debuginfod.ubuntu.com /usr/bin/cmake --build /home/cam/ros2_ws/src/build/realsense2_camera_msgs -- -j4 -l4
[0.786s] [  1%] Built target realsense2_camera_msgs__rosidl_generator_type_description
[0.789s] [  1%] Built target ament_cmake_python_copy_realsense2_camera_msgs
[0.789s] [  2%] Built target realsense2_camera_msgs__cpp
[0.790s] [ 25%] Built target realsense2_camera_msgs__rosidl_generator_c
[0.790s] [ 35%] Built target realsense2_camera_msgs__rosidl_typesupport_c
[0.790s] [ 44%] Built target realsense2_camera_msgs__rosidl_typesupport_fastrtps_c
[0.790s] [ 54%] Built target realsense2_camera_msgs__rosidl_typesupport_introspection_c
[0.790s] [ 63%] Built target realsense2_camera_msgs__rosidl_typesupport_fastrtps_cpp
[0.790s] [ 72%] Built target realsense2_camera_msgs__rosidl_typesupport_introspection_cpp
[0.790s] [ 82%] Built target realsense2_camera_msgs__rosidl_typesupport_cpp
[0.790s] [ 82%] Built target realsense2_camera_msgs
[0.854s] [ 83%] Built target realsense2_camera_msgs__py
[0.946s] [ 91%] Built target realsense2_camera_msgs__rosidl_generator_py
[1.017s] running egg_info
[1.051s] [ 94%] Built target realsense2_camera_msgs_s__rosidl_typesupport_fastrtps_c
[1.065s] [100%] Built target realsense2_camera_msgs_s__rosidl_typesupport_introspection_c
[1.065s] [100%] Built target realsense2_camera_msgs_s__rosidl_typesupport_c
[1.080s] writing realsense2_camera_msgs.egg-info/PKG-INFO
[1.080s] writing dependency_links to realsense2_camera_msgs.egg-info/dependency_links.txt
[1.081s] writing top-level names to realsense2_camera_msgs.egg-info/top_level.txt
[1.187s] reading manifest file 'realsense2_camera_msgs.egg-info/SOURCES.txt'
[1.189s] writing manifest file 'realsense2_camera_msgs.egg-info/SOURCES.txt'
[1.287s] [100%] Built target ament_cmake_python_build_realsense2_camera_msgs_egg
[1.323s] Invoked command in '/home/cam/ros2_ws/src/build/realsense2_camera_msgs' returned '0': CMAKE_PREFIX_PATH=${CMAKE_PREFIX_PATH}:/opt/ros/jazzy DEBUGINFOD_URLS=https://debuginfod.ubuntu.com /usr/bin/cmake --build /home/cam/ros2_ws/src/build/realsense2_camera_msgs -- -j4 -l4
[1.370s] Invoking command in '/home/cam/ros2_ws/src/build/realsense2_camera_msgs': CMAKE_PREFIX_PATH=${CMAKE_PREFIX_PATH}:/opt/ros/jazzy DEBUGINFOD_URLS=https://debuginfod.ubuntu.com /usr/bin/cmake --install /home/cam/ros2_ws/src/build/realsense2_camera_msgs
[1.389s] -- Install configuration: ""
[1.389s] -- Up-to-date: /home/cam/ros2_ws/src/install/realsense2_camera_msgs/share/ament_index/resource_index/rosidl_interfaces/realsense2_camera_msgs
[1.389s] -- Up-to-date: /home/cam/ros2_ws/src/install/realsense2_camera_msgs/share/realsense2_camera_msgs/msg/IMUInfo.json
[1.389s] -- Up-to-date: /home/cam/ros2_ws/src/install/realsense2_camera_msgs/share/realsense2_camera_msgs/msg/Extrinsics.json
[1.389s] -- Up-to-date: /home/cam/ros2_ws/src/install/realsense2_camera_msgs/share/realsense2_camera_msgs/msg/Metadata.json
[1.389s] -- Up-to-date: /home/cam/ros2_ws/src/install/realsense2_camera_msgs/share/realsense2_camera_msgs/msg/RGBD.json
[1.390s] -- Up-to-date: /home/cam/ros2_ws/src/install/realsense2_camera_msgs/share/realsense2_camera_msgs/srv/DeviceInfo.json
[1.390s] -- Up-to-date: /home/cam/ros2_ws/src/install/realsense2_camera_msgs/include/realsense2_camera_msgs/realsense2_camera_msgs
[1.390s] -- Up-to-date: /home/cam/ros2_ws/src/install/realsense2_camera_msgs/include/realsense2_camera_msgs/realsense2_camera_msgs/srv
[1.390s] -- Up-to-date: /home/cam/ros2_ws/src/install/realsense2_camera_msgs/include/realsense2_camera_msgs/realsense2_camera_msgs/srv/device_info.h
[1.390s] -- Up-to-date: /home/cam/ros2_ws/src/install/realsense2_camera_msgs/include/realsense2_camera_msgs/realsense2_camera_msgs/srv/detail
[1.390s] -- Up-to-date: /home/cam/ros2_ws/src/install/realsense2_camera_msgs/include/realsense2_camera_msgs/realsense2_camera_msgs/srv/detail/device_info__functions.c
[1.390s] -- Up-to-date: /home/cam/ros2_ws/src/install/realsense2_camera_msgs/include/realsense2_camera_msgs/realsense2_camera_msgs/srv/detail/device_info__type_support.h
[1.390s] -- Up-to-date: /home/cam/ros2_ws/src/install/realsense2_camera_msgs/include/realsense2_camera_msgs/realsense2_camera_msgs/srv/detail/device_info__description.c
[1.390s] -- Installing: /home/cam/ros2_ws/src/install/realsense2_camera_msgs/include/realsense2_camera_msgs/realsense2_camera_msgs/srv/detail/device_info__type_support.c
[1.390s] -- Up-to-date: /home/cam/ros2_ws/src/install/realsense2_camera_msgs/include/realsense2_camera_msgs/realsense2_camera_msgs/srv/detail/device_info__functions.h
[1.390s] -- Up-to-date: /home/cam/ros2_ws/src/install/realsense2_camera_msgs/include/realsense2_camera_msgs/realsense2_camera_msgs/srv/detail/device_info__struct.h
[1.391s] -- Up-to-date: /home/cam/ros2_ws/src/install/realsense2_camera_msgs/include/realsense2_camera_msgs/realsense2_camera_msgs/msg
[1.391s] -- Up-to-date: /home/cam/ros2_ws/src/install/realsense2_camera_msgs/include/realsense2_camera_msgs/realsense2_camera_msgs/msg/imu_info.h
[1.391s] -- Up-to-date: /home/cam/ros2_ws/src/install/realsense2_camera_msgs/include/realsense2_camera_msgs/realsense2_camera_msgs/msg/rgbd.h
[1.391s] -- Up-to-date: /home/cam/ros2_ws/src/install/realsense2_camera_msgs/include/realsense2_camera_msgs/realsense2_camera_msgs/msg/metadata.h
[1.391s] -- Up-to-date: /home/cam/ros2_ws/src/install/realsense2_camera_msgs/include/realsense2_camera_msgs/realsense2_camera_msgs/msg/extrinsics.h
[1.391s] -- Up-to-date: /home/cam/ros2_ws/src/install/realsense2_camera_msgs/include/realsense2_camera_msgs/realsense2_camera_msgs/msg/rosidl_generator_c__visibility_control.h
[1.391s] -- Up-to-date: /home/cam/ros2_ws/src/install/realsense2_camera_msgs/include/realsense2_camera_msgs/realsense2_camera_msgs/msg/detail
[1.391s] -- Installing: /home/cam/ros2_ws/src/install/realsense2_camera_msgs/include/realsense2_camera_msgs/realsense2_camera_msgs/msg/detail/rgbd__type_support.c
[1.391s] -- Up-to-date: /home/cam/ros2_ws/src/install/realsense2_camera_msgs/include/realsense2_camera_msgs/realsense2_camera_msgs/msg/detail/extrinsics__description.c
[1.391s] -- Up-to-date: /home/cam/ros2_ws/src/install/realsense2_camera_msgs/include/realsense2_camera_msgs/realsense2_camera_msgs/msg/detail/extrinsics__type_support.h
[1.392s] -- Up-to-date: /home/cam/ros2_ws/src/install/realsense2_camera_msgs/include/realsense2_camera_msgs/realsense2_camera_msgs/msg/detail/extrinsics__functions.h
[1.392s] -- Up-to-date: /home/cam/ros2_ws/src/install/realsense2_camera_msgs/include/realsense2_camera_msgs/realsense2_camera_msgs/msg/detail/metadata__struct.h
[1.392s] -- Up-to-date: /home/cam/ros2_ws/src/install/realsense2_camera_msgs/include/realsense2_camera_msgs/realsense2_camera_msgs/msg/detail/metadata__functions.c
[1.392s] -- Up-to-date: /home/cam/ros2_ws/src/install/realsense2_camera_msgs/include/realsense2_camera_msgs/realsense2_camera_msgs/msg/detail/rgbd__description.c
[1.392s] -- Up-to-date: /home/cam/ros2_ws/src/install/realsense2_camera_msgs/include/realsense2_camera_msgs/realsense2_camera_msgs/msg/detail/imu_info__description.c
[1.392s] -- Up-to-date: /home/cam/ros2_ws/src/install/realsense2_camera_msgs/include/realsense2_camera_msgs/realsense2_camera_msgs/msg/detail/metadata__type_support.h
[1.392s] -- Up-to-date: /home/cam/ros2_ws/src/install/realsense2_camera_msgs/include/realsense2_camera_msgs/realsense2_camera_msgs/msg/detail/imu_info__struct.h
[1.392s] -- Up-to-date: /home/cam/ros2_ws/src/install/realsense2_camera_msgs/include/realsense2_camera_msgs/realsense2_camera_msgs/msg/detail/rgbd__functions.c
[1.392s] -- Installing: /home/cam/ros2_ws/src/install/realsense2_camera_msgs/include/realsense2_camera_msgs/realsense2_camera_msgs/msg/detail/extrinsics__type_support.c
[1.392s] -- Up-to-date: /home/cam/ros2_ws/src/install/realsense2_camera_msgs/include/realsense2_camera_msgs/realsense2_camera_msgs/msg/detail/rgbd__struct.h
[1.392s] -- Installing: /home/cam/ros2_ws/src/install/realsense2_camera_msgs/include/realsense2_camera_msgs/realsense2_camera_msgs/msg/detail/metadata__type_support.c
[1.393s] -- Up-to-date: /home/cam/ros2_ws/src/install/realsense2_camera_msgs/include/realsense2_camera_msgs/realsense2_camera_msgs/msg/detail/extrinsics__struct.h
[1.393s] -- Up-to-date: /home/cam/ros2_ws/src/install/realsense2_camera_msgs/include/realsense2_camera_msgs/realsense2_camera_msgs/msg/detail/imu_info__type_support.h
[1.393s] -- Up-to-date: /home/cam/ros2_ws/src/install/realsense2_camera_msgs/include/realsense2_camera_msgs/realsense2_camera_msgs/msg/detail/imu_info__functions.h
[1.393s] -- Up-to-date: /home/cam/ros2_ws/src/install/realsense2_camera_msgs/include/realsense2_camera_msgs/realsense2_camera_msgs/msg/detail/imu_info__functions.c
[1.393s] -- Up-to-date: /home/cam/ros2_ws/src/install/realsense2_camera_msgs/include/realsense2_camera_msgs/realsense2_camera_msgs/msg/detail/rgbd__functions.h
[1.393s] -- Up-to-date: /home/cam/ros2_ws/src/install/realsense2_camera_msgs/include/realsense2_camera_msgs/realsense2_camera_msgs/msg/detail/extrinsics__functions.c
[1.393s] -- Up-to-date: /home/cam/ros2_ws/src/install/realsense2_camera_msgs/include/realsense2_camera_msgs/realsense2_camera_msgs/msg/detail/metadata__description.c
[1.393s] -- Installing: /home/cam/ros2_ws/src/install/realsense2_camera_msgs/include/realsense2_camera_msgs/realsense2_camera_msgs/msg/detail/imu_info__type_support.c
[1.393s] -- Up-to-date: /home/cam/ros2_ws/src/install/realsense2_camera_msgs/include/realsense2_camera_msgs/realsense2_camera_msgs/msg/detail/metadata__functions.h
[1.393s] -- Up-to-date: /home/cam/ros2_ws/src/install/realsense2_camera_msgs/include/realsense2_camera_msgs/realsense2_camera_msgs/msg/detail/rgbd__type_support.h
[1.393s] -- Up-to-date: /home/cam/ros2_ws/src/install/realsense2_camera_msgs/share/realsense2_camera_msgs/environment/library_path.sh
[1.394s] -- Up-to-date: /home/cam/ros2_ws/src/install/realsense2_camera_msgs/share/realsense2_camera_msgs/environment/library_path.dsv
[1.395s] -- Up-to-date: /home/cam/ros2_ws/src/install/realsense2_camera_msgs/lib/librealsense2_camera_msgs__rosidl_generator_c.so
[1.395s] -- Up-to-date: /home/cam/ros2_ws/src/install/realsense2_camera_msgs/include/realsense2_camera_msgs/realsense2_camera_msgs
[1.395s] -- Up-to-date: /home/cam/ros2_ws/src/install/realsense2_camera_msgs/include/realsense2_camera_msgs/realsense2_camera_msgs/srv
[1.395s] -- Up-to-date: /home/cam/ros2_ws/src/install/realsense2_camera_msgs/include/realsense2_camera_msgs/realsense2_camera_msgs/srv/detail
[1.395s] -- Up-to-date: /home/cam/ros2_ws/src/install/realsense2_camera_msgs/include/realsense2_camera_msgs/realsense2_camera_msgs/srv/detail/device_info__rosidl_typesupport_fastrtps_c.h
[1.395s] -- Up-to-date: /home/cam/ros2_ws/src/install/realsense2_camera_msgs/include/realsense2_camera_msgs/realsense2_camera_msgs/msg
[1.395s] -- Up-to-date: /home/cam/ros2_ws/src/install/realsense2_camera_msgs/include/realsense2_camera_msgs/realsense2_camera_msgs/msg/rosidl_typesupport_fastrtps_c__visibility_control.h
[1.395s] -- Up-to-date: /home/cam/ros2_ws/src/install/realsense2_camera_msgs/include/realsense2_camera_msgs/realsense2_camera_msgs/msg/detail
[1.396s] -- Up-to-date: /home/cam/ros2_ws/src/install/realsense2_camera_msgs/include/realsense2_camera_msgs/realsense2_camera_msgs/msg/detail/metadata__rosidl_typesupport_fastrtps_c.h
[1.396s] -- Up-to-date: /home/cam/ros2_ws/src/install/realsense2_camera_msgs/include/realsense2_camera_msgs/realsense2_camera_msgs/msg/detail/imu_info__rosidl_typesupport_fastrtps_c.h
[1.396s] -- Up-to-date: /home/cam/ros2_ws/src/install/realsense2_camera_msgs/include/realsense2_camera_msgs/realsense2_camera_msgs/msg/detail/rgbd__rosidl_typesupport_fastrtps_c.h
[1.396s] -- Up-to-date: /home/cam/ros2_ws/src/install/realsense2_camera_msgs/include/realsense2_camera_msgs/realsense2_camera_msgs/msg/detail/extrinsics__rosidl_typesupport_fastrtps_c.h
[1.397s] -- Up-to-date: /home/cam/ros2_ws/src/install/realsense2_camera_msgs/lib/librealsense2_camera_msgs__rosidl_typesupport_fastrtps_c.so
[1.397s] -- Up-to-date: /home/cam/ros2_ws/src/install/realsense2_camera_msgs/include/realsense2_camera_msgs/realsense2_camera_msgs
[1.397s] -- Up-to-date: /home/cam/ros2_ws/src/install/realsense2_camera_msgs/include/realsense2_camera_msgs/realsense2_camera_msgs/srv
[1.397s] -- Up-to-date: /home/cam/ros2_ws/src/install/realsense2_camera_msgs/include/realsense2_camera_msgs/realsense2_camera_msgs/srv/detail
[1.397s] -- Up-to-date: /home/cam/ros2_ws/src/install/realsense2_camera_msgs/include/realsense2_camera_msgs/realsense2_camera_msgs/srv/detail/device_info__rosidl_typesupport_introspection_c.h
[1.397s] -- Installing: /home/cam/ros2_ws/src/install/realsense2_camera_msgs/include/realsense2_camera_msgs/realsense2_camera_msgs/srv/detail/device_info__type_support.c
[1.398s] -- Up-to-date: /home/cam/ros2_ws/src/install/realsense2_camera_msgs/include/realsense2_camera_msgs/realsense2_camera_msgs/msg
[1.398s] -- Up-to-date: /home/cam/ros2_ws/src/install/realsense2_camera_msgs/include/realsense2_camera_msgs/realsense2_camera_msgs/msg/rosidl_typesupport_introspection_c__visibility_control.h
[1.399s] -- Up-to-date: /home/cam/ros2_ws/src/install/realsense2_camera_msgs/include/realsense2_camera_msgs/realsense2_camera_msgs/msg/detail
[1.399s] -- Installing: /home/cam/ros2_ws/src/install/realsense2_camera_msgs/include/realsense2_camera_msgs/realsense2_camera_msgs/msg/detail/rgbd__type_support.c
[1.399s] -- Up-to-date: /home/cam/ros2_ws/src/install/realsense2_camera_msgs/include/realsense2_camera_msgs/realsense2_camera_msgs/msg/detail/rgbd__rosidl_typesupport_introspection_c.h
[1.399s] -- Up-to-date: /home/cam/ros2_ws/src/install/realsense2_camera_msgs/include/realsense2_camera_msgs/realsense2_camera_msgs/msg/detail/extrinsics__rosidl_typesupport_introspection_c.h
[1.399s] -- Installing: /home/cam/ros2_ws/src/install/realsense2_camera_msgs/include/realsense2_camera_msgs/realsense2_camera_msgs/msg/detail/extrinsics__type_support.c
[1.400s] -- Installing: /home/cam/ros2_ws/src/install/realsense2_camera_msgs/include/realsense2_camera_msgs/realsense2_camera_msgs/msg/detail/metadata__type_support.c
[1.400s] -- Up-to-date: /home/cam/ros2_ws/src/install/realsense2_camera_msgs/include/realsense2_camera_msgs/realsense2_camera_msgs/msg/detail/imu_info__rosidl_typesupport_introspection_c.h
[1.400s] -- Up-to-date: /home/cam/ros2_ws/src/install/realsense2_camera_msgs/include/realsense2_camera_msgs/realsense2_camera_msgs/msg/detail/metadata__rosidl_typesupport_introspection_c.h
[1.400s] -- Installing: /home/cam/ros2_ws/src/install/realsense2_camera_msgs/include/realsense2_camera_msgs/realsense2_camera_msgs/msg/detail/imu_info__type_support.c
[1.402s] -- Up-to-date: /home/cam/ros2_ws/src/install/realsense2_camera_msgs/lib/librealsense2_camera_msgs__rosidl_typesupport_introspection_c.so
[1.403s] -- Up-to-date: /home/cam/ros2_ws/src/install/realsense2_camera_msgs/lib/librealsense2_camera_msgs__rosidl_typesupport_c.so
[1.404s] -- Up-to-date: /home/cam/ros2_ws/src/install/realsense2_camera_msgs/include/realsense2_camera_msgs/realsense2_camera_msgs
[1.404s] -- Up-to-date: /home/cam/ros2_ws/src/install/realsense2_camera_msgs/include/realsense2_camera_msgs/realsense2_camera_msgs/srv
[1.404s] -- Up-to-date: /home/cam/ros2_ws/src/install/realsense2_camera_msgs/include/realsense2_camera_msgs/realsense2_camera_msgs/srv/device_info.hpp
[1.404s] -- Up-to-date: /home/cam/ros2_ws/src/install/realsense2_camera_msgs/include/realsense2_camera_msgs/realsense2_camera_msgs/srv/detail
[1.404s] -- Up-to-date: /home/cam/ros2_ws/src/install/realsense2_camera_msgs/include/realsense2_camera_msgs/realsense2_camera_msgs/srv/detail/device_info__traits.hpp
[1.404s] -- Up-to-date: /home/cam/ros2_ws/src/install/realsense2_camera_msgs/include/realsense2_camera_msgs/realsense2_camera_msgs/srv/detail/device_info__struct.hpp
[1.404s] -- Up-to-date: /home/cam/ros2_ws/src/install/realsense2_camera_msgs/include/realsense2_camera_msgs/realsense2_camera_msgs/srv/detail/device_info__type_support.hpp
[1.404s] -- Up-to-date: /home/cam/ros2_ws/src/install/realsense2_camera_msgs/include/realsense2_camera_msgs/realsense2_camera_msgs/srv/detail/device_info__builder.hpp
[1.404s] -- Up-to-date: /home/cam/ros2_ws/src/install/realsense2_camera_msgs/include/realsense2_camera_msgs/realsense2_camera_msgs/msg
[1.404s] -- Up-to-date: /home/cam/ros2_ws/src/install/realsense2_camera_msgs/include/realsense2_camera_msgs/realsense2_camera_msgs/msg/rosidl_generator_cpp__visibility_control.hpp
[1.405s] -- Up-to-date: /home/cam/ros2_ws/src/install/realsense2_camera_msgs/include/realsense2_camera_msgs/realsense2_camera_msgs/msg/imu_info.hpp
[1.405s] -- Up-to-date: /home/cam/ros2_ws/src/install/realsense2_camera_msgs/include/realsense2_camera_msgs/realsense2_camera_msgs/msg/rgbd.hpp
[1.405s] -- Up-to-date: /home/cam/ros2_ws/src/install/realsense2_camera_msgs/include/realsense2_camera_msgs/realsense2_camera_msgs/msg/metadata.hpp
[1.405s] -- Up-to-date: /home/cam/ros2_ws/src/install/realsense2_camera_msgs/include/realsense2_camera_msgs/realsense2_camera_msgs/msg/extrinsics.hpp
[1.405s] -- Up-to-date: /home/cam/ros2_ws/src/install/realsense2_camera_msgs/include/realsense2_camera_msgs/realsense2_camera_msgs/msg/detail
[1.405s] -- Up-to-date: /home/cam/ros2_ws/src/install/realsense2_camera_msgs/include/realsense2_camera_msgs/realsense2_camera_msgs/msg/detail/extrinsics__type_support.hpp
[1.405s] -- Up-to-date: /home/cam/ros2_ws/src/install/realsense2_camera_msgs/include/realsense2_camera_msgs/realsense2_camera_msgs/msg/detail/imu_info__struct.hpp
[1.405s] -- Up-to-date: /home/cam/ros2_ws/src/install/realsense2_camera_msgs/include/realsense2_camera_msgs/realsense2_camera_msgs/msg/detail/rgbd__traits.hpp
[1.405s] -- Up-to-date: /home/cam/ros2_ws/src/install/realsense2_camera_msgs/include/realsense2_camera_msgs/realsense2_camera_msgs/msg/detail/extrinsics__traits.hpp
[1.405s] -- Up-to-date: /home/cam/ros2_ws/src/install/realsense2_camera_msgs/include/realsense2_camera_msgs/realsense2_camera_msgs/msg/detail/metadata__traits.hpp
[1.405s] -- Up-to-date: /home/cam/ros2_ws/src/install/realsense2_camera_msgs/include/realsense2_camera_msgs/realsense2_camera_msgs/msg/detail/metadata__type_support.hpp
[1.406s] -- Up-to-date: /home/cam/ros2_ws/src/install/realsense2_camera_msgs/include/realsense2_camera_msgs/realsense2_camera_msgs/msg/detail/imu_info__traits.hpp
[1.406s] -- Up-to-date: /home/cam/ros2_ws/src/install/realsense2_camera_msgs/include/realsense2_camera_msgs/realsense2_camera_msgs/msg/detail/metadata__struct.hpp
[1.406s] -- Up-to-date: /home/cam/ros2_ws/src/install/realsense2_camera_msgs/include/realsense2_camera_msgs/realsense2_camera_msgs/msg/detail/rgbd__type_support.hpp
[1.406s] -- Up-to-date: /home/cam/ros2_ws/src/install/realsense2_camera_msgs/include/realsense2_camera_msgs/realsense2_camera_msgs/msg/detail/metadata__builder.hpp
[1.406s] -- Up-to-date: /home/cam/ros2_ws/src/install/realsense2_camera_msgs/include/realsense2_camera_msgs/realsense2_camera_msgs/msg/detail/rgbd__struct.hpp
[1.406s] -- Up-to-date: /home/cam/ros2_ws/src/install/realsense2_camera_msgs/include/realsense2_camera_msgs/realsense2_camera_msgs/msg/detail/extrinsics__struct.hpp
[1.406s] -- Up-to-date: /home/cam/ros2_ws/src/install/realsense2_camera_msgs/include/realsense2_camera_msgs/realsense2_camera_msgs/msg/detail/rgbd__builder.hpp
[1.406s] -- Up-to-date: /home/cam/ros2_ws/src/install/realsense2_camera_msgs/include/realsense2_camera_msgs/realsense2_camera_msgs/msg/detail/imu_info__type_support.hpp
[1.406s] -- Up-to-date: /home/cam/ros2_ws/src/install/realsense2_camera_msgs/include/realsense2_camera_msgs/realsense2_camera_msgs/msg/detail/imu_info__builder.hpp
[1.406s] -- Up-to-date: /home/cam/ros2_ws/src/install/realsense2_camera_msgs/include/realsense2_camera_msgs/realsense2_camera_msgs/msg/detail/extrinsics__builder.hpp
[1.406s] -- Up-to-date: /home/cam/ros2_ws/src/install/realsense2_camera_msgs/include/realsense2_camera_msgs/realsense2_camera_msgs
[1.406s] -- Up-to-date: /home/cam/ros2_ws/src/install/realsense2_camera_msgs/include/realsense2_camera_msgs/realsense2_camera_msgs/srv
[1.406s] -- Up-to-date: /home/cam/ros2_ws/src/install/realsense2_camera_msgs/include/realsense2_camera_msgs/realsense2_camera_msgs/srv/detail
[1.407s] -- Up-to-date: /home/cam/ros2_ws/src/install/realsense2_camera_msgs/include/realsense2_camera_msgs/realsense2_camera_msgs/srv/detail/device_info__rosidl_typesupport_fastrtps_cpp.hpp
[1.407s] -- Up-to-date: /home/cam/ros2_ws/src/install/realsense2_camera_msgs/include/realsense2_camera_msgs/realsense2_camera_msgs/srv/detail/dds_fastrtps
[1.407s] -- Up-to-date: /home/cam/ros2_ws/src/install/realsense2_camera_msgs/include/realsense2_camera_msgs/realsense2_camera_msgs/msg
[1.407s] -- Up-to-date: /home/cam/ros2_ws/src/install/realsense2_camera_msgs/include/realsense2_camera_msgs/realsense2_camera_msgs/msg/rosidl_typesupport_fastrtps_cpp__visibility_control.h
[1.407s] -- Up-to-date: /home/cam/ros2_ws/src/install/realsense2_camera_msgs/include/realsense2_camera_msgs/realsense2_camera_msgs/msg/detail
[1.407s] -- Up-to-date: /home/cam/ros2_ws/src/install/realsense2_camera_msgs/include/realsense2_camera_msgs/realsense2_camera_msgs/msg/detail/imu_info__rosidl_typesupport_fastrtps_cpp.hpp
[1.407s] -- Up-to-date: /home/cam/ros2_ws/src/install/realsense2_camera_msgs/include/realsense2_camera_msgs/realsense2_camera_msgs/msg/detail/rgbd__rosidl_typesupport_fastrtps_cpp.hpp
[1.407s] -- Up-to-date: /home/cam/ros2_ws/src/install/realsense2_camera_msgs/include/realsense2_camera_msgs/realsense2_camera_msgs/msg/detail/extrinsics__rosidl_typesupport_fastrtps_cpp.hpp
[1.407s] -- Up-to-date: /home/cam/ros2_ws/src/install/realsense2_camera_msgs/include/realsense2_camera_msgs/realsense2_camera_msgs/msg/detail/metadata__rosidl_typesupport_fastrtps_cpp.hpp
[1.407s] -- Up-to-date: /home/cam/ros2_ws/src/install/realsense2_camera_msgs/include/realsense2_camera_msgs/realsense2_camera_msgs/msg/detail/dds_fastrtps
[1.408s] -- Up-to-date: /home/cam/ros2_ws/src/install/realsense2_camera_msgs/lib/librealsense2_camera_msgs__rosidl_typesupport_fastrtps_cpp.so
[1.408s] -- Up-to-date: /home/cam/ros2_ws/src/install/realsense2_camera_msgs/include/realsense2_camera_msgs/realsense2_camera_msgs
[1.409s] -- Up-to-date: /home/cam/ros2_ws/src/install/realsense2_camera_msgs/include/realsense2_camera_msgs/realsense2_camera_msgs/srv
[1.409s] -- Up-to-date: /home/cam/ros2_ws/src/install/realsense2_camera_msgs/include/realsense2_camera_msgs/realsense2_camera_msgs/srv/detail
[1.409s] -- Up-to-date: /home/cam/ros2_ws/src/install/realsense2_camera_msgs/include/realsense2_camera_msgs/realsense2_camera_msgs/srv/detail/device_info__type_support.cpp
[1.409s] -- Up-to-date: /home/cam/ros2_ws/src/install/realsense2_camera_msgs/include/realsense2_camera_msgs/realsense2_camera_msgs/srv/detail/device_info__rosidl_typesupport_introspection_cpp.hpp
[1.409s] -- Up-to-date: /home/cam/ros2_ws/src/install/realsense2_camera_msgs/include/realsense2_camera_msgs/realsense2_camera_msgs/msg
[1.409s] -- Up-to-date: /home/cam/ros2_ws/src/install/realsense2_camera_msgs/include/realsense2_camera_msgs/realsense2_camera_msgs/msg/detail
[1.409s] -- Up-to-date: /home/cam/ros2_ws/src/install/realsense2_camera_msgs/include/realsense2_camera_msgs/realsense2_camera_msgs/msg/detail/metadata__rosidl_typesupport_introspection_cpp.hpp
[1.409s] -- Up-to-date: /home/cam/ros2_ws/src/install/realsense2_camera_msgs/include/realsense2_camera_msgs/realsense2_camera_msgs/msg/detail/rgbd__type_support.cpp
[1.409s] -- Up-to-date: /home/cam/ros2_ws/src/install/realsense2_camera_msgs/include/realsense2_camera_msgs/realsense2_camera_msgs/msg/detail/extrinsics__rosidl_typesupport_introspection_cpp.hpp
[1.409s] -- Up-to-date: /home/cam/ros2_ws/src/install/realsense2_camera_msgs/include/realsense2_camera_msgs/realsense2_camera_msgs/msg/detail/metadata__type_support.cpp
[1.409s] -- Up-to-date: /home/cam/ros2_ws/src/install/realsense2_camera_msgs/include/realsense2_camera_msgs/realsense2_camera_msgs/msg/detail/rgbd__rosidl_typesupport_introspection_cpp.hpp
[1.410s] -- Up-to-date: /home/cam/ros2_ws/src/install/realsense2_camera_msgs/include/realsense2_camera_msgs/realsense2_camera_msgs/msg/detail/extrinsics__type_support.cpp
[1.410s] -- Up-to-date: /home/cam/ros2_ws/src/install/realsense2_camera_msgs/include/realsense2_camera_msgs/realsense2_camera_msgs/msg/detail/imu_info__type_support.cpp
[1.410s] -- Up-to-date: /home/cam/ros2_ws/src/install/realsense2_camera_msgs/include/realsense2_camera_msgs/realsense2_camera_msgs/msg/detail/imu_info__rosidl_typesupport_introspection_cpp.hpp
[1.411s] -- Up-to-date: /home/cam/ros2_ws/src/install/realsense2_camera_msgs/lib/librealsense2_camera_msgs__rosidl_typesupport_introspection_cpp.so
[1.416s] -- Up-to-date: /home/cam/ros2_ws/src/install/realsense2_camera_msgs/lib/librealsense2_camera_msgs__rosidl_typesupport_cpp.so
[1.417s] -- Up-to-date: /home/cam/ros2_ws/src/install/realsense2_camera_msgs/share/realsense2_camera_msgs/environment/pythonpath.sh
[1.417s] -- Up-to-date: /home/cam/ros2_ws/src/install/realsense2_camera_msgs/share/realsense2_camera_msgs/environment/pythonpath.dsv
[1.418s] -- Up-to-date: /home/cam/ros2_ws/src/install/realsense2_camera_msgs/lib/python3.12/site-packages/realsense2_camera_msgs-4.55.1-py3.12.egg-info
[1.419s] -- Installing: /home/cam/ros2_ws/src/install/realsense2_camera_msgs/lib/python3.12/site-packages/realsense2_camera_msgs-4.55.1-py3.12.egg-info/dependency_links.txt
[1.420s] -- Installing: /home/cam/ros2_ws/src/install/realsense2_camera_msgs/lib/python3.12/site-packages/realsense2_camera_msgs-4.55.1-py3.12.egg-info/top_level.txt
[1.421s] -- Installing: /home/cam/ros2_ws/src/install/realsense2_camera_msgs/lib/python3.12/site-packages/realsense2_camera_msgs-4.55.1-py3.12.egg-info/SOURCES.txt
[1.422s] -- Installing: /home/cam/ros2_ws/src/install/realsense2_camera_msgs/lib/python3.12/site-packages/realsense2_camera_msgs-4.55.1-py3.12.egg-info/PKG-INFO
[1.422s] -- Up-to-date: /home/cam/ros2_ws/src/install/realsense2_camera_msgs/lib/python3.12/site-packages/realsense2_camera_msgs
[1.422s] -- Up-to-date: /home/cam/ros2_ws/src/install/realsense2_camera_msgs/lib/python3.12/site-packages/realsense2_camera_msgs/srv
[1.423s] -- Up-to-date: /home/cam/ros2_ws/src/install/realsense2_camera_msgs/lib/python3.12/site-packages/realsense2_camera_msgs/srv/_device_info_s.c
[1.424s] -- Up-to-date: /home/cam/ros2_ws/src/install/realsense2_camera_msgs/lib/python3.12/site-packages/realsense2_camera_msgs/srv/__init__.py
[1.425s] -- Up-to-date: /home/cam/ros2_ws/src/install/realsense2_camera_msgs/lib/python3.12/site-packages/realsense2_camera_msgs/srv/_device_info.py
[1.427s] -- Up-to-date: /home/cam/ros2_ws/src/install/realsense2_camera_msgs/lib/python3.12/site-packages/realsense2_camera_msgs/realsense2_camera_msgs_s__rosidl_typesupport_fastrtps_c.so
[1.428s] -- Up-to-date: /home/cam/ros2_ws/src/install/realsense2_camera_msgs/lib/python3.12/site-packages/realsense2_camera_msgs/_realsense2_camera_msgs_s.ep.rosidl_typesupport_fastrtps_c.c
[1.428s] -- Up-to-date: /home/cam/ros2_ws/src/install/realsense2_camera_msgs/lib/python3.12/site-packages/realsense2_camera_msgs/realsense2_camera_msgs_s__rosidl_typesupport_c.so
[1.428s] -- Up-to-date: /home/cam/ros2_ws/src/install/realsense2_camera_msgs/lib/python3.12/site-packages/realsense2_camera_msgs/msg
[1.428s] -- Up-to-date: /home/cam/ros2_ws/src/install/realsense2_camera_msgs/lib/python3.12/site-packages/realsense2_camera_msgs/msg/_rgbd.py
[1.428s] -- Up-to-date: /home/cam/ros2_ws/src/install/realsense2_camera_msgs/lib/python3.12/site-packages/realsense2_camera_msgs/msg/_extrinsics.py
[1.429s] -- Up-to-date: /home/cam/ros2_ws/src/install/realsense2_camera_msgs/lib/python3.12/site-packages/realsense2_camera_msgs/msg/_rgbd_s.c
[1.429s] -- Up-to-date: /home/cam/ros2_ws/src/install/realsense2_camera_msgs/lib/python3.12/site-packages/realsense2_camera_msgs/msg/__init__.py
[1.429s] -- Up-to-date: /home/cam/ros2_ws/src/install/realsense2_camera_msgs/lib/python3.12/site-packages/realsense2_camera_msgs/msg/_imu_info_s.c
[1.429s] -- Up-to-date: /home/cam/ros2_ws/src/install/realsense2_camera_msgs/lib/python3.12/site-packages/realsense2_camera_msgs/msg/_metadata.py
[1.429s] -- Up-to-date: /home/cam/ros2_ws/src/install/realsense2_camera_msgs/lib/python3.12/site-packages/realsense2_camera_msgs/msg/_imu_info.py
[1.429s] -- Up-to-date: /home/cam/ros2_ws/src/install/realsense2_camera_msgs/lib/python3.12/site-packages/realsense2_camera_msgs/msg/_extrinsics_s.c
[1.429s] -- Up-to-date: /home/cam/ros2_ws/src/install/realsense2_camera_msgs/lib/python3.12/site-packages/realsense2_camera_msgs/msg/_metadata_s.c
[1.429s] -- Up-to-date: /home/cam/ros2_ws/src/install/realsense2_camera_msgs/lib/python3.12/site-packages/realsense2_camera_msgs/realsense2_camera_msgs_s__rosidl_typesupport_introspection_c.so
[1.429s] -- Up-to-date: /home/cam/ros2_ws/src/install/realsense2_camera_msgs/lib/python3.12/site-packages/realsense2_camera_msgs/__init__.py
[1.429s] -- Up-to-date: /home/cam/ros2_ws/src/install/realsense2_camera_msgs/lib/python3.12/site-packages/realsense2_camera_msgs/_realsense2_camera_msgs_s.ep.rosidl_typesupport_introspection_c.c
[1.430s] -- Up-to-date: /home/cam/ros2_ws/src/install/realsense2_camera_msgs/lib/python3.12/site-packages/realsense2_camera_msgs/_realsense2_camera_msgs_s.ep.rosidl_typesupport_c.c
[1.489s] Listing '/home/cam/ros2_ws/src/install/realsense2_camera_msgs/lib/python3.12/site-packages/realsense2_camera_msgs'...
[1.489s] Listing '/home/cam/ros2_ws/src/install/realsense2_camera_msgs/lib/python3.12/site-packages/realsense2_camera_msgs/msg'...
[1.490s] Listing '/home/cam/ros2_ws/src/install/realsense2_camera_msgs/lib/python3.12/site-packages/realsense2_camera_msgs/srv'...
[1.504s] -- Up-to-date: /home/cam/ros2_ws/src/install/realsense2_camera_msgs/lib/python3.12/site-packages/realsense2_camera_msgs/realsense2_camera_msgs_s__rosidl_typesupport_fastrtps_c.so
[1.505s] -- Up-to-date: /home/cam/ros2_ws/src/install/realsense2_camera_msgs/lib/python3.12/site-packages/realsense2_camera_msgs/realsense2_camera_msgs_s__rosidl_typesupport_introspection_c.so
[1.507s] -- Up-to-date: /home/cam/ros2_ws/src/install/realsense2_camera_msgs/lib/python3.12/site-packages/realsense2_camera_msgs/realsense2_camera_msgs_s__rosidl_typesupport_c.so
[1.508s] -- Up-to-date: /home/cam/ros2_ws/src/install/realsense2_camera_msgs/lib/librealsense2_camera_msgs__rosidl_generator_py.so
[1.509s] -- Up-to-date: /home/cam/ros2_ws/src/install/realsense2_camera_msgs/share/realsense2_camera_msgs/msg/IMUInfo.idl
[1.509s] -- Up-to-date: /home/cam/ros2_ws/src/install/realsense2_camera_msgs/share/realsense2_camera_msgs/msg/Extrinsics.idl
[1.509s] -- Up-to-date: /home/cam/ros2_ws/src/install/realsense2_camera_msgs/share/realsense2_camera_msgs/msg/Metadata.idl
[1.509s] -- Up-to-date: /home/cam/ros2_ws/src/install/realsense2_camera_msgs/share/realsense2_camera_msgs/msg/RGBD.idl
[1.509s] -- Up-to-date: /home/cam/ros2_ws/src/install/realsense2_camera_msgs/share/realsense2_camera_msgs/srv/DeviceInfo.idl
[1.509s] -- Up-to-date: /home/cam/ros2_ws/src/install/realsense2_camera_msgs/share/realsense2_camera_msgs/msg/IMUInfo.msg
[1.509s] -- Up-to-date: /home/cam/ros2_ws/src/install/realsense2_camera_msgs/share/realsense2_camera_msgs/msg/Extrinsics.msg
[1.509s] -- Up-to-date: /home/cam/ros2_ws/src/install/realsense2_camera_msgs/share/realsense2_camera_msgs/msg/Metadata.msg
[1.509s] -- Up-to-date: /home/cam/ros2_ws/src/install/realsense2_camera_msgs/share/realsense2_camera_msgs/msg/RGBD.msg
[1.510s] -- Up-to-date: /home/cam/ros2_ws/src/install/realsense2_camera_msgs/share/realsense2_camera_msgs/srv/DeviceInfo.srv
[1.510s] -- Up-to-date: /home/cam/ros2_ws/src/install/realsense2_camera_msgs/share/ament_index/resource_index/package_run_dependencies/realsense2_camera_msgs
[1.510s] -- Up-to-date: /home/cam/ros2_ws/src/install/realsense2_camera_msgs/share/ament_index/resource_index/parent_prefix_path/realsense2_camera_msgs
[1.510s] -- Up-to-date: /home/cam/ros2_ws/src/install/realsense2_camera_msgs/share/realsense2_camera_msgs/environment/ament_prefix_path.sh
[1.510s] -- Up-to-date: /home/cam/ros2_ws/src/install/realsense2_camera_msgs/share/realsense2_camera_msgs/environment/ament_prefix_path.dsv
[1.510s] -- Up-to-date: /home/cam/ros2_ws/src/install/realsense2_camera_msgs/share/realsense2_camera_msgs/environment/path.sh
[1.510s] -- Up-to-date: /home/cam/ros2_ws/src/install/realsense2_camera_msgs/share/realsense2_camera_msgs/environment/path.dsv
[1.510s] -- Up-to-date: /home/cam/ros2_ws/src/install/realsense2_camera_msgs/share/realsense2_camera_msgs/local_setup.bash
[1.510s] -- Up-to-date: /home/cam/ros2_ws/src/install/realsense2_camera_msgs/share/realsense2_camera_msgs/local_setup.sh
[1.511s] -- Up-to-date: /home/cam/ros2_ws/src/install/realsense2_camera_msgs/share/realsense2_camera_msgs/local_setup.zsh
[1.511s] -- Up-to-date: /home/cam/ros2_ws/src/install/realsense2_camera_msgs/share/realsense2_camera_msgs/local_setup.dsv
[1.511s] -- Installing: /home/cam/ros2_ws/src/install/realsense2_camera_msgs/share/realsense2_camera_msgs/package.dsv
[1.511s] -- Up-to-date: /home/cam/ros2_ws/src/install/realsense2_camera_msgs/share/ament_index/resource_index/packages/realsense2_camera_msgs
[1.511s] -- Up-to-date: /home/cam/ros2_ws/src/install/realsense2_camera_msgs/share/realsense2_camera_msgs/cmake/export_realsense2_camera_msgs__rosidl_generator_cExport.cmake
[1.512s] -- Up-to-date: /home/cam/ros2_ws/src/install/realsense2_camera_msgs/share/realsense2_camera_msgs/cmake/export_realsense2_camera_msgs__rosidl_generator_cExport-noconfig.cmake
[1.513s] -- Up-to-date: /home/cam/ros2_ws/src/install/realsense2_camera_msgs/share/realsense2_camera_msgs/cmake/export_realsense2_camera_msgs__rosidl_typesupport_fastrtps_cExport.cmake
[1.514s] -- Up-to-date: /home/cam/ros2_ws/src/install/realsense2_camera_msgs/share/realsense2_camera_msgs/cmake/export_realsense2_camera_msgs__rosidl_typesupport_fastrtps_cExport-noconfig.cmake
[1.516s] -- Up-to-date: /home/cam/ros2_ws/src/install/realsense2_camera_msgs/share/realsense2_camera_msgs/cmake/realsense2_camera_msgs__rosidl_typesupport_introspection_cExport.cmake
[1.518s] -- Up-to-date: /home/cam/ros2_ws/src/install/realsense2_camera_msgs/share/realsense2_camera_msgs/cmake/realsense2_camera_msgs__rosidl_typesupport_introspection_cExport-noconfig.cmake
[1.522s] -- Up-to-date: /home/cam/ros2_ws/src/install/realsense2_camera_msgs/share/realsense2_camera_msgs/cmake/realsense2_camera_msgs__rosidl_typesupport_cExport.cmake
[1.524s] -- Up-to-date: /home/cam/ros2_ws/src/install/realsense2_camera_msgs/share/realsense2_camera_msgs/cmake/realsense2_camera_msgs__rosidl_typesupport_cExport-noconfig.cmake
[1.528s] -- Up-to-date: /home/cam/ros2_ws/src/install/realsense2_camera_msgs/share/realsense2_camera_msgs/cmake/export_realsense2_camera_msgs__rosidl_generator_cppExport.cmake
[1.529s] -- Up-to-date: /home/cam/ros2_ws/src/install/realsense2_camera_msgs/share/realsense2_camera_msgs/cmake/export_realsense2_camera_msgs__rosidl_typesupport_fastrtps_cppExport.cmake
[1.529s] -- Up-to-date: /home/cam/ros2_ws/src/install/realsense2_camera_msgs/share/realsense2_camera_msgs/cmake/export_realsense2_camera_msgs__rosidl_typesupport_fastrtps_cppExport-noconfig.cmake
[1.531s] -- Up-to-date: /home/cam/ros2_ws/src/install/realsense2_camera_msgs/share/realsense2_camera_msgs/cmake/realsense2_camera_msgs__rosidl_typesupport_introspection_cppExport.cmake
[1.532s] -- Up-to-date: /home/cam/ros2_ws/src/install/realsense2_camera_msgs/share/realsense2_camera_msgs/cmake/realsense2_camera_msgs__rosidl_typesupport_introspection_cppExport-noconfig.cmake
[1.537s] -- Up-to-date: /home/cam/ros2_ws/src/install/realsense2_camera_msgs/share/realsense2_camera_msgs/cmake/realsense2_camera_msgs__rosidl_typesupport_cppExport.cmake
[1.538s] -- Up-to-date: /home/cam/ros2_ws/src/install/realsense2_camera_msgs/share/realsense2_camera_msgs/cmake/realsense2_camera_msgs__rosidl_typesupport_cppExport-noconfig.cmake
[1.539s] -- Up-to-date: /home/cam/ros2_ws/src/install/realsense2_camera_msgs/share/realsense2_camera_msgs/cmake/export_realsense2_camera_msgs__rosidl_generator_pyExport.cmake
[1.540s] -- Up-to-date: /home/cam/ros2_ws/src/install/realsense2_camera_msgs/share/realsense2_camera_msgs/cmake/export_realsense2_camera_msgs__rosidl_generator_pyExport-noconfig.cmake
[1.540s] -- Up-to-date: /home/cam/ros2_ws/src/install/realsense2_camera_msgs/share/realsense2_camera_msgs/cmake/rosidl_cmake-extras.cmake
[1.540s] -- Up-to-date: /home/cam/ros2_ws/src/install/realsense2_camera_msgs/share/realsense2_camera_msgs/cmake/ament_cmake_export_dependencies-extras.cmake
[1.540s] -- Up-to-date: /home/cam/ros2_ws/src/install/realsense2_camera_msgs/share/realsense2_camera_msgs/cmake/ament_cmake_export_include_directories-extras.cmake
[1.541s] -- Up-to-date: /home/cam/ros2_ws/src/install/realsense2_camera_msgs/share/realsense2_camera_msgs/cmake/ament_cmake_export_libraries-extras.cmake
[1.541s] -- Up-to-date: /home/cam/ros2_ws/src/install/realsense2_camera_msgs/share/realsense2_camera_msgs/cmake/ament_cmake_export_targets-extras.cmake
[1.541s] -- Up-to-date: /home/cam/ros2_ws/src/install/realsense2_camera_msgs/share/realsense2_camera_msgs/cmake/rosidl_cmake_export_typesupport_targets-extras.cmake
[1.541s] -- Up-to-date: /home/cam/ros2_ws/src/install/realsense2_camera_msgs/share/realsense2_camera_msgs/cmake/rosidl_cmake_export_typesupport_libraries-extras.cmake
[1.541s] -- Up-to-date: /home/cam/ros2_ws/src/install/realsense2_camera_msgs/share/realsense2_camera_msgs/cmake/realsense2_camera_msgsConfig.cmake
[1.541s] -- Up-to-date: /home/cam/ros2_ws/src/install/realsense2_camera_msgs/share/realsense2_camera_msgs/cmake/realsense2_camera_msgsConfig-version.cmake
[1.542s] -- Up-to-date: /home/cam/ros2_ws/src/install/realsense2_camera_msgs/share/realsense2_camera_msgs/package.xml
[1.546s] Invoked command in '/home/cam/ros2_ws/src/build/realsense2_camera_msgs' returned '0': CMAKE_PREFIX_PATH=${CMAKE_PREFIX_PATH}:/opt/ros/jazzy DEBUGINFOD_URLS=https://debuginfod.ubuntu.com /usr/bin/cmake --install /home/cam/ros2_ws/src/build/realsense2_camera_msgs
