[0.068s] Invoking command in '/home/cam/ros2_ws/src/build/realsense2_description': AMENT_PREFIX_PATH=/home/cam/ros2_ws/src/install/realsense2_camera_msgs:${AMENT_PREFIX_PATH} CMAKE_PREFIX_PATH=/home/cam/ros2_ws/src/install/realsense2_camera_msgs:/home/cam/ros2_ws/install/robot_testing:/home/cam/ros2_ws/install/realsense2_description:/home/cam/ros2_ws/install/realsense2_camera:/home/cam/ros2_ws/install/realsense2_camera_msgs:/home/cam/ros2_ws/install/micro_ros_agent:/opt/ros/jazzy/opt/gz_sim_vendor:/opt/ros/jazzy/opt/gz_sensors_vendor:/opt/ros/jazzy/opt/gz_physics_vendor:/opt/ros/jazzy/opt/sdformat_vendor:/opt/ros/jazzy/opt/gz_gui_vendor:/opt/ros/jazzy/opt/gz_transport_vendor:/opt/ros/jazzy/opt/gz_rendering_vendor:/opt/ros/jazzy/opt/gz_plugin_vendor:/opt/ros/jazzy/opt/gz_fuel_tools_vendor:/opt/ros/jazzy/opt/gz_msgs_vendor:/opt/ros/jazzy/opt/gz_common_vendor:/opt/ros/jazzy/opt/gz_math_vendor:/opt/ros/jazzy/opt/gz_utils_vendor:/opt/ros/jazzy/opt/gz_tools_vendor:/opt/ros/jazzy/opt/gz_ogre_next_vendor:/opt/ros/jazzy/opt/gz_dartsim_vendor:/opt/ros/jazzy/opt/gz_cmake_vendor:/opt/ros/jazzy DEBUGINFOD_URLS=https://debuginfod.ubuntu.com LD_LIBRARY_PATH=/home/cam/ros2_ws/src/install/realsense2_camera_msgs/lib:${LD_LIBRARY_PATH} PYTHONPATH=/home/cam/ros2_ws/src/install/realsense2_camera_msgs/lib/python3.12/site-packages:${PYTHONPATH} /usr/bin/cmake --build /home/cam/ros2_ws/src/build/realsense2_description -- -j4 -l4
[0.200s] Invoked command in '/home/cam/ros2_ws/src/build/realsense2_description' returned '0': AMENT_PREFIX_PATH=/home/cam/ros2_ws/src/install/realsense2_camera_msgs:${AMENT_PREFIX_PATH} CMAKE_PREFIX_PATH=/home/cam/ros2_ws/src/install/realsense2_camera_msgs:/home/cam/ros2_ws/install/robot_testing:/home/cam/ros2_ws/install/realsense2_description:/home/cam/ros2_ws/install/realsense2_camera:/home/cam/ros2_ws/install/realsense2_camera_msgs:/home/cam/ros2_ws/install/micro_ros_agent:/opt/ros/jazzy/opt/gz_sim_vendor:/opt/ros/jazzy/opt/gz_sensors_vendor:/opt/ros/jazzy/opt/gz_physics_vendor:/opt/ros/jazzy/opt/sdformat_vendor:/opt/ros/jazzy/opt/gz_gui_vendor:/opt/ros/jazzy/opt/gz_transport_vendor:/opt/ros/jazzy/opt/gz_rendering_vendor:/opt/ros/jazzy/opt/gz_plugin_vendor:/opt/ros/jazzy/opt/gz_fuel_tools_vendor:/opt/ros/jazzy/opt/gz_msgs_vendor:/opt/ros/jazzy/opt/gz_common_vendor:/opt/ros/jazzy/opt/gz_math_vendor:/opt/ros/jazzy/opt/gz_utils_vendor:/opt/ros/jazzy/opt/gz_tools_vendor:/opt/ros/jazzy/opt/gz_ogre_next_vendor:/opt/ros/jazzy/opt/gz_dartsim_vendor:/opt/ros/jazzy/opt/gz_cmake_vendor:/opt/ros/jazzy DEBUGINFOD_URLS=https://debuginfod.ubuntu.com LD_LIBRARY_PATH=/home/cam/ros2_ws/src/install/realsense2_camera_msgs/lib:${LD_LIBRARY_PATH} PYTHONPATH=/home/cam/ros2_ws/src/install/realsense2_camera_msgs/lib/python3.12/site-packages:${PYTHONPATH} /usr/bin/cmake --build /home/cam/ros2_ws/src/build/realsense2_description -- -j4 -l4
[0.205s] Invoking command in '/home/cam/ros2_ws/src/build/realsense2_description': AMENT_PREFIX_PATH=/home/cam/ros2_ws/src/install/realsense2_camera_msgs:${AMENT_PREFIX_PATH} CMAKE_PREFIX_PATH=/home/cam/ros2_ws/src/install/realsense2_camera_msgs:/home/cam/ros2_ws/install/robot_testing:/home/cam/ros2_ws/install/realsense2_description:/home/cam/ros2_ws/install/realsense2_camera:/home/cam/ros2_ws/install/realsense2_camera_msgs:/home/cam/ros2_ws/install/micro_ros_agent:/opt/ros/jazzy/opt/gz_sim_vendor:/opt/ros/jazzy/opt/gz_sensors_vendor:/opt/ros/jazzy/opt/gz_physics_vendor:/opt/ros/jazzy/opt/sdformat_vendor:/opt/ros/jazzy/opt/gz_gui_vendor:/opt/ros/jazzy/opt/gz_transport_vendor:/opt/ros/jazzy/opt/gz_rendering_vendor:/opt/ros/jazzy/opt/gz_plugin_vendor:/opt/ros/jazzy/opt/gz_fuel_tools_vendor:/opt/ros/jazzy/opt/gz_msgs_vendor:/opt/ros/jazzy/opt/gz_common_vendor:/opt/ros/jazzy/opt/gz_math_vendor:/opt/ros/jazzy/opt/gz_utils_vendor:/opt/ros/jazzy/opt/gz_tools_vendor:/opt/ros/jazzy/opt/gz_ogre_next_vendor:/opt/ros/jazzy/opt/gz_dartsim_vendor:/opt/ros/jazzy/opt/gz_cmake_vendor:/opt/ros/jazzy DEBUGINFOD_URLS=https://debuginfod.ubuntu.com LD_LIBRARY_PATH=/home/cam/ros2_ws/src/install/realsense2_camera_msgs/lib:${LD_LIBRARY_PATH} PYTHONPATH=/home/cam/ros2_ws/src/install/realsense2_camera_msgs/lib/python3.12/site-packages:${PYTHONPATH} /usr/bin/cmake --install /home/cam/ros2_ws/src/build/realsense2_description
[0.226s] -- Install configuration: ""
[0.226s] -- Up-to-date: /home/cam/ros2_ws/src/install/realsense2_description/share/realsense2_description/launch
[0.226s] -- Up-to-date: /home/cam/ros2_ws/src/install/realsense2_description/share/realsense2_description/launch/launch_utils.py
[0.226s] -- Up-to-date: /home/cam/ros2_ws/src/install/realsense2_description/share/realsense2_description/launch/view_model.launch.py
[0.227s] -- Up-to-date: /home/cam/ros2_ws/src/install/realsense2_description/share/realsense2_description/meshes
[0.227s] -- Up-to-date: /home/cam/ros2_ws/src/install/realsense2_description/share/realsense2_description/meshes/d455.stl
[0.229s] -- Up-to-date: /home/cam/ros2_ws/src/install/realsense2_description/share/realsense2_description/meshes/d435.dae
[0.229s] -- Up-to-date: /home/cam/ros2_ws/src/install/realsense2_description/share/realsense2_description/meshes/l515.dae
[0.229s] -- Up-to-date: /home/cam/ros2_ws/src/install/realsense2_description/share/realsense2_description/meshes/plug.stl
[0.230s] -- Up-to-date: /home/cam/ros2_ws/src/install/realsense2_description/share/realsense2_description/meshes/d405.stl
[0.230s] -- Up-to-date: /home/cam/ros2_ws/src/install/realsense2_description/share/realsense2_description/meshes/d415.stl
[0.230s] -- Up-to-date: /home/cam/ros2_ws/src/install/realsense2_description/share/realsense2_description/meshes/plug_collision.stl
[0.230s] -- Up-to-date: /home/cam/ros2_ws/src/install/realsense2_description/share/realsense2_description/rviz
[0.230s] -- Up-to-date: /home/cam/ros2_ws/src/install/realsense2_description/share/realsense2_description/rviz/urdf.rviz
[0.230s] -- Up-to-date: /home/cam/ros2_ws/src/install/realsense2_description/share/realsense2_description/urdf
[0.230s] -- Up-to-date: /home/cam/ros2_ws/src/install/realsense2_description/share/realsense2_description/urdf/test_r430_camera.urdf.xacro
[0.232s] -- Up-to-date: /home/cam/ros2_ws/src/install/realsense2_description/share/realsense2_description/urdf/test_d455_camera.urdf.xacro
[0.232s] -- Up-to-date: /home/cam/ros2_ws/src/install/realsense2_description/share/realsense2_description/urdf/test_d405_camera.urdf.xacro
[0.233s] -- Up-to-date: /home/cam/ros2_ws/src/install/realsense2_description/share/realsense2_description/urdf/_d455.urdf.xacro
[0.233s] -- Up-to-date: /home/cam/ros2_ws/src/install/realsense2_description/share/realsense2_description/urdf/_d405.urdf.xacro
[0.233s] -- Up-to-date: /home/cam/ros2_ws/src/install/realsense2_description/share/realsense2_description/urdf/test_d435_multiple_cameras.urdf.xacro
[0.233s] -- Up-to-date: /home/cam/ros2_ws/src/install/realsense2_description/share/realsense2_description/urdf/test_r410_camera.urdf.xacro
[0.233s] -- Up-to-date: /home/cam/ros2_ws/src/install/realsense2_description/share/realsense2_description/urdf/_usb_plug.urdf.xacro
[0.233s] -- Up-to-date: /home/cam/ros2_ws/src/install/realsense2_description/share/realsense2_description/urdf/_d435i_imu_modules.urdf.xacro
[0.233s] -- Up-to-date: /home/cam/ros2_ws/src/install/realsense2_description/share/realsense2_description/urdf/_r410.urdf.xacro
[0.233s] -- Up-to-date: /home/cam/ros2_ws/src/install/realsense2_description/share/realsense2_description/urdf/test_d435_camera.urdf.xacro
[0.233s] -- Up-to-date: /home/cam/ros2_ws/src/install/realsense2_description/share/realsense2_description/urdf/_materials.urdf.xacro
[0.233s] -- Up-to-date: /home/cam/ros2_ws/src/install/realsense2_description/share/realsense2_description/urdf/_r430.urdf.xacro
[0.234s] -- Up-to-date: /home/cam/ros2_ws/src/install/realsense2_description/share/realsense2_description/urdf/test_d415_camera.urdf.xacro
[0.234s] -- Up-to-date: /home/cam/ros2_ws/src/install/realsense2_description/share/realsense2_description/urdf/_d435.urdf.xacro
[0.234s] -- Up-to-date: /home/cam/ros2_ws/src/install/realsense2_description/share/realsense2_description/urdf/test_d435i_camera.urdf.xacro
[0.234s] -- Up-to-date: /home/cam/ros2_ws/src/install/realsense2_description/share/realsense2_description/urdf/_d415.urdf.xacro
[0.245s] -- Up-to-date: /home/cam/ros2_ws/src/install/realsense2_description/share/realsense2_description/urdf/_d435i.urdf.xacro
[0.246s] -- Up-to-date: /home/cam/ros2_ws/src/install/realsense2_description/share/ament_index/resource_index/package_run_dependencies/realsense2_description
[0.246s] -- Up-to-date: /home/cam/ros2_ws/src/install/realsense2_description/share/ament_index/resource_index/parent_prefix_path/realsense2_description
[0.246s] -- Up-to-date: /home/cam/ros2_ws/src/install/realsense2_description/share/realsense2_description/environment/ament_prefix_path.sh
[0.246s] -- Up-to-date: /home/cam/ros2_ws/src/install/realsense2_description/share/realsense2_description/environment/ament_prefix_path.dsv
[0.246s] -- Up-to-date: /home/cam/ros2_ws/src/install/realsense2_description/share/realsense2_description/environment/path.sh
[0.246s] -- Up-to-date: /home/cam/ros2_ws/src/install/realsense2_description/share/realsense2_description/environment/path.dsv
[0.246s] -- Up-to-date: /home/cam/ros2_ws/src/install/realsense2_description/share/realsense2_description/local_setup.bash
[0.246s] -- Up-to-date: /home/cam/ros2_ws/src/install/realsense2_description/share/realsense2_description/local_setup.sh
[0.246s] -- Up-to-date: /home/cam/ros2_ws/src/install/realsense2_description/share/realsense2_description/local_setup.zsh
[0.246s] -- Up-to-date: /home/cam/ros2_ws/src/install/realsense2_description/share/realsense2_description/local_setup.dsv
[0.246s] -- Installing: /home/cam/ros2_ws/src/install/realsense2_description/share/realsense2_description/package.dsv
[0.247s] -- Up-to-date: /home/cam/ros2_ws/src/install/realsense2_description/share/ament_index/resource_index/packages/realsense2_description
[0.247s] -- Up-to-date: /home/cam/ros2_ws/src/install/realsense2_description/share/realsense2_description/cmake/realsense2_descriptionConfig.cmake
[0.247s] -- Up-to-date: /home/cam/ros2_ws/src/install/realsense2_description/share/realsense2_description/cmake/realsense2_descriptionConfig-version.cmake
[0.247s] -- Up-to-date: /home/cam/ros2_ws/src/install/realsense2_description/share/realsense2_description/package.xml
[0.247s] Invoked command in '/home/cam/ros2_ws/src/build/realsense2_description' returned '0': AMENT_PREFIX_PATH=/home/cam/ros2_ws/src/install/realsense2_camera_msgs:${AMENT_PREFIX_PATH} CMAKE_PREFIX_PATH=/home/cam/ros2_ws/src/install/realsense2_camera_msgs:/home/cam/ros2_ws/install/robot_testing:/home/cam/ros2_ws/install/realsense2_description:/home/cam/ros2_ws/install/realsense2_camera:/home/cam/ros2_ws/install/realsense2_camera_msgs:/home/cam/ros2_ws/install/micro_ros_agent:/opt/ros/jazzy/opt/gz_sim_vendor:/opt/ros/jazzy/opt/gz_sensors_vendor:/opt/ros/jazzy/opt/gz_physics_vendor:/opt/ros/jazzy/opt/sdformat_vendor:/opt/ros/jazzy/opt/gz_gui_vendor:/opt/ros/jazzy/opt/gz_transport_vendor:/opt/ros/jazzy/opt/gz_rendering_vendor:/opt/ros/jazzy/opt/gz_plugin_vendor:/opt/ros/jazzy/opt/gz_fuel_tools_vendor:/opt/ros/jazzy/opt/gz_msgs_vendor:/opt/ros/jazzy/opt/gz_common_vendor:/opt/ros/jazzy/opt/gz_math_vendor:/opt/ros/jazzy/opt/gz_utils_vendor:/opt/ros/jazzy/opt/gz_tools_vendor:/opt/ros/jazzy/opt/gz_ogre_next_vendor:/opt/ros/jazzy/opt/gz_dartsim_vendor:/opt/ros/jazzy/opt/gz_cmake_vendor:/opt/ros/jazzy DEBUGINFOD_URLS=https://debuginfod.ubuntu.com LD_LIBRARY_PATH=/home/cam/ros2_ws/src/install/realsense2_camera_msgs/lib:${LD_LIBRARY_PATH} PYTHONPATH=/home/cam/ros2_ws/src/install/realsense2_camera_msgs/lib/python3.12/site-packages:${PYTHONPATH} /usr/bin/cmake --install /home/cam/ros2_ws/src/build/realsense2_description
